[1.189s] Invoking command in '/home/inteli/Documentos/culling_games/src/cg_teleop': DEBUGINFOD_URLS=https://debuginfod.ubuntu.com PYTHONPATH=/home/inteli/Documentos/culling_games/build/cg_teleop/prefix_override:/usr/lib/python3/dist-packages/colcon_core/task/python/colcon_distutils_commands:/home/inteli/Documentos/culling_games/install/cg_teleop/lib/python3.12/site-packages:/home/inteli/Documentos/culling_games/install/cg_interfaces/lib/python3.12/site-packages:/home/inteli/Documentos/culling_games/install/cg_teleop/lib/python3.12/site-packages:/home/inteli/Documentos/culling_games/install/cg/lib/python3.12/site-packages:/opt/ros/jazzy/lib/python3.12/site-packages /usr/bin/python3 -W ignore:setup.py install is deprecated -W ignore:easy_install command is deprecated setup.py egg_info --egg-base ../../build/cg_teleop build --build-base /home/inteli/Documentos/culling_games/build/cg_teleop/build install --record /home/inteli/Documentos/culling_games/build/cg_teleop/install.log --single-version-externally-managed install_data
[1.470s] running egg_info
[1.489s] writing ../../build/cg_teleop/cg_teleop.egg-info/PKG-INFO
[1.491s] writing dependency_links to ../../build/cg_teleop/cg_teleop.egg-info/dependency_links.txt
[1.491s] writing entry points to ../../build/cg_teleop/cg_teleop.egg-info/entry_points.txt
[1.492s] writing requirements to ../../build/cg_teleop/cg_teleop.egg-info/requires.txt
[1.494s] writing top-level names to ../../build/cg_teleop/cg_teleop.egg-info/top_level.txt
[1.546s] reading manifest file '../../build/cg_teleop/cg_teleop.egg-info/SOURCES.txt'
[1.548s] writing manifest file '../../build/cg_teleop/cg_teleop.egg-info/SOURCES.txt'
[1.548s] running build
[1.548s] running build_py
[1.549s] running install
[1.556s] running install_lib
[1.575s] running install_data
[1.576s] running install_egg_info
[1.590s] removing '/home/inteli/Documentos/culling_games/install/cg_teleop/lib/python3.12/site-packages/cg_teleop-0.0.0-py3.12.egg-info' (and everything under it)
[1.590s] Copying ../../build/cg_teleop/cg_teleop.egg-info to /home/inteli/Documentos/culling_games/install/cg_teleop/lib/python3.12/site-packages/cg_teleop-0.0.0-py3.12.egg-info
[1.592s] running install_scripts
[1.772s] Installing teleop_keyboard script to /home/inteli/Documentos/culling_games/install/cg_teleop/lib/cg_teleop
[1.772s] writing list of installed files to '/home/inteli/Documentos/culling_games/build/cg_teleop/install.log'
[1.815s] Invoked command in '/home/inteli/Documentos/culling_games/src/cg_teleop' returned '0': DEBUGINFOD_URLS=https://debuginfod.ubuntu.com PYTHONPATH=/home/inteli/Documentos/culling_games/build/cg_teleop/prefix_override:/usr/lib/python3/dist-packages/colcon_core/task/python/colcon_distutils_commands:/home/inteli/Documentos/culling_games/install/cg_teleop/lib/python3.12/site-packages:/home/inteli/Documentos/culling_games/install/cg_interfaces/lib/python3.12/site-packages:/home/inteli/Documentos/culling_games/install/cg_teleop/lib/python3.12/site-packages:/home/inteli/Documentos/culling_games/install/cg/lib/python3.12/site-packages:/opt/ros/jazzy/lib/python3.12/site-packages /usr/bin/python3 -W ignore:setup.py install is deprecated -W ignore:easy_install command is deprecated setup.py egg_info --egg-base ../../build/cg_teleop build --build-base /home/inteli/Documentos/culling_games/build/cg_teleop/build install --record /home/inteli/Documentos/culling_games/build/cg_teleop/install.log --single-version-externally-managed install_data
