[0.376s] Invoking command in '/home/inteli/Documentos/culling_games/build/cg_solver': AMENT_PREFIX_PATH=/home/inteli/Documentos/culling_games/install/cg_interfaces:${AMENT_PREFIX_PATH} CMAKE_PREFIX_PATH=/home/inteli/Documentos/culling_games/install/cg_interfaces:${CMAKE_PREFIX_PATH} DEBUGINFOD_URLS=https://debuginfod.ubuntu.com LD_LIBRARY_PATH=/home/inteli/Documentos/culling_games/install/cg_interfaces/lib:${LD_LIBRARY_PATH} PYTHONPATH=/home/inteli/Documentos/culling_games/install/cg_interfaces/lib/python3.12/site-packages:${PYTHONPATH} /usr/bin/cmake /home/inteli/Documentos/culling_games/src/cg_solver -DCMAKE_INSTALL_PREFIX=/home/inteli/Documentos/culling_games/install/cg_solver
[0.397s] -- Found ament_cmake: 2.5.4 (/opt/ros/jazzy/share/ament_cmake/cmake)
[0.779s] -- Found rclcpp: 28.1.13 (/opt/ros/jazzy/share/rclcpp/cmake)
[0.827s] -- Found rosidl_generator_c: 4.6.6 (/opt/ros/jazzy/share/rosidl_generator_c/cmake)
[0.844s] -- Found rosidl_generator_cpp: 4.6.6 (/opt/ros/jazzy/share/rosidl_generator_cpp/cmake)
[0.865s] -- Using all available rosidl_typesupport_c: rosidl_typesupport_fastrtps_c;rosidl_typesupport_introspection_c
[0.891s] -- Using all available rosidl_typesupport_cpp: rosidl_typesupport_fastrtps_cpp;rosidl_typesupport_introspection_cpp
[1.024s] -- Found rmw_implementation_cmake: 7.3.2 (/opt/ros/jazzy/share/rmw_implementation_cmake/cmake)
[1.026s] -- Found rmw_fastrtps_cpp: 8.4.3 (/opt/ros/jazzy/share/rmw_fastrtps_cpp/cmake)
[1.149s] -- Using RMW implementation 'rmw_fastrtps_cpp' as default
[1.293s] -- Found cg_interfaces: 0.0.0 (/home/inteli/Documentos/culling_games/install/cg_interfaces/share/cg_interfaces/cmake)
[1.331s] -- Found ament_lint_auto: 0.17.3 (/opt/ros/jazzy/share/ament_lint_auto/cmake)
[1.468s] Error parsing '/home/inteli/Documentos/culling_games/src/cg_solver/package.xml':
[3.432s] Traceback (most recent call last):
[3.433s]   File "/opt/ros/jazzy/share/ament_cmake_core/cmake/core/package_xml_2_cmake.py", line 150, in <module>
[3.433s]     main()
[3.433s]   File "/opt/ros/jazzy/share/ament_cmake_core/cmake/core/package_xml_2_cmake.py", line 53, in main
[3.433s]     raise e
[3.433s]   File "/opt/ros/jazzy/share/ament_cmake_core/cmake/core/package_xml_2_cmake.py", line 49, in main
[3.433s]     package = parse_package_string(
[3.433s]               ^^^^^^^^^^^^^^^^^^^^^
[3.434s]   File "/usr/lib/python3/dist-packages/catkin_pkg/package.py", line 788, in parse_package_string
[3.434s]     pkg.validate(warnings=warnings)
[3.434s]   File "/usr/lib/python3/dist-packages/catkin_pkg/package.py", line 330, in validate
[3.434s]     raise InvalidPackage('\n'.join(errors), self.filename)
[3.434s] catkin_pkg.package.InvalidPackage: Error(s) in package '/home/inteli/Documentos/culling_games/src/cg_solver/package.xml':
[3.434s] The package "cg_solver" must not "build_depend" on a package with the same name as this package
[3.434s] The package "cg_solver" must not "build_export_depend" on a package with the same name as this package
[3.435s] The package "cg_solver" must not "exec_depend" on a package with the same name as this package
[3.477s] [31mCMake Error at /opt/ros/jazzy/share/ament_cmake_core/cmake/core/ament_package_xml.cmake:95 (message):
[3.477s]   execute_process(/usr/bin/python3
[3.477s]   /opt/ros/jazzy/share/ament_cmake_core/cmake/core/package_xml_2_cmake.py
[3.478s]   /home/inteli/Documentos/culling_games/src/cg_solver/package.xml
[3.478s]   /home/inteli/Documentos/culling_games/build/cg_solver/ament_cmake_core/package.cmake)
[3.478s]   returned error code 1
[3.478s] Call Stack (most recent call first):
[3.478s]   /opt/ros/jazzy/share/ament_cmake_core/cmake/core/ament_package_xml.cmake:49 (_ament_package_xml)
[3.478s]   /opt/ros/jazzy/share/ament_lint_auto/cmake/ament_lint_auto_find_test_dependencies.cmake:31 (ament_package_xml)
[3.478s]   CMakeLists.txt:28 (ament_lint_auto_find_test_dependencies)
[3.478s] 
[3.479s] [0m
[3.479s] -- Configuring incomplete, errors occurred!
[3.489s] Invoked command in '/home/inteli/Documentos/culling_games/build/cg_solver' returned '1': AMENT_PREFIX_PATH=/home/inteli/Documentos/culling_games/install/cg_interfaces:${AMENT_PREFIX_PATH} CMAKE_PREFIX_PATH=/home/inteli/Documentos/culling_games/install/cg_interfaces:${CMAKE_PREFIX_PATH} DEBUGINFOD_URLS=https://debuginfod.ubuntu.com LD_LIBRARY_PATH=/home/inteli/Documentos/culling_games/install/cg_interfaces/lib:${LD_LIBRARY_PATH} PYTHONPATH=/home/inteli/Documentos/culling_games/install/cg_interfaces/lib/python3.12/site-packages:${PYTHONPATH} /usr/bin/cmake /home/inteli/Documentos/culling_games/src/cg_solver -DCMAKE_INSTALL_PREFIX=/home/inteli/Documentos/culling_games/install/cg_solver
