[0.125s] DEBUG:colcon:Command line arguments: ['/usr/bin/colcon', 'build', '--packages-select', 'cg_solver']
[0.125s] DEBUG:colcon:Parsed command line arguments: Namespace(log_base=None, log_level=None, verb_name='build', build_base='build', install_base='install', merge_install=False, symlink_install=False, test_result_base=None, continue_on_error=False, executor='parallel', parallel_workers=12, event_handlers=None, ignore_user_meta=False, metas=['./colcon.meta'], base_paths=['.'], packages_ignore=None, packages_ignore_regex=None, paths=None, packages_up_to=None, packages_up_to_regex=None, packages_above=None, packages_above_and_dependencies=None, packages_above_depth=None, packages_select_by_dep=None, packages_skip_by_dep=None, packages_skip_up_to=None, packages_select_build_failed=False, packages_skip_build_finished=False, packages_select_test_failures=False, packages_skip_test_passed=False, packages_select=['cg_solver'], packages_skip=None, packages_select_regex=None, packages_skip_regex=None, packages_start=None, packages_end=None, cmake_args=None, cmake_target=None, cmake_target_skip_unavailable=False, cmake_clean_cache=False, cmake_clean_first=False, cmake_force_configure=False, ament_cmake_args=None, catkin_cmake_args=None, catkin_skip_building_tests=False, verb_parser=<colcon_defaults.argument_parser.defaults.DefaultArgumentsDecorator object at 0x74f8bc5088f0>, verb_extension=<colcon_core.verb.build.BuildVerb object at 0x74f8bc68e570>, main=<bound method BuildVerb.main of <colcon_core.verb.build.BuildVerb object at 0x74f8bc68e570>>)
[0.175s] Level 1:colcon.colcon_core.package_discovery:discover_packages(colcon_meta) check parameters
[0.175s] Level 1:colcon.colcon_core.package_discovery:discover_packages(recursive) check parameters
[0.175s] Level 1:colcon.colcon_core.package_discovery:discover_packages(ignore) check parameters
[0.175s] Level 1:colcon.colcon_core.package_discovery:discover_packages(path) check parameters
[0.175s] Level 1:colcon.colcon_core.package_discovery:discover_packages(colcon_meta) discover
[0.176s] Level 1:colcon.colcon_core.package_discovery:discover_packages(recursive) discover
[0.176s] INFO:colcon.colcon_core.package_discovery:Crawling recursively for packages in '/home/inteli/Documentos/culling_games'
[0.176s] Level 1:colcon.colcon_core.package_identification:_identify(.) by extensions ['ignore', 'ignore_ament_install']
[0.176s] Level 1:colcon.colcon_core.package_identification:_identify(.) by extension 'ignore'
[0.176s] Level 1:colcon.colcon_core.package_identification:_identify(.) by extension 'ignore_ament_install'
[0.176s] Level 1:colcon.colcon_core.package_identification:_identify(.) by extensions ['colcon_pkg']
[0.176s] Level 1:colcon.colcon_core.package_identification:_identify(.) by extension 'colcon_pkg'
[0.176s] Level 1:colcon.colcon_core.package_identification:_identify(.) by extensions ['colcon_meta']
[0.176s] Level 1:colcon.colcon_core.package_identification:_identify(.) by extension 'colcon_meta'
[0.176s] Level 1:colcon.colcon_core.package_identification:_identify(.) by extensions ['ros']
[0.176s] Level 1:colcon.colcon_core.package_identification:_identify(.) by extension 'ros'
[0.210s] Level 1:colcon.colcon_core.package_identification:_identify(.) by extensions ['cmake', 'python']
[0.210s] Level 1:colcon.colcon_core.package_identification:_identify(.) by extension 'cmake'
[0.210s] Level 1:colcon.colcon_core.package_identification:_identify(.) by extension 'python'
[0.210s] Level 1:colcon.colcon_core.package_identification:_identify(.) by extensions ['python_setup_py']
[0.210s] Level 1:colcon.colcon_core.package_identification:_identify(.) by extension 'python_setup_py'
[0.210s] Level 1:colcon.colcon_core.package_identification:_identify(build) by extensions ['ignore', 'ignore_ament_install']
[0.210s] Level 1:colcon.colcon_core.package_identification:_identify(build) by extension 'ignore'
[0.210s] Level 1:colcon.colcon_core.package_identification:_identify(build) ignored
[0.210s] Level 1:colcon.colcon_core.package_identification:_identify(install) by extensions ['ignore', 'ignore_ament_install']
[0.211s] Level 1:colcon.colcon_core.package_identification:_identify(install) by extension 'ignore'
[0.211s] Level 1:colcon.colcon_core.package_identification:_identify(install) ignored
[0.211s] Level 1:colcon.colcon_core.package_identification:_identify(lobotomy_kaisen) by extensions ['ignore', 'ignore_ament_install']
[0.211s] Level 1:colcon.colcon_core.package_identification:_identify(lobotomy_kaisen) by extension 'ignore'
[0.211s] Level 1:colcon.colcon_core.package_identification:_identify(lobotomy_kaisen) by extension 'ignore_ament_install'
[0.211s] Level 1:colcon.colcon_core.package_identification:_identify(lobotomy_kaisen) by extensions ['colcon_pkg']
[0.211s] Level 1:colcon.colcon_core.package_identification:_identify(lobotomy_kaisen) by extension 'colcon_pkg'
[0.211s] Level 1:colcon.colcon_core.package_identification:_identify(lobotomy_kaisen) by extensions ['colcon_meta']
[0.211s] Level 1:colcon.colcon_core.package_identification:_identify(lobotomy_kaisen) by extension 'colcon_meta'
[0.211s] Level 1:colcon.colcon_core.package_identification:_identify(lobotomy_kaisen) by extensions ['ros']
[0.211s] Level 1:colcon.colcon_core.package_identification:_identify(lobotomy_kaisen) by extension 'ros'
[0.211s] Level 1:colcon.colcon_core.package_identification:_identify(lobotomy_kaisen) by extensions ['cmake', 'python']
[0.211s] Level 1:colcon.colcon_core.package_identification:_identify(lobotomy_kaisen) by extension 'cmake'
[0.211s] Level 1:colcon.colcon_core.package_identification:_identify(lobotomy_kaisen) by extension 'python'
[0.211s] Level 1:colcon.colcon_core.package_identification:_identify(lobotomy_kaisen) by extensions ['python_setup_py']
[0.211s] Level 1:colcon.colcon_core.package_identification:_identify(lobotomy_kaisen) by extension 'python_setup_py'
[0.211s] Level 1:colcon.colcon_core.package_identification:_identify(log) by extensions ['ignore', 'ignore_ament_install']
[0.211s] Level 1:colcon.colcon_core.package_identification:_identify(log) by extension 'ignore'
[0.212s] Level 1:colcon.colcon_core.package_identification:_identify(log) ignored
[0.212s] Level 1:colcon.colcon_core.package_identification:_identify(src) by extensions ['ignore', 'ignore_ament_install']
[0.212s] Level 1:colcon.colcon_core.package_identification:_identify(src) by extension 'ignore'
[0.212s] Level 1:colcon.colcon_core.package_identification:_identify(src) by extension 'ignore_ament_install'
[0.212s] Level 1:colcon.colcon_core.package_identification:_identify(src) by extensions ['colcon_pkg']
[0.212s] Level 1:colcon.colcon_core.package_identification:_identify(src) by extension 'colcon_pkg'
[0.212s] Level 1:colcon.colcon_core.package_identification:_identify(src) by extensions ['colcon_meta']
[0.212s] Level 1:colcon.colcon_core.package_identification:_identify(src) by extension 'colcon_meta'
[0.212s] Level 1:colcon.colcon_core.package_identification:_identify(src) by extensions ['ros']
[0.212s] Level 1:colcon.colcon_core.package_identification:_identify(src) by extension 'ros'
[0.212s] Level 1:colcon.colcon_core.package_identification:_identify(src) by extensions ['cmake', 'python']
[0.212s] Level 1:colcon.colcon_core.package_identification:_identify(src) by extension 'cmake'
[0.212s] Level 1:colcon.colcon_core.package_identification:_identify(src) by extension 'python'
[0.212s] Level 1:colcon.colcon_core.package_identification:_identify(src) by extensions ['python_setup_py']
[0.212s] Level 1:colcon.colcon_core.package_identification:_identify(src) by extension 'python_setup_py'
[0.212s] Level 1:colcon.colcon_core.package_identification:_identify(src/cg) by extensions ['ignore', 'ignore_ament_install']
[0.212s] Level 1:colcon.colcon_core.package_identification:_identify(src/cg) by extension 'ignore'
[0.212s] Level 1:colcon.colcon_core.package_identification:_identify(src/cg) by extension 'ignore_ament_install'
[0.212s] Level 1:colcon.colcon_core.package_identification:_identify(src/cg) by extensions ['colcon_pkg']
[0.212s] Level 1:colcon.colcon_core.package_identification:_identify(src/cg) by extension 'colcon_pkg'
[0.213s] Level 1:colcon.colcon_core.package_identification:_identify(src/cg) by extensions ['colcon_meta']
[0.213s] Level 1:colcon.colcon_core.package_identification:_identify(src/cg) by extension 'colcon_meta'
[0.213s] Level 1:colcon.colcon_core.package_identification:_identify(src/cg) by extensions ['ros']
[0.213s] Level 1:colcon.colcon_core.package_identification:_identify(src/cg) by extension 'ros'
[0.216s] DEBUG:colcon.colcon_core.package_identification:Package 'src/cg' with type 'ros.ament_python' and name 'cg'
[0.216s] Level 1:colcon.colcon_core.package_identification:_identify(src/cg_interfaces) by extensions ['ignore', 'ignore_ament_install']
[0.216s] Level 1:colcon.colcon_core.package_identification:_identify(src/cg_interfaces) by extension 'ignore'
[0.216s] Level 1:colcon.colcon_core.package_identification:_identify(src/cg_interfaces) by extension 'ignore_ament_install'
[0.216s] Level 1:colcon.colcon_core.package_identification:_identify(src/cg_interfaces) by extensions ['colcon_pkg']
[0.216s] Level 1:colcon.colcon_core.package_identification:_identify(src/cg_interfaces) by extension 'colcon_pkg'
[0.216s] Level 1:colcon.colcon_core.package_identification:_identify(src/cg_interfaces) by extensions ['colcon_meta']
[0.216s] Level 1:colcon.colcon_core.package_identification:_identify(src/cg_interfaces) by extension 'colcon_meta'
[0.216s] Level 1:colcon.colcon_core.package_identification:_identify(src/cg_interfaces) by extensions ['ros']
[0.216s] Level 1:colcon.colcon_core.package_identification:_identify(src/cg_interfaces) by extension 'ros'
[0.217s] DEBUG:colcon.colcon_core.package_identification:Package 'src/cg_interfaces' with type 'ros.ament_cmake' and name 'cg_interfaces'
[0.217s] Level 1:colcon.colcon_core.package_identification:_identify(src/cg_solver) by extensions ['ignore', 'ignore_ament_install']
[0.217s] Level 1:colcon.colcon_core.package_identification:_identify(src/cg_solver) by extension 'ignore'
[0.217s] Level 1:colcon.colcon_core.package_identification:_identify(src/cg_solver) by extension 'ignore_ament_install'
[0.217s] Level 1:colcon.colcon_core.package_identification:_identify(src/cg_solver) by extensions ['colcon_pkg']
[0.217s] Level 1:colcon.colcon_core.package_identification:_identify(src/cg_solver) by extension 'colcon_pkg'
[0.217s] Level 1:colcon.colcon_core.package_identification:_identify(src/cg_solver) by extensions ['colcon_meta']
[0.217s] Level 1:colcon.colcon_core.package_identification:_identify(src/cg_solver) by extension 'colcon_meta'
[0.217s] Level 1:colcon.colcon_core.package_identification:_identify(src/cg_solver) by extensions ['ros']
[0.217s] Level 1:colcon.colcon_core.package_identification:_identify(src/cg_solver) by extension 'ros'
[0.218s] DEBUG:colcon.colcon_core.package_identification:Package 'src/cg_solver' with type 'ros.ament_cmake' and name 'cg_solver'
[0.218s] Level 1:colcon.colcon_core.package_identification:_identify(src/cg_teleop) by extensions ['ignore', 'ignore_ament_install']
[0.218s] Level 1:colcon.colcon_core.package_identification:_identify(src/cg_teleop) by extension 'ignore'
[0.218s] Level 1:colcon.colcon_core.package_identification:_identify(src/cg_teleop) by extension 'ignore_ament_install'
[0.218s] Level 1:colcon.colcon_core.package_identification:_identify(src/cg_teleop) by extensions ['colcon_pkg']
[0.218s] Level 1:colcon.colcon_core.package_identification:_identify(src/cg_teleop) by extension 'colcon_pkg'
[0.218s] Level 1:colcon.colcon_core.package_identification:_identify(src/cg_teleop) by extensions ['colcon_meta']
[0.218s] Level 1:colcon.colcon_core.package_identification:_identify(src/cg_teleop) by extension 'colcon_meta'
[0.218s] Level 1:colcon.colcon_core.package_identification:_identify(src/cg_teleop) by extensions ['ros']
[0.218s] Level 1:colcon.colcon_core.package_identification:_identify(src/cg_teleop) by extension 'ros'
[0.219s] DEBUG:colcon.colcon_core.package_identification:Package 'src/cg_teleop' with type 'ros.ament_python' and name 'cg_teleop'
[0.219s] Level 1:colcon.colcon_core.package_discovery:discover_packages(recursive) using defaults
[0.220s] Level 1:colcon.colcon_core.package_discovery:discover_packages(ignore) discover
[0.220s] Level 1:colcon.colcon_core.package_discovery:discover_packages(ignore) using defaults
[0.220s] Level 1:colcon.colcon_core.package_discovery:discover_packages(path) discover
[0.220s] Level 1:colcon.colcon_core.package_discovery:discover_packages(path) using defaults
[0.244s] INFO:colcon.colcon_core.package_selection:Skipping not selected package 'cg_interfaces' in 'src/cg_interfaces'
[0.244s] INFO:colcon.colcon_core.package_selection:Skipping not selected package 'cg' in 'src/cg'
[0.244s] INFO:colcon.colcon_core.package_selection:Skipping not selected package 'cg_teleop' in 'src/cg_teleop'
[0.244s] Level 5:colcon.colcon_core.verb:set package 'cg_solver' build argument 'cmake_args' from command line to 'None'
[0.244s] Level 5:colcon.colcon_core.verb:set package 'cg_solver' build argument 'cmake_target' from command line to 'None'
[0.244s] Level 5:colcon.colcon_core.verb:set package 'cg_solver' build argument 'cmake_target_skip_unavailable' from command line to 'False'
[0.244s] Level 5:colcon.colcon_core.verb:set package 'cg_solver' build argument 'cmake_clean_cache' from command line to 'False'
[0.244s] Level 5:colcon.colcon_core.verb:set package 'cg_solver' build argument 'cmake_clean_first' from command line to 'False'
[0.244s] Level 5:colcon.colcon_core.verb:set package 'cg_solver' build argument 'cmake_force_configure' from command line to 'False'
[0.244s] Level 5:colcon.colcon_core.verb:set package 'cg_solver' build argument 'ament_cmake_args' from command line to 'None'
[0.244s] Level 5:colcon.colcon_core.verb:set package 'cg_solver' build argument 'catkin_cmake_args' from command line to 'None'
[0.244s] Level 5:colcon.colcon_core.verb:set package 'cg_solver' build argument 'catkin_skip_building_tests' from command line to 'False'
[0.244s] DEBUG:colcon.colcon_core.verb:Building package 'cg_solver' with the following arguments: {'ament_cmake_args': None, 'build_base': '/home/inteli/Documentos/culling_games/build/cg_solver', 'catkin_cmake_args': None, 'catkin_skip_building_tests': False, 'cmake_args': None, 'cmake_clean_cache': False, 'cmake_clean_first': False, 'cmake_force_configure': False, 'cmake_target': None, 'cmake_target_skip_unavailable': False, 'install_base': '/home/inteli/Documentos/culling_games/install/cg_solver', 'merge_install': False, 'path': '/home/inteli/Documentos/culling_games/src/cg_solver', 'symlink_install': False, 'test_result_base': None}
[0.245s] INFO:colcon.colcon_core.executor:Executing jobs using 'parallel' executor
[0.246s] DEBUG:colcon.colcon_parallel_executor.executor.parallel:run_until_complete
[0.246s] INFO:colcon.colcon_ros.task.ament_cmake.build:Building ROS package in '/home/inteli/Documentos/culling_games/src/cg_solver' with build type 'ament_cmake'
[0.247s] INFO:colcon.colcon_cmake.task.cmake.build:Building CMake package in '/home/inteli/Documentos/culling_games/src/cg_solver'
[0.249s] INFO:colcon.colcon_core.plugin_system:Skipping extension 'colcon_core.shell.bat': Not used on non-Windows systems
[0.250s] DEBUG:colcon.colcon_core.shell:Skip shell extension 'dsv' for command environment
[0.272s] DEBUG:colcon.colcon_core.event_handler.log_command:Invoking command in '/home/inteli/Documentos/culling_games/build/cg_solver': CMAKE_PREFIX_PATH=${CMAKE_PREFIX_PATH}:/home/inteli/Documentos/culling_games/install/cg_teleop:/home/inteli/Documentos/culling_games/install/cg:/opt/ros/jazzy DEBUGINFOD_URLS=https://debuginfod.ubuntu.com PYTHONPATH=/home/inteli/Documentos/culling_games/install/cg_interfaces/lib/python3.12/site-packages:/home/inteli/Documentos/culling_games/install/cg_teleop/lib/python3.12/site-packages:/home/inteli/Documentos/culling_games/install/cg/lib/python3.12/site-packages:/opt/ros/jazzy/lib/python3.12/site-packages /usr/bin/cmake --build /home/inteli/Documentos/culling_games/build/cg_solver -- -j12 -l12
[0.385s] DEBUG:colcon.colcon_core.event_handler.log_command:Invoked command in '/home/inteli/Documentos/culling_games/build/cg_solver' returned '0': CMAKE_PREFIX_PATH=${CMAKE_PREFIX_PATH}:/home/inteli/Documentos/culling_games/install/cg_teleop:/home/inteli/Documentos/culling_games/install/cg:/opt/ros/jazzy DEBUGINFOD_URLS=https://debuginfod.ubuntu.com PYTHONPATH=/home/inteli/Documentos/culling_games/install/cg_interfaces/lib/python3.12/site-packages:/home/inteli/Documentos/culling_games/install/cg_teleop/lib/python3.12/site-packages:/home/inteli/Documentos/culling_games/install/cg/lib/python3.12/site-packages:/opt/ros/jazzy/lib/python3.12/site-packages /usr/bin/cmake --build /home/inteli/Documentos/culling_games/build/cg_solver -- -j12 -l12
[0.399s] DEBUG:colcon.colcon_core.event_handler.log_command:Invoking command in '/home/inteli/Documentos/culling_games/build/cg_solver': CMAKE_PREFIX_PATH=${CMAKE_PREFIX_PATH}:/home/inteli/Documentos/culling_games/install/cg_teleop:/home/inteli/Documentos/culling_games/install/cg:/opt/ros/jazzy DEBUGINFOD_URLS=https://debuginfod.ubuntu.com PYTHONPATH=/home/inteli/Documentos/culling_games/install/cg_interfaces/lib/python3.12/site-packages:/home/inteli/Documentos/culling_games/install/cg_teleop/lib/python3.12/site-packages:/home/inteli/Documentos/culling_games/install/cg/lib/python3.12/site-packages:/opt/ros/jazzy/lib/python3.12/site-packages /usr/bin/cmake --install /home/inteli/Documentos/culling_games/build/cg_solver
[0.414s] Level 1:colcon.colcon_core.environment:create_environment_scripts_only(cg_solver)
[0.416s] DEBUG:colcon.colcon_core.event_handler.log_command:Invoked command in '/home/inteli/Documentos/culling_games/build/cg_solver' returned '0': CMAKE_PREFIX_PATH=${CMAKE_PREFIX_PATH}:/home/inteli/Documentos/culling_games/install/cg_teleop:/home/inteli/Documentos/culling_games/install/cg:/opt/ros/jazzy DEBUGINFOD_URLS=https://debuginfod.ubuntu.com PYTHONPATH=/home/inteli/Documentos/culling_games/install/cg_interfaces/lib/python3.12/site-packages:/home/inteli/Documentos/culling_games/install/cg_teleop/lib/python3.12/site-packages:/home/inteli/Documentos/culling_games/install/cg/lib/python3.12/site-packages:/opt/ros/jazzy/lib/python3.12/site-packages /usr/bin/cmake --install /home/inteli/Documentos/culling_games/build/cg_solver
[0.420s] Level 1:colcon.colcon_core.environment:checking '/home/inteli/Documentos/culling_games/install/cg_solver' for CMake module files
[0.421s] Level 1:colcon.colcon_core.environment:checking '/home/inteli/Documentos/culling_games/install/cg_solver' for CMake config files
[0.422s] Level 1:colcon.colcon_core.shell:create_environment_hook('cg_solver', 'cmake_prefix_path')
[0.422s] INFO:colcon.colcon_core.shell:Creating environment descriptor '/home/inteli/Documentos/culling_games/install/cg_solver/share/cg_solver/hook/cmake_prefix_path.dsv'
[0.423s] INFO:colcon.colcon_core.shell:Creating environment hook '/home/inteli/Documentos/culling_games/install/cg_solver/share/cg_solver/hook/cmake_prefix_path.sh'
[0.424s] Level 1:colcon.colcon_core.environment:checking '/home/inteli/Documentos/culling_games/install/cg_solver/lib'
[0.424s] Level 1:colcon.colcon_core.environment:checking '/home/inteli/Documentos/culling_games/install/cg_solver/bin'
[0.424s] Level 1:colcon.colcon_core.environment:checking '/home/inteli/Documentos/culling_games/install/cg_solver/lib/pkgconfig/cg_solver.pc'
[0.427s] Level 1:colcon.colcon_core.environment:checking '/home/inteli/Documentos/culling_games/install/cg_solver/lib/python3.12/site-packages'
[0.427s] Level 1:colcon.colcon_core.environment:checking '/home/inteli/Documentos/culling_games/install/cg_solver/bin'
[0.428s] INFO:colcon.colcon_core.shell:Creating package descriptor '/home/inteli/Documentos/culling_games/install/cg_solver/share/cg_solver/package.dsv'
[0.428s] INFO:colcon.colcon_core.shell:Creating package script '/home/inteli/Documentos/culling_games/install/cg_solver/share/cg_solver/package.sh'
[0.429s] INFO:colcon.colcon_core.shell:Creating package script '/home/inteli/Documentos/culling_games/install/cg_solver/share/cg_solver/package.bash'
[0.430s] INFO:colcon.colcon_core.shell:Creating package script '/home/inteli/Documentos/culling_games/install/cg_solver/share/cg_solver/package.zsh'
[0.430s] Level 1:colcon.colcon_core.environment:create_file_with_runtime_dependencies(/home/inteli/Documentos/culling_games/install/cg_solver/share/colcon-core/packages/cg_solver)
[0.431s] Level 1:colcon.colcon_core.environment:create_environment_scripts_only(cg_solver)
[0.431s] Level 1:colcon.colcon_core.environment:checking '/home/inteli/Documentos/culling_games/install/cg_solver' for CMake module files
[0.431s] Level 1:colcon.colcon_core.environment:checking '/home/inteli/Documentos/culling_games/install/cg_solver' for CMake config files
[0.432s] Level 1:colcon.colcon_core.shell:create_environment_hook('cg_solver', 'cmake_prefix_path')
[0.432s] INFO:colcon.colcon_core.shell:Creating environment descriptor '/home/inteli/Documentos/culling_games/install/cg_solver/share/cg_solver/hook/cmake_prefix_path.dsv'
[0.432s] INFO:colcon.colcon_core.shell:Creating environment hook '/home/inteli/Documentos/culling_games/install/cg_solver/share/cg_solver/hook/cmake_prefix_path.sh'
[0.433s] Level 1:colcon.colcon_core.environment:checking '/home/inteli/Documentos/culling_games/install/cg_solver/lib'
[0.433s] Level 1:colcon.colcon_core.environment:checking '/home/inteli/Documentos/culling_games/install/cg_solver/bin'
[0.433s] Level 1:colcon.colcon_core.environment:checking '/home/inteli/Documentos/culling_games/install/cg_solver/lib/pkgconfig/cg_solver.pc'
[0.433s] Level 1:colcon.colcon_core.environment:checking '/home/inteli/Documentos/culling_games/install/cg_solver/lib/python3.12/site-packages'
[0.434s] Level 1:colcon.colcon_core.environment:checking '/home/inteli/Documentos/culling_games/install/cg_solver/bin'
[0.434s] INFO:colcon.colcon_core.shell:Creating package descriptor '/home/inteli/Documentos/culling_games/install/cg_solver/share/cg_solver/package.dsv'
[0.434s] INFO:colcon.colcon_core.shell:Creating package script '/home/inteli/Documentos/culling_games/install/cg_solver/share/cg_solver/package.sh'
[0.435s] INFO:colcon.colcon_core.shell:Creating package script '/home/inteli/Documentos/culling_games/install/cg_solver/share/cg_solver/package.bash'
[0.435s] INFO:colcon.colcon_core.shell:Creating package script '/home/inteli/Documentos/culling_games/install/cg_solver/share/cg_solver/package.zsh'
[0.436s] Level 1:colcon.colcon_core.environment:create_file_with_runtime_dependencies(/home/inteli/Documentos/culling_games/install/cg_solver/share/colcon-core/packages/cg_solver)
[0.436s] DEBUG:colcon.colcon_parallel_executor.executor.parallel:closing loop
[0.436s] DEBUG:colcon.colcon_parallel_executor.executor.parallel:loop closed
[0.437s] DEBUG:colcon.colcon_parallel_executor.executor.parallel:run_until_complete finished with '0'
[0.437s] DEBUG:colcon.colcon_core.event_reactor:joining thread
[0.449s] INFO:colcon.colcon_core.plugin_system:Skipping extension 'colcon_notification.desktop_notification.terminal_notifier': Not used on non-Darwin systems
[0.449s] INFO:colcon.colcon_core.plugin_system:Skipping extension 'colcon_notification.desktop_notification.win32': Not used on non-Windows systems
[0.449s] INFO:colcon.colcon_notification.desktop_notification:Sending desktop notification using 'notify2'
[0.468s] DEBUG:colcon.colcon_core.event_reactor:joined thread
[0.469s] INFO:colcon.colcon_core.shell:Creating prefix script '/home/inteli/Documentos/culling_games/install/local_setup.sh'
[0.470s] INFO:colcon.colcon_core.shell:Creating prefix util module '/home/inteli/Documentos/culling_games/install/_local_setup_util_sh.py'
[0.471s] INFO:colcon.colcon_core.shell:Creating prefix chain script '/home/inteli/Documentos/culling_games/install/setup.sh'
[0.472s] INFO:colcon.colcon_core.shell:Creating prefix script '/home/inteli/Documentos/culling_games/install/local_setup.bash'
[0.473s] INFO:colcon.colcon_core.shell:Creating prefix chain script '/home/inteli/Documentos/culling_games/install/setup.bash'
[0.473s] INFO:colcon.colcon_core.shell:Creating prefix script '/home/inteli/Documentos/culling_games/install/local_setup.zsh'
[0.474s] INFO:colcon.colcon_core.shell:Creating prefix chain script '/home/inteli/Documentos/culling_games/install/setup.zsh'
