[0.293s] Invoking command in '/home/inteli/Documentos/culling_games/build/cg_solver': AMENT_PREFIX_PATH=/home/inteli/Documentos/culling_games/install/cg_interfaces:${AMENT_PREFIX_PATH} CMAKE_PREFIX_PATH=/home/inteli/Documentos/culling_games/install/cg_interfaces:/opt/ros/jazzy/opt/gz_math_vendor:/opt/ros/jazzy/opt/gz_utils_vendor:/opt/ros/jazzy/opt/gz_cmake_vendor:/opt/ros/jazzy DEBUGINFOD_URLS=https://debuginfod.ubuntu.com LD_LIBRARY_PATH=/home/inteli/Documentos/culling_games/install/cg_interfaces/lib:${LD_LIBRARY_PATH} PYTHONPATH=/home/inteli/Documentos/culling_games/install/cg_interfaces/lib/python3.12/site-packages:${PYTHONPATH} /usr/bin/cmake --build /home/inteli/Documentos/culling_games/build/cg_solver -- -j12 -l12
[0.468s] [ 50%] [32mBuilding CXX object CMakeFiles/mapear.dir/src/mapear.cpp.o[0m
[0.468s] [ 50%] [32mBuilding CXX object CMakeFiles/maze_solver.dir/src/solver.cpp.o[0m
[7.533s] [ 75%] [32m[1mLinking CXX executable maze_solver[0m
[8.047s] [ 75%] Built target maze_solver
[12.213s] [100%] [32m[1mLinking CXX executable mapear[0m
[12.575s] [100%] Built target mapear
[12.778s] Invoked command in '/home/inteli/Documentos/culling_games/build/cg_solver' returned '0': AMENT_PREFIX_PATH=/home/inteli/Documentos/culling_games/install/cg_interfaces:${AMENT_PREFIX_PATH} CMAKE_PREFIX_PATH=/home/inteli/Documentos/culling_games/install/cg_interfaces:/opt/ros/jazzy/opt/gz_math_vendor:/opt/ros/jazzy/opt/gz_utils_vendor:/opt/ros/jazzy/opt/gz_cmake_vendor:/opt/ros/jazzy DEBUGINFOD_URLS=https://debuginfod.ubuntu.com LD_LIBRARY_PATH=/home/inteli/Documentos/culling_games/install/cg_interfaces/lib:${LD_LIBRARY_PATH} PYTHONPATH=/home/inteli/Documentos/culling_games/install/cg_interfaces/lib/python3.12/site-packages:${PYTHONPATH} /usr/bin/cmake --build /home/inteli/Documentos/culling_games/build/cg_solver -- -j12 -l12
[12.783s] Invoking command in '/home/inteli/Documentos/culling_games/build/cg_solver': AMENT_PREFIX_PATH=/home/inteli/Documentos/culling_games/install/cg_interfaces:${AMENT_PREFIX_PATH} CMAKE_PREFIX_PATH=/home/inteli/Documentos/culling_games/install/cg_interfaces:/opt/ros/jazzy/opt/gz_math_vendor:/opt/ros/jazzy/opt/gz_utils_vendor:/opt/ros/jazzy/opt/gz_cmake_vendor:/opt/ros/jazzy DEBUGINFOD_URLS=https://debuginfod.ubuntu.com LD_LIBRARY_PATH=/home/inteli/Documentos/culling_games/install/cg_interfaces/lib:${LD_LIBRARY_PATH} PYTHONPATH=/home/inteli/Documentos/culling_games/install/cg_interfaces/lib/python3.12/site-packages:${PYTHONPATH} /usr/bin/cmake --install /home/inteli/Documentos/culling_games/build/cg_solver
[12.796s] -- Install configuration: ""
[12.799s] -- Installing: /home/inteli/Documentos/culling_games/install/cg_solver/lib/cg_solver/maze_solver
[12.801s] -- Set non-toolchain portion of runtime path of "/home/inteli/Documentos/culling_games/install/cg_solver/lib/cg_solver/maze_solver" to ""
[12.805s] -- Installing: /home/inteli/Documentos/culling_games/install/cg_solver/lib/cg_solver/mapear
[12.812s] -- Set non-toolchain portion of runtime path of "/home/inteli/Documentos/culling_games/install/cg_solver/lib/cg_solver/mapear" to ""
[12.812s] -- Up-to-date: /home/inteli/Documentos/culling_games/install/cg_solver/share/ament_index/resource_index/package_run_dependencies/cg_solver
[12.812s] -- Up-to-date: /home/inteli/Documentos/culling_games/install/cg_solver/share/ament_index/resource_index/parent_prefix_path/cg_solver
[12.812s] -- Up-to-date: /home/inteli/Documentos/culling_games/install/cg_solver/share/cg_solver/environment/ament_prefix_path.sh
[12.812s] -- Up-to-date: /home/inteli/Documentos/culling_games/install/cg_solver/share/cg_solver/environment/ament_prefix_path.dsv
[12.812s] -- Up-to-date: /home/inteli/Documentos/culling_games/install/cg_solver/share/cg_solver/environment/path.sh
[12.813s] -- Up-to-date: /home/inteli/Documentos/culling_games/install/cg_solver/share/cg_solver/environment/path.dsv
[12.813s] -- Up-to-date: /home/inteli/Documentos/culling_games/install/cg_solver/share/cg_solver/local_setup.bash
[12.813s] -- Up-to-date: /home/inteli/Documentos/culling_games/install/cg_solver/share/cg_solver/local_setup.sh
[12.813s] -- Up-to-date: /home/inteli/Documentos/culling_games/install/cg_solver/share/cg_solver/local_setup.zsh
[12.813s] -- Up-to-date: /home/inteli/Documentos/culling_games/install/cg_solver/share/cg_solver/local_setup.dsv
[12.813s] -- Installing: /home/inteli/Documentos/culling_games/install/cg_solver/share/cg_solver/package.dsv
[12.813s] -- Up-to-date: /home/inteli/Documentos/culling_games/install/cg_solver/share/ament_index/resource_index/packages/cg_solver
[12.813s] -- Up-to-date: /home/inteli/Documentos/culling_games/install/cg_solver/share/cg_solver/cmake/cg_solverConfig.cmake
[12.813s] -- Up-to-date: /home/inteli/Documentos/culling_games/install/cg_solver/share/cg_solver/cmake/cg_solverConfig-version.cmake
[12.814s] -- Up-to-date: /home/inteli/Documentos/culling_games/install/cg_solver/share/cg_solver/package.xml
[12.817s] Invoked command in '/home/inteli/Documentos/culling_games/build/cg_solver' returned '0': AMENT_PREFIX_PATH=/home/inteli/Documentos/culling_games/install/cg_interfaces:${AMENT_PREFIX_PATH} CMAKE_PREFIX_PATH=/home/inteli/Documentos/culling_games/install/cg_interfaces:/opt/ros/jazzy/opt/gz_math_vendor:/opt/ros/jazzy/opt/gz_utils_vendor:/opt/ros/jazzy/opt/gz_cmake_vendor:/opt/ros/jazzy DEBUGINFOD_URLS=https://debuginfod.ubuntu.com LD_LIBRARY_PATH=/home/inteli/Documentos/culling_games/install/cg_interfaces/lib:${LD_LIBRARY_PATH} PYTHONPATH=/home/inteli/Documentos/culling_games/install/cg_interfaces/lib/python3.12/site-packages:${PYTHONPATH} /usr/bin/cmake --install /home/inteli/Documentos/culling_games/build/cg_solver
