[0.107s] DEBUG:colcon:Command line arguments: ['/usr/bin/colcon', 'build', '--packages-select', 'cg_solver']
[0.107s] DEBUG:colcon:Parsed command line arguments: Namespace(log_base=None, log_level=None, verb_name='build', build_base='build', install_base='install', merge_install=False, symlink_install=False, test_result_base=None, continue_on_error=False, executor='parallel', parallel_workers=12, event_handlers=None, ignore_user_meta=False, metas=['./colcon.meta'], base_paths=['.'], packages_ignore=None, packages_ignore_regex=None, paths=None, packages_up_to=None, packages_up_to_regex=None, packages_above=None, packages_above_and_dependencies=None, packages_above_depth=None, packages_select_by_dep=None, packages_skip_by_dep=None, packages_skip_up_to=None, packages_select_build_failed=False, packages_skip_build_finished=False, packages_select_test_failures=False, packages_skip_test_passed=False, packages_select=['cg_solver'], packages_skip=None, packages_select_regex=None, packages_skip_regex=None, packages_start=None, packages_end=None, cmake_args=None, cmake_target=None, cmake_target_skip_unavailable=False, cmake_clean_cache=False, cmake_clean_first=False, cmake_force_configure=False, ament_cmake_args=None, catkin_cmake_args=None, catkin_skip_building_tests=False, verb_parser=<colcon_defaults.argument_parser.defaults.DefaultArgumentsDecorator object at 0x7d6b1b708a10>, verb_extension=<colcon_core.verb.build.BuildVerb object at 0x7d6b1b88a6c0>, main=<bound method BuildVerb.main of <colcon_core.verb.build.BuildVerb object at 0x7d6b1b88a6c0>>)
[0.149s] Level 1:colcon.colcon_core.package_discovery:discover_packages(colcon_meta) check parameters
[0.149s] Level 1:colcon.colcon_core.package_discovery:discover_packages(recursive) check parameters
[0.149s] Level 1:colcon.colcon_core.package_discovery:discover_packages(ignore) check parameters
[0.149s] Level 1:colcon.colcon_core.package_discovery:discover_packages(path) check parameters
[0.149s] Level 1:colcon.colcon_core.package_discovery:discover_packages(colcon_meta) discover
[0.149s] Level 1:colcon.colcon_core.package_discovery:discover_packages(recursive) discover
[0.149s] INFO:colcon.colcon_core.package_discovery:Crawling recursively for packages in '/home/inteli/Documentos/culling_games'
[0.150s] Level 1:colcon.colcon_core.package_identification:_identify(.) by extensions ['ignore', 'ignore_ament_install']
[0.150s] Level 1:colcon.colcon_core.package_identification:_identify(.) by extension 'ignore'
[0.150s] Level 1:colcon.colcon_core.package_identification:_identify(.) by extension 'ignore_ament_install'
[0.150s] Level 1:colcon.colcon_core.package_identification:_identify(.) by extensions ['colcon_pkg']
[0.150s] Level 1:colcon.colcon_core.package_identification:_identify(.) by extension 'colcon_pkg'
[0.150s] Level 1:colcon.colcon_core.package_identification:_identify(.) by extensions ['colcon_meta']
[0.150s] Level 1:colcon.colcon_core.package_identification:_identify(.) by extension 'colcon_meta'
[0.150s] Level 1:colcon.colcon_core.package_identification:_identify(.) by extensions ['ros']
[0.150s] Level 1:colcon.colcon_core.package_identification:_identify(.) by extension 'ros'
[0.178s] Level 1:colcon.colcon_core.package_identification:_identify(.) by extensions ['cmake', 'python']
[0.178s] Level 1:colcon.colcon_core.package_identification:_identify(.) by extension 'cmake'
[0.178s] Level 1:colcon.colcon_core.package_identification:_identify(.) by extension 'python'
[0.178s] Level 1:colcon.colcon_core.package_identification:_identify(.) by extensions ['python_setup_py']
[0.178s] Level 1:colcon.colcon_core.package_identification:_identify(.) by extension 'python_setup_py'
[0.178s] Level 1:colcon.colcon_core.package_identification:_identify(build) by extensions ['ignore', 'ignore_ament_install']
[0.178s] Level 1:colcon.colcon_core.package_identification:_identify(build) by extension 'ignore'
[0.178s] Level 1:colcon.colcon_core.package_identification:_identify(build) ignored
[0.179s] Level 1:colcon.colcon_core.package_identification:_identify(install) by extensions ['ignore', 'ignore_ament_install']
[0.179s] Level 1:colcon.colcon_core.package_identification:_identify(install) by extension 'ignore'
[0.179s] Level 1:colcon.colcon_core.package_identification:_identify(install) ignored
[0.179s] Level 1:colcon.colcon_core.package_identification:_identify(lobotomy_kaisen) by extensions ['ignore', 'ignore_ament_install']
[0.179s] Level 1:colcon.colcon_core.package_identification:_identify(lobotomy_kaisen) by extension 'ignore'
[0.179s] Level 1:colcon.colcon_core.package_identification:_identify(lobotomy_kaisen) by extension 'ignore_ament_install'
[0.179s] Level 1:colcon.colcon_core.package_identification:_identify(lobotomy_kaisen) by extensions ['colcon_pkg']
[0.179s] Level 1:colcon.colcon_core.package_identification:_identify(lobotomy_kaisen) by extension 'colcon_pkg'
[0.179s] Level 1:colcon.colcon_core.package_identification:_identify(lobotomy_kaisen) by extensions ['colcon_meta']
[0.179s] Level 1:colcon.colcon_core.package_identification:_identify(lobotomy_kaisen) by extension 'colcon_meta'
[0.179s] Level 1:colcon.colcon_core.package_identification:_identify(lobotomy_kaisen) by extensions ['ros']
[0.179s] Level 1:colcon.colcon_core.package_identification:_identify(lobotomy_kaisen) by extension 'ros'
[0.179s] Level 1:colcon.colcon_core.package_identification:_identify(lobotomy_kaisen) by extensions ['cmake', 'python']
[0.179s] Level 1:colcon.colcon_core.package_identification:_identify(lobotomy_kaisen) by extension 'cmake'
[0.179s] Level 1:colcon.colcon_core.package_identification:_identify(lobotomy_kaisen) by extension 'python'
[0.179s] Level 1:colcon.colcon_core.package_identification:_identify(lobotomy_kaisen) by extensions ['python_setup_py']
[0.179s] Level 1:colcon.colcon_core.package_identification:_identify(lobotomy_kaisen) by extension 'python_setup_py'
[0.179s] Level 1:colcon.colcon_core.package_identification:_identify(log) by extensions ['ignore', 'ignore_ament_install']
[0.180s] Level 1:colcon.colcon_core.package_identification:_identify(log) by extension 'ignore'
[0.180s] Level 1:colcon.colcon_core.package_identification:_identify(log) ignored
[0.180s] Level 1:colcon.colcon_core.package_identification:_identify(src) by extensions ['ignore', 'ignore_ament_install']
[0.180s] Level 1:colcon.colcon_core.package_identification:_identify(src) by extension 'ignore'
[0.180s] Level 1:colcon.colcon_core.package_identification:_identify(src) by extension 'ignore_ament_install'
[0.180s] Level 1:colcon.colcon_core.package_identification:_identify(src) by extensions ['colcon_pkg']
[0.180s] Level 1:colcon.colcon_core.package_identification:_identify(src) by extension 'colcon_pkg'
[0.180s] Level 1:colcon.colcon_core.package_identification:_identify(src) by extensions ['colcon_meta']
[0.180s] Level 1:colcon.colcon_core.package_identification:_identify(src) by extension 'colcon_meta'
[0.180s] Level 1:colcon.colcon_core.package_identification:_identify(src) by extensions ['ros']
[0.180s] Level 1:colcon.colcon_core.package_identification:_identify(src) by extension 'ros'
[0.180s] Level 1:colcon.colcon_core.package_identification:_identify(src) by extensions ['cmake', 'python']
[0.180s] Level 1:colcon.colcon_core.package_identification:_identify(src) by extension 'cmake'
[0.180s] Level 1:colcon.colcon_core.package_identification:_identify(src) by extension 'python'
[0.180s] Level 1:colcon.colcon_core.package_identification:_identify(src) by extensions ['python_setup_py']
[0.180s] Level 1:colcon.colcon_core.package_identification:_identify(src) by extension 'python_setup_py'
[0.180s] Level 1:colcon.colcon_core.package_identification:_identify(src/cg) by extensions ['ignore', 'ignore_ament_install']
[0.180s] Level 1:colcon.colcon_core.package_identification:_identify(src/cg) by extension 'ignore'
[0.180s] Level 1:colcon.colcon_core.package_identification:_identify(src/cg) by extension 'ignore_ament_install'
[0.180s] Level 1:colcon.colcon_core.package_identification:_identify(src/cg) by extensions ['colcon_pkg']
[0.180s] Level 1:colcon.colcon_core.package_identification:_identify(src/cg) by extension 'colcon_pkg'
[0.180s] Level 1:colcon.colcon_core.package_identification:_identify(src/cg) by extensions ['colcon_meta']
[0.180s] Level 1:colcon.colcon_core.package_identification:_identify(src/cg) by extension 'colcon_meta'
[0.181s] Level 1:colcon.colcon_core.package_identification:_identify(src/cg) by extensions ['ros']
[0.181s] Level 1:colcon.colcon_core.package_identification:_identify(src/cg) by extension 'ros'
[0.183s] DEBUG:colcon.colcon_core.package_identification:Package 'src/cg' with type 'ros.ament_python' and name 'cg'
[0.183s] Level 1:colcon.colcon_core.package_identification:_identify(src/cg_interfaces) by extensions ['ignore', 'ignore_ament_install']
[0.184s] Level 1:colcon.colcon_core.package_identification:_identify(src/cg_interfaces) by extension 'ignore'
[0.184s] Level 1:colcon.colcon_core.package_identification:_identify(src/cg_interfaces) by extension 'ignore_ament_install'
[0.184s] Level 1:colcon.colcon_core.package_identification:_identify(src/cg_interfaces) by extensions ['colcon_pkg']
[0.184s] Level 1:colcon.colcon_core.package_identification:_identify(src/cg_interfaces) by extension 'colcon_pkg'
[0.184s] Level 1:colcon.colcon_core.package_identification:_identify(src/cg_interfaces) by extensions ['colcon_meta']
[0.184s] Level 1:colcon.colcon_core.package_identification:_identify(src/cg_interfaces) by extension 'colcon_meta'
[0.184s] Level 1:colcon.colcon_core.package_identification:_identify(src/cg_interfaces) by extensions ['ros']
[0.184s] Level 1:colcon.colcon_core.package_identification:_identify(src/cg_interfaces) by extension 'ros'
[0.184s] DEBUG:colcon.colcon_core.package_identification:Package 'src/cg_interfaces' with type 'ros.ament_cmake' and name 'cg_interfaces'
[0.185s] Level 1:colcon.colcon_core.package_identification:_identify(src/cg_solver) by extensions ['ignore', 'ignore_ament_install']
[0.185s] Level 1:colcon.colcon_core.package_identification:_identify(src/cg_solver) by extension 'ignore'
[0.185s] Level 1:colcon.colcon_core.package_identification:_identify(src/cg_solver) by extension 'ignore_ament_install'
[0.185s] Level 1:colcon.colcon_core.package_identification:_identify(src/cg_solver) by extensions ['colcon_pkg']
[0.185s] Level 1:colcon.colcon_core.package_identification:_identify(src/cg_solver) by extension 'colcon_pkg'
[0.185s] Level 1:colcon.colcon_core.package_identification:_identify(src/cg_solver) by extensions ['colcon_meta']
[0.185s] Level 1:colcon.colcon_core.package_identification:_identify(src/cg_solver) by extension 'colcon_meta'
[0.185s] Level 1:colcon.colcon_core.package_identification:_identify(src/cg_solver) by extensions ['ros']
[0.185s] Level 1:colcon.colcon_core.package_identification:_identify(src/cg_solver) by extension 'ros'
[0.186s] DEBUG:colcon.colcon_core.package_identification:Package 'src/cg_solver' with type 'ros.ament_cmake' and name 'cg_solver'
[0.186s] Level 1:colcon.colcon_core.package_identification:_identify(src/cg_teleop) by extensions ['ignore', 'ignore_ament_install']
[0.186s] Level 1:colcon.colcon_core.package_identification:_identify(src/cg_teleop) by extension 'ignore'
[0.186s] Level 1:colcon.colcon_core.package_identification:_identify(src/cg_teleop) by extension 'ignore_ament_install'
[0.186s] Level 1:colcon.colcon_core.package_identification:_identify(src/cg_teleop) by extensions ['colcon_pkg']
[0.186s] Level 1:colcon.colcon_core.package_identification:_identify(src/cg_teleop) by extension 'colcon_pkg'
[0.186s] Level 1:colcon.colcon_core.package_identification:_identify(src/cg_teleop) by extensions ['colcon_meta']
[0.186s] Level 1:colcon.colcon_core.package_identification:_identify(src/cg_teleop) by extension 'colcon_meta'
[0.186s] Level 1:colcon.colcon_core.package_identification:_identify(src/cg_teleop) by extensions ['ros']
[0.186s] Level 1:colcon.colcon_core.package_identification:_identify(src/cg_teleop) by extension 'ros'
[0.187s] DEBUG:colcon.colcon_core.package_identification:Package 'src/cg_teleop' with type 'ros.ament_python' and name 'cg_teleop'
[0.187s] Level 1:colcon.colcon_core.package_discovery:discover_packages(recursive) using defaults
[0.188s] Level 1:colcon.colcon_core.package_discovery:discover_packages(ignore) discover
[0.188s] Level 1:colcon.colcon_core.package_discovery:discover_packages(ignore) using defaults
[0.188s] Level 1:colcon.colcon_core.package_discovery:discover_packages(path) discover
[0.188s] Level 1:colcon.colcon_core.package_discovery:discover_packages(path) using defaults
[0.210s] INFO:colcon.colcon_core.package_selection:Skipping not selected package 'cg_interfaces' in 'src/cg_interfaces'
[0.210s] INFO:colcon.colcon_core.package_selection:Skipping not selected package 'cg' in 'src/cg'
[0.210s] INFO:colcon.colcon_core.package_selection:Skipping not selected package 'cg_teleop' in 'src/cg_teleop'
[0.210s] Level 5:colcon.colcon_core.verb:set package 'cg_solver' build argument 'cmake_args' from command line to 'None'
[0.210s] Level 5:colcon.colcon_core.verb:set package 'cg_solver' build argument 'cmake_target' from command line to 'None'
[0.210s] Level 5:colcon.colcon_core.verb:set package 'cg_solver' build argument 'cmake_target_skip_unavailable' from command line to 'False'
[0.210s] Level 5:colcon.colcon_core.verb:set package 'cg_solver' build argument 'cmake_clean_cache' from command line to 'False'
[0.210s] Level 5:colcon.colcon_core.verb:set package 'cg_solver' build argument 'cmake_clean_first' from command line to 'False'
[0.210s] Level 5:colcon.colcon_core.verb:set package 'cg_solver' build argument 'cmake_force_configure' from command line to 'False'
[0.210s] Level 5:colcon.colcon_core.verb:set package 'cg_solver' build argument 'ament_cmake_args' from command line to 'None'
[0.210s] Level 5:colcon.colcon_core.verb:set package 'cg_solver' build argument 'catkin_cmake_args' from command line to 'None'
[0.210s] Level 5:colcon.colcon_core.verb:set package 'cg_solver' build argument 'catkin_skip_building_tests' from command line to 'False'
[0.210s] DEBUG:colcon.colcon_core.verb:Building package 'cg_solver' with the following arguments: {'ament_cmake_args': None, 'build_base': '/home/inteli/Documentos/culling_games/build/cg_solver', 'catkin_cmake_args': None, 'catkin_skip_building_tests': False, 'cmake_args': None, 'cmake_clean_cache': False, 'cmake_clean_first': False, 'cmake_force_configure': False, 'cmake_target': None, 'cmake_target_skip_unavailable': False, 'install_base': '/home/inteli/Documentos/culling_games/install/cg_solver', 'merge_install': False, 'path': '/home/inteli/Documentos/culling_games/src/cg_solver', 'symlink_install': False, 'test_result_base': None}
[0.210s] INFO:colcon.colcon_core.executor:Executing jobs using 'parallel' executor
[0.212s] DEBUG:colcon.colcon_parallel_executor.executor.parallel:run_until_complete
[0.212s] INFO:colcon.colcon_ros.task.ament_cmake.build:Building ROS package in '/home/inteli/Documentos/culling_games/src/cg_solver' with build type 'ament_cmake'
[0.213s] INFO:colcon.colcon_cmake.task.cmake.build:Building CMake package in '/home/inteli/Documentos/culling_games/src/cg_solver'
[0.216s] INFO:colcon.colcon_core.plugin_system:Skipping extension 'colcon_core.shell.bat': Not used on non-Windows systems
[0.216s] DEBUG:colcon.colcon_core.shell:Skip shell extension 'dsv' for command environment
[0.233s] DEBUG:colcon.colcon_core.event_handler.log_command:Invoking command in '/home/inteli/Documentos/culling_games/build/cg_solver': CMAKE_PREFIX_PATH=/home/inteli/Documentos/culling_games/install/cg_interfaces:/home/inteli/Documentos/culling_games/install/cg_teleop:/home/inteli/Documentos/culling_games/install/cg:/opt/ros/jazzy:/home/inteli/Documentos/culling_games/install/cg_solver:/opt/ros/jazzy/opt/gz_math_vendor:/opt/ros/jazzy/opt/gz_utils_vendor:/opt/ros/jazzy/opt/gz_cmake_vendor DEBUGINFOD_URLS=https://debuginfod.ubuntu.com PYTHONPATH=/home/inteli/Documentos/culling_games/install/cg_interfaces/lib/python3.12/site-packages:/home/inteli/Documentos/culling_games/install/cg_teleop/lib/python3.12/site-packages:/home/inteli/Documentos/culling_games/install/cg/lib/python3.12/site-packages:/opt/ros/jazzy/lib/python3.12/site-packages /usr/bin/cmake --build /home/inteli/Documentos/culling_games/build/cg_solver -- -j12 -l12
[5.563s] Level 1:colcon.colcon_core.environment:create_environment_scripts_only(cg_solver)
[5.563s] DEBUG:colcon.colcon_core.event_handler.log_command:Invoked command in '/home/inteli/Documentos/culling_games/build/cg_solver' returned '2': CMAKE_PREFIX_PATH=/home/inteli/Documentos/culling_games/install/cg_interfaces:/home/inteli/Documentos/culling_games/install/cg_teleop:/home/inteli/Documentos/culling_games/install/cg:/opt/ros/jazzy:/home/inteli/Documentos/culling_games/install/cg_solver:/opt/ros/jazzy/opt/gz_math_vendor:/opt/ros/jazzy/opt/gz_utils_vendor:/opt/ros/jazzy/opt/gz_cmake_vendor DEBUGINFOD_URLS=https://debuginfod.ubuntu.com PYTHONPATH=/home/inteli/Documentos/culling_games/install/cg_interfaces/lib/python3.12/site-packages:/home/inteli/Documentos/culling_games/install/cg_teleop/lib/python3.12/site-packages:/home/inteli/Documentos/culling_games/install/cg/lib/python3.12/site-packages:/opt/ros/jazzy/lib/python3.12/site-packages /usr/bin/cmake --build /home/inteli/Documentos/culling_games/build/cg_solver -- -j12 -l12
[5.566s] Level 1:colcon.colcon_core.environment:checking '/home/inteli/Documentos/culling_games/install/cg_solver' for CMake module files
[5.567s] Level 1:colcon.colcon_core.environment:checking '/home/inteli/Documentos/culling_games/install/cg_solver' for CMake config files
[5.568s] Level 1:colcon.colcon_core.shell:create_environment_hook('cg_solver', 'cmake_prefix_path')
[5.568s] INFO:colcon.colcon_core.shell:Creating environment descriptor '/home/inteli/Documentos/culling_games/install/cg_solver/share/cg_solver/hook/cmake_prefix_path.dsv'
[5.569s] INFO:colcon.colcon_core.shell:Creating environment hook '/home/inteli/Documentos/culling_games/install/cg_solver/share/cg_solver/hook/cmake_prefix_path.sh'
[5.570s] Level 1:colcon.colcon_core.environment:checking '/home/inteli/Documentos/culling_games/install/cg_solver/lib'
[5.570s] Level 1:colcon.colcon_core.environment:checking '/home/inteli/Documentos/culling_games/install/cg_solver/bin'
[5.570s] Level 1:colcon.colcon_core.environment:checking '/home/inteli/Documentos/culling_games/install/cg_solver/lib/pkgconfig/cg_solver.pc'
[5.573s] Level 1:colcon.colcon_core.environment:checking '/home/inteli/Documentos/culling_games/install/cg_solver/lib/python3.12/site-packages'
[5.574s] Level 1:colcon.colcon_core.environment:checking '/home/inteli/Documentos/culling_games/install/cg_solver/bin'
[5.574s] INFO:colcon.colcon_core.shell:Creating package descriptor '/home/inteli/Documentos/culling_games/install/cg_solver/share/cg_solver/package.dsv'
[5.575s] INFO:colcon.colcon_core.shell:Creating package script '/home/inteli/Documentos/culling_games/install/cg_solver/share/cg_solver/package.sh'
[5.576s] INFO:colcon.colcon_core.shell:Creating package script '/home/inteli/Documentos/culling_games/install/cg_solver/share/cg_solver/package.bash'
[5.577s] INFO:colcon.colcon_core.shell:Creating package script '/home/inteli/Documentos/culling_games/install/cg_solver/share/cg_solver/package.zsh'
[5.578s] Level 1:colcon.colcon_core.environment:create_file_with_runtime_dependencies(/home/inteli/Documentos/culling_games/install/cg_solver/share/colcon-core/packages/cg_solver)
[5.588s] DEBUG:colcon.colcon_parallel_executor.executor.parallel:closing loop
[5.589s] DEBUG:colcon.colcon_parallel_executor.executor.parallel:loop closed
[5.589s] DEBUG:colcon.colcon_parallel_executor.executor.parallel:run_until_complete finished with '2'
[5.589s] DEBUG:colcon.colcon_core.event_reactor:joining thread
[5.600s] INFO:colcon.colcon_core.plugin_system:Skipping extension 'colcon_notification.desktop_notification.terminal_notifier': Not used on non-Darwin systems
[5.600s] INFO:colcon.colcon_core.plugin_system:Skipping extension 'colcon_notification.desktop_notification.win32': Not used on non-Windows systems
[5.600s] INFO:colcon.colcon_notification.desktop_notification:Sending desktop notification using 'notify2'
[5.626s] DEBUG:colcon.colcon_core.event_reactor:joined thread
[5.627s] INFO:colcon.colcon_core.shell:Creating prefix script '/home/inteli/Documentos/culling_games/install/local_setup.sh'
[5.628s] INFO:colcon.colcon_core.shell:Creating prefix util module '/home/inteli/Documentos/culling_games/install/_local_setup_util_sh.py'
[5.629s] INFO:colcon.colcon_core.shell:Creating prefix chain script '/home/inteli/Documentos/culling_games/install/setup.sh'
[5.630s] INFO:colcon.colcon_core.shell:Creating prefix script '/home/inteli/Documentos/culling_games/install/local_setup.bash'
[5.631s] INFO:colcon.colcon_core.shell:Creating prefix chain script '/home/inteli/Documentos/culling_games/install/setup.bash'
[5.632s] INFO:colcon.colcon_core.shell:Creating prefix script '/home/inteli/Documentos/culling_games/install/local_setup.zsh'
[5.633s] INFO:colcon.colcon_core.shell:Creating prefix chain script '/home/inteli/Documentos/culling_games/install/setup.zsh'
