[1.410s] Invoking command in '/home/inteli/Documentos/culling_games/src/cg': DEBUGINFOD_URLS=https://debuginfod.ubuntu.com PYTHONPATH=/home/inteli/Documentos/culling_games/build/cg/prefix_override:/usr/lib/python3/dist-packages/colcon_core/task/python/colcon_distutils_commands:/home/inteli/Documentos/culling_games/install/cg/lib/python3.12/site-packages:/home/inteli/Documentos/culling_games/install/cg_interfaces/lib/python3.12/site-packages:/home/inteli/Documentos/culling_games/install/cg_teleop/lib/python3.12/site-packages:/home/inteli/Documentos/culling_games/install/cg/lib/python3.12/site-packages:/opt/ros/jazzy/lib/python3.12/site-packages /usr/bin/python3 -W ignore:setup.py install is deprecated -W ignore:easy_install command is deprecated setup.py egg_info --egg-base ../../build/cg build --build-base /home/inteli/Documentos/culling_games/build/cg/build install --record /home/inteli/Documentos/culling_games/build/cg/install.log --single-version-externally-managed install_data
[1.782s] running egg_info
[1.814s] writing ../../build/cg/cg.egg-info/PKG-INFO
[1.816s] writing dependency_links to ../../build/cg/cg.egg-info/dependency_links.txt
[1.817s] writing entry points to ../../build/cg/cg.egg-info/entry_points.txt
[1.818s] writing requirements to ../../build/cg/cg.egg-info/requires.txt
[1.818s] writing top-level names to ../../build/cg/cg.egg-info/top_level.txt
[1.890s] reading manifest file '../../build/cg/cg.egg-info/SOURCES.txt'
[1.892s] adding license file 'LICENSE'
[1.893s] writing manifest file '../../build/cg/cg.egg-info/SOURCES.txt'
[1.894s] running build
[1.894s] running build_py
[1.895s] running install
[1.905s] running install_lib
[1.942s] running install_data
[1.943s] running install_egg_info
[1.979s] removing '/home/inteli/Documentos/culling_games/install/cg/lib/python3.12/site-packages/cg-0.0.0-py3.12.egg-info' (and everything under it)
[1.979s] Copying ../../build/cg/cg.egg-info to /home/inteli/Documentos/culling_games/install/cg/lib/python3.12/site-packages/cg-0.0.0-py3.12.egg-info
[1.982s] running install_scripts
[2.139s] Installing edit script to /home/inteli/Documentos/culling_games/install/cg/lib/cg
[2.139s] Installing maze script to /home/inteli/Documentos/culling_games/install/cg/lib/cg
[2.139s] Installing test script to /home/inteli/Documentos/culling_games/install/cg/lib/cg
[2.139s] writing list of installed files to '/home/inteli/Documentos/culling_games/build/cg/install.log'
[2.207s] Invoked command in '/home/inteli/Documentos/culling_games/src/cg' returned '0': DEBUGINFOD_URLS=https://debuginfod.ubuntu.com PYTHONPATH=/home/inteli/Documentos/culling_games/build/cg/prefix_override:/usr/lib/python3/dist-packages/colcon_core/task/python/colcon_distutils_commands:/home/inteli/Documentos/culling_games/install/cg/lib/python3.12/site-packages:/home/inteli/Documentos/culling_games/install/cg_interfaces/lib/python3.12/site-packages:/home/inteli/Documentos/culling_games/install/cg_teleop/lib/python3.12/site-packages:/home/inteli/Documentos/culling_games/install/cg/lib/python3.12/site-packages:/opt/ros/jazzy/lib/python3.12/site-packages /usr/bin/python3 -W ignore:setup.py install is deprecated -W ignore:easy_install command is deprecated setup.py egg_info --egg-base ../../build/cg build --build-base /home/inteli/Documentos/culling_games/build/cg/build install --record /home/inteli/Documentos/culling_games/build/cg/install.log --single-version-externally-managed install_data
