[0.020s] Invoking command in '/home/inteli/Documentos/culling_games/build/cg_solver': CMAKE_PREFIX_PATH=/home/inteli/Documentos/culling_games/install/cg_interfaces:/home/inteli/Documentos/culling_games/install/cg_teleop:/home/inteli/Documentos/culling_games/install/cg:/opt/ros/jazzy:/home/inteli/Documentos/culling_games/install/cg_solver:/opt/ros/jazzy/opt/gz_math_vendor:/opt/ros/jazzy/opt/gz_utils_vendor:/opt/ros/jazzy/opt/gz_cmake_vendor DEBUGINFOD_URLS=https://debuginfod.ubuntu.com PYTHONPATH=/home/inteli/Documentos/culling_games/install/cg_interfaces/lib/python3.12/site-packages:/home/inteli/Documentos/culling_games/install/cg_teleop/lib/python3.12/site-packages:/home/inteli/Documentos/culling_games/install/cg/lib/python3.12/site-packages:/opt/ros/jazzy/lib/python3.12/site-packages /usr/bin/cmake --build /home/inteli/Documentos/culling_games/build/cg_solver -- -j12 -l12
[0.101s] [ 50%] Built target maze_solver
[0.111s] [ 75%] [32mBuilding CXX object CMakeFiles/mapear.dir/src/mapear.cpp.o[0m
[10.910s] [100%] [32m[1mLinking CXX executable mapear[0m
[11.303s] [100%] Built target mapear
[11.328s] Invoked command in '/home/inteli/Documentos/culling_games/build/cg_solver' returned '0': CMAKE_PREFIX_PATH=/home/inteli/Documentos/culling_games/install/cg_interfaces:/home/inteli/Documentos/culling_games/install/cg_teleop:/home/inteli/Documentos/culling_games/install/cg:/opt/ros/jazzy:/home/inteli/Documentos/culling_games/install/cg_solver:/opt/ros/jazzy/opt/gz_math_vendor:/opt/ros/jazzy/opt/gz_utils_vendor:/opt/ros/jazzy/opt/gz_cmake_vendor DEBUGINFOD_URLS=https://debuginfod.ubuntu.com PYTHONPATH=/home/inteli/Documentos/culling_games/install/cg_interfaces/lib/python3.12/site-packages:/home/inteli/Documentos/culling_games/install/cg_teleop/lib/python3.12/site-packages:/home/inteli/Documentos/culling_games/install/cg/lib/python3.12/site-packages:/opt/ros/jazzy/lib/python3.12/site-packages /usr/bin/cmake --build /home/inteli/Documentos/culling_games/build/cg_solver -- -j12 -l12
[11.359s] Invoking command in '/home/inteli/Documentos/culling_games/build/cg_solver': CMAKE_PREFIX_PATH=/home/inteli/Documentos/culling_games/install/cg_interfaces:/home/inteli/Documentos/culling_games/install/cg_teleop:/home/inteli/Documentos/culling_games/install/cg:/opt/ros/jazzy:/home/inteli/Documentos/culling_games/install/cg_solver:/opt/ros/jazzy/opt/gz_math_vendor:/opt/ros/jazzy/opt/gz_utils_vendor:/opt/ros/jazzy/opt/gz_cmake_vendor DEBUGINFOD_URLS=https://debuginfod.ubuntu.com PYTHONPATH=/home/inteli/Documentos/culling_games/install/cg_interfaces/lib/python3.12/site-packages:/home/inteli/Documentos/culling_games/install/cg_teleop/lib/python3.12/site-packages:/home/inteli/Documentos/culling_games/install/cg/lib/python3.12/site-packages:/opt/ros/jazzy/lib/python3.12/site-packages /usr/bin/cmake --install /home/inteli/Documentos/culling_games/build/cg_solver
[11.379s] -- Install configuration: ""
[11.379s] -- Up-to-date: /home/inteli/Documentos/culling_games/install/cg_solver/lib/cg_solver/maze_solver
[11.379s] -- Installing: /home/inteli/Documentos/culling_games/install/cg_solver/lib/cg_solver/mapear
[11.390s] -- Set non-toolchain portion of runtime path of "/home/inteli/Documentos/culling_games/install/cg_solver/lib/cg_solver/mapear" to ""
[11.390s] -- Up-to-date: /home/inteli/Documentos/culling_games/install/cg_solver/share/ament_index/resource_index/package_run_dependencies/cg_solver
[11.391s] -- Up-to-date: /home/inteli/Documentos/culling_games/install/cg_solver/share/ament_index/resource_index/parent_prefix_path/cg_solver
[11.391s] -- Up-to-date: /home/inteli/Documentos/culling_games/install/cg_solver/share/cg_solver/environment/ament_prefix_path.sh
[11.391s] -- Up-to-date: /home/inteli/Documentos/culling_games/install/cg_solver/share/cg_solver/environment/ament_prefix_path.dsv
[11.392s] -- Up-to-date: /home/inteli/Documentos/culling_games/install/cg_solver/share/cg_solver/environment/path.sh
[11.392s] -- Up-to-date: /home/inteli/Documentos/culling_games/install/cg_solver/share/cg_solver/environment/path.dsv
[11.392s] -- Up-to-date: /home/inteli/Documentos/culling_games/install/cg_solver/share/cg_solver/local_setup.bash
[11.392s] -- Up-to-date: /home/inteli/Documentos/culling_games/install/cg_solver/share/cg_solver/local_setup.sh
[11.393s] -- Up-to-date: /home/inteli/Documentos/culling_games/install/cg_solver/share/cg_solver/local_setup.zsh
[11.394s] -- Up-to-date: /home/inteli/Documentos/culling_games/install/cg_solver/share/cg_solver/local_setup.dsv
[11.395s] -- Installing: /home/inteli/Documentos/culling_games/install/cg_solver/share/cg_solver/package.dsv
[11.396s] -- Up-to-date: /home/inteli/Documentos/culling_games/install/cg_solver/share/ament_index/resource_index/packages/cg_solver
[11.396s] -- Up-to-date: /home/inteli/Documentos/culling_games/install/cg_solver/share/cg_solver/cmake/cg_solverConfig.cmake
[11.397s] -- Up-to-date: /home/inteli/Documentos/culling_games/install/cg_solver/share/cg_solver/cmake/cg_solverConfig-version.cmake
[11.397s] -- Up-to-date: /home/inteli/Documentos/culling_games/install/cg_solver/share/cg_solver/package.xml
[11.398s] Invoked command in '/home/inteli/Documentos/culling_games/build/cg_solver' returned '0': CMAKE_PREFIX_PATH=/home/inteli/Documentos/culling_games/install/cg_interfaces:/home/inteli/Documentos/culling_games/install/cg_teleop:/home/inteli/Documentos/culling_games/install/cg:/opt/ros/jazzy:/home/inteli/Documentos/culling_games/install/cg_solver:/opt/ros/jazzy/opt/gz_math_vendor:/opt/ros/jazzy/opt/gz_utils_vendor:/opt/ros/jazzy/opt/gz_cmake_vendor DEBUGINFOD_URLS=https://debuginfod.ubuntu.com PYTHONPATH=/home/inteli/Documentos/culling_games/install/cg_interfaces/lib/python3.12/site-packages:/home/inteli/Documentos/culling_games/install/cg_teleop/lib/python3.12/site-packages:/home/inteli/Documentos/culling_games/install/cg/lib/python3.12/site-packages:/opt/ros/jazzy/lib/python3.12/site-packages /usr/bin/cmake --install /home/inteli/Documentos/culling_games/build/cg_solver
