[2.410s] Invoking command in '/home/inteli/Documentos/culling_games/src/cg_teleop': AMENT_PREFIX_PATH=/home/inteli/Documentos/culling_games/install/cg_interfaces:${AMENT_PREFIX_PATH} CMAKE_PREFIX_PATH=/home/inteli/Documentos/culling_games/install/cg_interfaces:${CMAKE_PREFIX_PATH} DEBUGINFOD_URLS=https://debuginfod.ubuntu.com LD_LIBRARY_PATH=/home/inteli/Documentos/culling_games/install/cg_interfaces/lib:${LD_LIBRARY_PATH} PYTHONPATH=/home/inteli/Documentos/culling_games/build/cg_teleop/prefix_override:/usr/lib/python3/dist-packages/colcon_core/task/python/colcon_distutils_commands:/home/inteli/Documentos/culling_games/install/cg_teleop/lib/python3.12/site-packages:/home/inteli/Documentos/culling_games/install/cg_interfaces/lib/python3.12/site-packages:${PYTHONPATH} /usr/bin/python3 -W ignore:setup.py install is deprecated -W ignore:easy_install command is deprecated setup.py egg_info --egg-base ../../build/cg_teleop build --build-base /home/inteli/Documentos/culling_games/build/cg_teleop/build install --record /home/inteli/Documentos/culling_games/build/cg_teleop/install.log --single-version-externally-managed install_data
[2.981s] running egg_info
[3.021s] writing ../../build/cg_teleop/cg_teleop.egg-info/PKG-INFO
[3.022s] writing dependency_links to ../../build/cg_teleop/cg_teleop.egg-info/dependency_links.txt
[3.026s] writing entry points to ../../build/cg_teleop/cg_teleop.egg-info/entry_points.txt
[3.029s] writing requirements to ../../build/cg_teleop/cg_teleop.egg-info/requires.txt
[3.032s] writing top-level names to ../../build/cg_teleop/cg_teleop.egg-info/top_level.txt
[3.117s] reading manifest file '../../build/cg_teleop/cg_teleop.egg-info/SOURCES.txt'
[3.120s] writing manifest file '../../build/cg_teleop/cg_teleop.egg-info/SOURCES.txt'
[3.120s] running build
[3.120s] running build_py
[3.121s] running install
[3.133s] running install_lib
[3.175s] running install_data
[3.175s] running install_egg_info
[3.219s] removing '/home/inteli/Documentos/culling_games/install/cg_teleop/lib/python3.12/site-packages/cg_teleop-0.0.0-py3.12.egg-info' (and everything under it)
[3.219s] Copying ../../build/cg_teleop/cg_teleop.egg-info to /home/inteli/Documentos/culling_games/install/cg_teleop/lib/python3.12/site-packages/cg_teleop-0.0.0-py3.12.egg-info
[3.222s] running install_scripts
[3.499s] Installing teleop_keyboard script to /home/inteli/Documentos/culling_games/install/cg_teleop/lib/cg_teleop
[3.500s] writing list of installed files to '/home/inteli/Documentos/culling_games/build/cg_teleop/install.log'
[3.578s] Invoked command in '/home/inteli/Documentos/culling_games/src/cg_teleop' returned '0': AMENT_PREFIX_PATH=/home/inteli/Documentos/culling_games/install/cg_interfaces:${AMENT_PREFIX_PATH} CMAKE_PREFIX_PATH=/home/inteli/Documentos/culling_games/install/cg_interfaces:${CMAKE_PREFIX_PATH} DEBUGINFOD_URLS=https://debuginfod.ubuntu.com LD_LIBRARY_PATH=/home/inteli/Documentos/culling_games/install/cg_interfaces/lib:${LD_LIBRARY_PATH} PYTHONPATH=/home/inteli/Documentos/culling_games/build/cg_teleop/prefix_override:/usr/lib/python3/dist-packages/colcon_core/task/python/colcon_distutils_commands:/home/inteli/Documentos/culling_games/install/cg_teleop/lib/python3.12/site-packages:/home/inteli/Documentos/culling_games/install/cg_interfaces/lib/python3.12/site-packages:${PYTHONPATH} /usr/bin/python3 -W ignore:setup.py install is deprecated -W ignore:easy_install command is deprecated setup.py egg_info --egg-base ../../build/cg_teleop build --build-base /home/inteli/Documentos/culling_games/build/cg_teleop/build install --record /home/inteli/Documentos/culling_games/build/cg_teleop/install.log --single-version-externally-managed install_data
