[0.074s] DEBUG:colcon:Command line arguments: ['/usr/bin/colcon', 'build']
[0.074s] DEBUG:colcon:Parsed command line arguments: Namespace(log_base=None, log_level=None, verb_name='build', build_base='build', install_base='install', merge_install=False, symlink_install=False, test_result_base=None, continue_on_error=False, executor='parallel', parallel_workers=12, event_handlers=None, ignore_user_meta=False, metas=['./colcon.meta'], base_paths=['.'], packages_ignore=None, packages_ignore_regex=None, paths=None, packages_up_to=None, packages_up_to_regex=None, packages_above=None, packages_above_and_dependencies=None, packages_above_depth=None, packages_select_by_dep=None, packages_skip_by_dep=None, packages_skip_up_to=None, packages_select_build_failed=False, packages_skip_build_finished=False, packages_select_test_failures=False, packages_skip_test_passed=False, packages_select=None, packages_skip=None, packages_select_regex=None, packages_skip_regex=None, packages_start=None, packages_end=None, cmake_args=None, cmake_target=None, cmake_target_skip_unavailable=False, cmake_clean_cache=False, cmake_clean_first=False, cmake_force_configure=False, ament_cmake_args=None, catkin_cmake_args=None, catkin_skip_building_tests=False, verb_parser=<colcon_defaults.argument_parser.defaults.DefaultArgumentsDecorator object at 0x760de61fc4d0>, verb_extension=<colcon_core.verb.build.BuildVerb object at 0x760de63179b0>, main=<bound method BuildVerb.main of <colcon_core.verb.build.BuildVerb object at 0x760de63179b0>>)
[0.105s] Level 1:colcon.colcon_core.package_discovery:discover_packages(colcon_meta) check parameters
[0.105s] Level 1:colcon.colcon_core.package_discovery:discover_packages(recursive) check parameters
[0.105s] Level 1:colcon.colcon_core.package_discovery:discover_packages(ignore) check parameters
[0.105s] Level 1:colcon.colcon_core.package_discovery:discover_packages(path) check parameters
[0.105s] Level 1:colcon.colcon_core.package_discovery:discover_packages(colcon_meta) discover
[0.105s] Level 1:colcon.colcon_core.package_discovery:discover_packages(recursive) discover
[0.105s] INFO:colcon.colcon_core.package_discovery:Crawling recursively for packages in '/home/inteli/Documentos/culling_games'
[0.105s] Level 1:colcon.colcon_core.package_identification:_identify(.) by extensions ['ignore', 'ignore_ament_install']
[0.105s] Level 1:colcon.colcon_core.package_identification:_identify(.) by extension 'ignore'
[0.105s] Level 1:colcon.colcon_core.package_identification:_identify(.) by extension 'ignore_ament_install'
[0.105s] Level 1:colcon.colcon_core.package_identification:_identify(.) by extensions ['colcon_pkg']
[0.105s] Level 1:colcon.colcon_core.package_identification:_identify(.) by extension 'colcon_pkg'
[0.105s] Level 1:colcon.colcon_core.package_identification:_identify(.) by extensions ['colcon_meta']
[0.105s] Level 1:colcon.colcon_core.package_identification:_identify(.) by extension 'colcon_meta'
[0.105s] Level 1:colcon.colcon_core.package_identification:_identify(.) by extensions ['ros']
[0.105s] Level 1:colcon.colcon_core.package_identification:_identify(.) by extension 'ros'
[0.125s] Level 1:colcon.colcon_core.package_identification:_identify(.) by extensions ['cmake', 'python']
[0.126s] Level 1:colcon.colcon_core.package_identification:_identify(.) by extension 'cmake'
[0.126s] Level 1:colcon.colcon_core.package_identification:_identify(.) by extension 'python'
[0.126s] Level 1:colcon.colcon_core.package_identification:_identify(.) by extensions ['python_setup_py']
[0.126s] Level 1:colcon.colcon_core.package_identification:_identify(.) by extension 'python_setup_py'
[0.126s] Level 1:colcon.colcon_core.package_identification:_identify(build) by extensions ['ignore', 'ignore_ament_install']
[0.126s] Level 1:colcon.colcon_core.package_identification:_identify(build) by extension 'ignore'
[0.126s] Level 1:colcon.colcon_core.package_identification:_identify(build) ignored
[0.126s] Level 1:colcon.colcon_core.package_identification:_identify(install) by extensions ['ignore', 'ignore_ament_install']
[0.126s] Level 1:colcon.colcon_core.package_identification:_identify(install) by extension 'ignore'
[0.126s] Level 1:colcon.colcon_core.package_identification:_identify(install) ignored
[0.126s] Level 1:colcon.colcon_core.package_identification:_identify(lobotomy_kaisen) by extensions ['ignore', 'ignore_ament_install']
[0.126s] Level 1:colcon.colcon_core.package_identification:_identify(lobotomy_kaisen) by extension 'ignore'
[0.126s] Level 1:colcon.colcon_core.package_identification:_identify(lobotomy_kaisen) by extension 'ignore_ament_install'
[0.126s] Level 1:colcon.colcon_core.package_identification:_identify(lobotomy_kaisen) by extensions ['colcon_pkg']
[0.126s] Level 1:colcon.colcon_core.package_identification:_identify(lobotomy_kaisen) by extension 'colcon_pkg'
[0.126s] Level 1:colcon.colcon_core.package_identification:_identify(lobotomy_kaisen) by extensions ['colcon_meta']
[0.126s] Level 1:colcon.colcon_core.package_identification:_identify(lobotomy_kaisen) by extension 'colcon_meta'
[0.126s] Level 1:colcon.colcon_core.package_identification:_identify(lobotomy_kaisen) by extensions ['ros']
[0.126s] Level 1:colcon.colcon_core.package_identification:_identify(lobotomy_kaisen) by extension 'ros'
[0.126s] Level 1:colcon.colcon_core.package_identification:_identify(lobotomy_kaisen) by extensions ['cmake', 'python']
[0.126s] Level 1:colcon.colcon_core.package_identification:_identify(lobotomy_kaisen) by extension 'cmake'
[0.126s] Level 1:colcon.colcon_core.package_identification:_identify(lobotomy_kaisen) by extension 'python'
[0.127s] Level 1:colcon.colcon_core.package_identification:_identify(lobotomy_kaisen) by extensions ['python_setup_py']
[0.127s] Level 1:colcon.colcon_core.package_identification:_identify(lobotomy_kaisen) by extension 'python_setup_py'
[0.127s] Level 1:colcon.colcon_core.package_identification:_identify(log) by extensions ['ignore', 'ignore_ament_install']
[0.127s] Level 1:colcon.colcon_core.package_identification:_identify(log) by extension 'ignore'
[0.127s] Level 1:colcon.colcon_core.package_identification:_identify(log) ignored
[0.127s] Level 1:colcon.colcon_core.package_identification:_identify(src) by extensions ['ignore', 'ignore_ament_install']
[0.127s] Level 1:colcon.colcon_core.package_identification:_identify(src) by extension 'ignore'
[0.127s] Level 1:colcon.colcon_core.package_identification:_identify(src) by extension 'ignore_ament_install'
[0.127s] Level 1:colcon.colcon_core.package_identification:_identify(src) by extensions ['colcon_pkg']
[0.127s] Level 1:colcon.colcon_core.package_identification:_identify(src) by extension 'colcon_pkg'
[0.127s] Level 1:colcon.colcon_core.package_identification:_identify(src) by extensions ['colcon_meta']
[0.127s] Level 1:colcon.colcon_core.package_identification:_identify(src) by extension 'colcon_meta'
[0.127s] Level 1:colcon.colcon_core.package_identification:_identify(src) by extensions ['ros']
[0.127s] Level 1:colcon.colcon_core.package_identification:_identify(src) by extension 'ros'
[0.127s] Level 1:colcon.colcon_core.package_identification:_identify(src) by extensions ['cmake', 'python']
[0.127s] Level 1:colcon.colcon_core.package_identification:_identify(src) by extension 'cmake'
[0.127s] Level 1:colcon.colcon_core.package_identification:_identify(src) by extension 'python'
[0.127s] Level 1:colcon.colcon_core.package_identification:_identify(src) by extensions ['python_setup_py']
[0.127s] Level 1:colcon.colcon_core.package_identification:_identify(src) by extension 'python_setup_py'
[0.127s] Level 1:colcon.colcon_core.package_identification:_identify(src/cg) by extensions ['ignore', 'ignore_ament_install']
[0.127s] Level 1:colcon.colcon_core.package_identification:_identify(src/cg) by extension 'ignore'
[0.127s] Level 1:colcon.colcon_core.package_identification:_identify(src/cg) by extension 'ignore_ament_install'
[0.127s] Level 1:colcon.colcon_core.package_identification:_identify(src/cg) by extensions ['colcon_pkg']
[0.127s] Level 1:colcon.colcon_core.package_identification:_identify(src/cg) by extension 'colcon_pkg'
[0.127s] Level 1:colcon.colcon_core.package_identification:_identify(src/cg) by extensions ['colcon_meta']
[0.127s] Level 1:colcon.colcon_core.package_identification:_identify(src/cg) by extension 'colcon_meta'
[0.127s] Level 1:colcon.colcon_core.package_identification:_identify(src/cg) by extensions ['ros']
[0.127s] Level 1:colcon.colcon_core.package_identification:_identify(src/cg) by extension 'ros'
[0.129s] DEBUG:colcon.colcon_core.package_identification:Package 'src/cg' with type 'ros.ament_python' and name 'cg'
[0.129s] Level 1:colcon.colcon_core.package_identification:_identify(src/cg_interfaces) by extensions ['ignore', 'ignore_ament_install']
[0.130s] Level 1:colcon.colcon_core.package_identification:_identify(src/cg_interfaces) by extension 'ignore'
[0.130s] Level 1:colcon.colcon_core.package_identification:_identify(src/cg_interfaces) by extension 'ignore_ament_install'
[0.130s] Level 1:colcon.colcon_core.package_identification:_identify(src/cg_interfaces) by extensions ['colcon_pkg']
[0.130s] Level 1:colcon.colcon_core.package_identification:_identify(src/cg_interfaces) by extension 'colcon_pkg'
[0.130s] Level 1:colcon.colcon_core.package_identification:_identify(src/cg_interfaces) by extensions ['colcon_meta']
[0.130s] Level 1:colcon.colcon_core.package_identification:_identify(src/cg_interfaces) by extension 'colcon_meta'
[0.130s] Level 1:colcon.colcon_core.package_identification:_identify(src/cg_interfaces) by extensions ['ros']
[0.130s] Level 1:colcon.colcon_core.package_identification:_identify(src/cg_interfaces) by extension 'ros'
[0.130s] DEBUG:colcon.colcon_core.package_identification:Package 'src/cg_interfaces' with type 'ros.ament_cmake' and name 'cg_interfaces'
[0.130s] Level 1:colcon.colcon_core.package_identification:_identify(src/cg_solver) by extensions ['ignore', 'ignore_ament_install']
[0.130s] Level 1:colcon.colcon_core.package_identification:_identify(src/cg_solver) by extension 'ignore'
[0.130s] Level 1:colcon.colcon_core.package_identification:_identify(src/cg_solver) by extension 'ignore_ament_install'
[0.130s] Level 1:colcon.colcon_core.package_identification:_identify(src/cg_solver) by extensions ['colcon_pkg']
[0.130s] Level 1:colcon.colcon_core.package_identification:_identify(src/cg_solver) by extension 'colcon_pkg'
[0.130s] Level 1:colcon.colcon_core.package_identification:_identify(src/cg_solver) by extensions ['colcon_meta']
[0.130s] Level 1:colcon.colcon_core.package_identification:_identify(src/cg_solver) by extension 'colcon_meta'
[0.130s] Level 1:colcon.colcon_core.package_identification:_identify(src/cg_solver) by extensions ['ros']
[0.130s] Level 1:colcon.colcon_core.package_identification:_identify(src/cg_solver) by extension 'ros'
[0.131s] DEBUG:colcon.colcon_core.package_identification:Found ROS schema reference in package manifest in 'src/cg_solver'
[0.131s] WARNING:colcon.colcon_core.package_identification:Failed to parse ROS package manifest in 'src/cg_solver': Error(s) in package 'src/cg_solver/package.xml':
The package "cg_solver" must not "build_depend" on a package with the same name as this package
The package "cg_solver" must not "build_export_depend" on a package with the same name as this package
The package "cg_solver" must not "exec_depend" on a package with the same name as this package
[0.131s] Level 1:colcon.colcon_core.package_identification:_identify(src/cg_solver) by extensions ['cmake', 'python']
[0.131s] Level 1:colcon.colcon_core.package_identification:_identify(src/cg_solver) by extension 'cmake'
[0.133s] Level 1:colcon.colcon_core.package_identification:_identify(src/cg_solver) by extension 'python'
[0.133s] DEBUG:colcon.colcon_core.package_identification:Package 'src/cg_solver' with type 'cmake' and name 'cg_solver'
[0.133s] Level 1:colcon.colcon_core.package_identification:_identify(src/cg_teleop) by extensions ['ignore', 'ignore_ament_install']
[0.133s] Level 1:colcon.colcon_core.package_identification:_identify(src/cg_teleop) by extension 'ignore'
[0.133s] Level 1:colcon.colcon_core.package_identification:_identify(src/cg_teleop) by extension 'ignore_ament_install'
[0.133s] Level 1:colcon.colcon_core.package_identification:_identify(src/cg_teleop) by extensions ['colcon_pkg']
[0.134s] Level 1:colcon.colcon_core.package_identification:_identify(src/cg_teleop) by extension 'colcon_pkg'
[0.134s] Level 1:colcon.colcon_core.package_identification:_identify(src/cg_teleop) by extensions ['colcon_meta']
[0.134s] Level 1:colcon.colcon_core.package_identification:_identify(src/cg_teleop) by extension 'colcon_meta'
[0.134s] Level 1:colcon.colcon_core.package_identification:_identify(src/cg_teleop) by extensions ['ros']
[0.134s] Level 1:colcon.colcon_core.package_identification:_identify(src/cg_teleop) by extension 'ros'
[0.134s] DEBUG:colcon.colcon_core.package_identification:Package 'src/cg_teleop' with type 'ros.ament_python' and name 'cg_teleop'
[0.134s] Level 1:colcon.colcon_core.package_discovery:discover_packages(recursive) using defaults
[0.134s] Level 1:colcon.colcon_core.package_discovery:discover_packages(ignore) discover
[0.134s] Level 1:colcon.colcon_core.package_discovery:discover_packages(ignore) using defaults
[0.134s] Level 1:colcon.colcon_core.package_discovery:discover_packages(path) discover
[0.134s] Level 1:colcon.colcon_core.package_discovery:discover_packages(path) using defaults
[0.149s] Level 5:colcon.colcon_core.verb:set package 'cg_interfaces' build argument 'cmake_args' from command line to 'None'
[0.149s] Level 5:colcon.colcon_core.verb:set package 'cg_interfaces' build argument 'cmake_target' from command line to 'None'
[0.149s] Level 5:colcon.colcon_core.verb:set package 'cg_interfaces' build argument 'cmake_target_skip_unavailable' from command line to 'False'
[0.149s] Level 5:colcon.colcon_core.verb:set package 'cg_interfaces' build argument 'cmake_clean_cache' from command line to 'False'
[0.149s] Level 5:colcon.colcon_core.verb:set package 'cg_interfaces' build argument 'cmake_clean_first' from command line to 'False'
[0.149s] Level 5:colcon.colcon_core.verb:set package 'cg_interfaces' build argument 'cmake_force_configure' from command line to 'False'
[0.149s] Level 5:colcon.colcon_core.verb:set package 'cg_interfaces' build argument 'ament_cmake_args' from command line to 'None'
[0.149s] Level 5:colcon.colcon_core.verb:set package 'cg_interfaces' build argument 'catkin_cmake_args' from command line to 'None'
[0.149s] Level 5:colcon.colcon_core.verb:set package 'cg_interfaces' build argument 'catkin_skip_building_tests' from command line to 'False'
[0.149s] DEBUG:colcon.colcon_core.verb:Building package 'cg_interfaces' with the following arguments: {'ament_cmake_args': None, 'build_base': '/home/inteli/Documentos/culling_games/build/cg_interfaces', 'catkin_cmake_args': None, 'catkin_skip_building_tests': False, 'cmake_args': None, 'cmake_clean_cache': False, 'cmake_clean_first': False, 'cmake_force_configure': False, 'cmake_target': None, 'cmake_target_skip_unavailable': False, 'install_base': '/home/inteli/Documentos/culling_games/install/cg_interfaces', 'merge_install': False, 'path': '/home/inteli/Documentos/culling_games/src/cg_interfaces', 'symlink_install': False, 'test_result_base': None}
[0.149s] Level 5:colcon.colcon_core.verb:set package 'cg' build argument 'cmake_args' from command line to 'None'
[0.149s] Level 5:colcon.colcon_core.verb:set package 'cg' build argument 'cmake_target' from command line to 'None'
[0.149s] Level 5:colcon.colcon_core.verb:set package 'cg' build argument 'cmake_target_skip_unavailable' from command line to 'False'
[0.150s] Level 5:colcon.colcon_core.verb:set package 'cg' build argument 'cmake_clean_cache' from command line to 'False'
[0.150s] Level 5:colcon.colcon_core.verb:set package 'cg' build argument 'cmake_clean_first' from command line to 'False'
[0.150s] Level 5:colcon.colcon_core.verb:set package 'cg' build argument 'cmake_force_configure' from command line to 'False'
[0.150s] Level 5:colcon.colcon_core.verb:set package 'cg' build argument 'ament_cmake_args' from command line to 'None'
[0.150s] Level 5:colcon.colcon_core.verb:set package 'cg' build argument 'catkin_cmake_args' from command line to 'None'
[0.150s] Level 5:colcon.colcon_core.verb:set package 'cg' build argument 'catkin_skip_building_tests' from command line to 'False'
[0.150s] DEBUG:colcon.colcon_core.verb:Building package 'cg' with the following arguments: {'ament_cmake_args': None, 'build_base': '/home/inteli/Documentos/culling_games/build/cg', 'catkin_cmake_args': None, 'catkin_skip_building_tests': False, 'cmake_args': None, 'cmake_clean_cache': False, 'cmake_clean_first': False, 'cmake_force_configure': False, 'cmake_target': None, 'cmake_target_skip_unavailable': False, 'install_base': '/home/inteli/Documentos/culling_games/install/cg', 'merge_install': False, 'path': '/home/inteli/Documentos/culling_games/src/cg', 'symlink_install': False, 'test_result_base': None}
[0.150s] Level 5:colcon.colcon_core.verb:set package 'cg_solver' build argument 'cmake_args' from command line to 'None'
[0.150s] Level 5:colcon.colcon_core.verb:set package 'cg_solver' build argument 'cmake_target' from command line to 'None'
[0.150s] Level 5:colcon.colcon_core.verb:set package 'cg_solver' build argument 'cmake_target_skip_unavailable' from command line to 'False'
[0.150s] Level 5:colcon.colcon_core.verb:set package 'cg_solver' build argument 'cmake_clean_cache' from command line to 'False'
[0.150s] Level 5:colcon.colcon_core.verb:set package 'cg_solver' build argument 'cmake_clean_first' from command line to 'False'
[0.150s] Level 5:colcon.colcon_core.verb:set package 'cg_solver' build argument 'cmake_force_configure' from command line to 'False'
[0.150s] Level 5:colcon.colcon_core.verb:set package 'cg_solver' build argument 'ament_cmake_args' from command line to 'None'
[0.150s] Level 5:colcon.colcon_core.verb:set package 'cg_solver' build argument 'catkin_cmake_args' from command line to 'None'
[0.150s] Level 5:colcon.colcon_core.verb:set package 'cg_solver' build argument 'catkin_skip_building_tests' from command line to 'False'
[0.150s] DEBUG:colcon.colcon_core.verb:Building package 'cg_solver' with the following arguments: {'ament_cmake_args': None, 'build_base': '/home/inteli/Documentos/culling_games/build/cg_solver', 'catkin_cmake_args': None, 'catkin_skip_building_tests': False, 'cmake_args': None, 'cmake_clean_cache': False, 'cmake_clean_first': False, 'cmake_force_configure': False, 'cmake_target': None, 'cmake_target_skip_unavailable': False, 'install_base': '/home/inteli/Documentos/culling_games/install/cg_solver', 'merge_install': False, 'path': '/home/inteli/Documentos/culling_games/src/cg_solver', 'symlink_install': False, 'test_result_base': None}
[0.150s] Level 5:colcon.colcon_core.verb:set package 'cg_teleop' build argument 'cmake_args' from command line to 'None'
[0.150s] Level 5:colcon.colcon_core.verb:set package 'cg_teleop' build argument 'cmake_target' from command line to 'None'
[0.150s] Level 5:colcon.colcon_core.verb:set package 'cg_teleop' build argument 'cmake_target_skip_unavailable' from command line to 'False'
[0.150s] Level 5:colcon.colcon_core.verb:set package 'cg_teleop' build argument 'cmake_clean_cache' from command line to 'False'
[0.150s] Level 5:colcon.colcon_core.verb:set package 'cg_teleop' build argument 'cmake_clean_first' from command line to 'False'
[0.150s] Level 5:colcon.colcon_core.verb:set package 'cg_teleop' build argument 'cmake_force_configure' from command line to 'False'
[0.150s] Level 5:colcon.colcon_core.verb:set package 'cg_teleop' build argument 'ament_cmake_args' from command line to 'None'
[0.150s] Level 5:colcon.colcon_core.verb:set package 'cg_teleop' build argument 'catkin_cmake_args' from command line to 'None'
[0.150s] Level 5:colcon.colcon_core.verb:set package 'cg_teleop' build argument 'catkin_skip_building_tests' from command line to 'False'
[0.150s] DEBUG:colcon.colcon_core.verb:Building package 'cg_teleop' with the following arguments: {'ament_cmake_args': None, 'build_base': '/home/inteli/Documentos/culling_games/build/cg_teleop', 'catkin_cmake_args': None, 'catkin_skip_building_tests': False, 'cmake_args': None, 'cmake_clean_cache': False, 'cmake_clean_first': False, 'cmake_force_configure': False, 'cmake_target': None, 'cmake_target_skip_unavailable': False, 'install_base': '/home/inteli/Documentos/culling_games/install/cg_teleop', 'merge_install': False, 'path': '/home/inteli/Documentos/culling_games/src/cg_teleop', 'symlink_install': False, 'test_result_base': None}
[0.150s] INFO:colcon.colcon_core.executor:Executing jobs using 'parallel' executor
[0.151s] DEBUG:colcon.colcon_parallel_executor.executor.parallel:run_until_complete
[0.152s] INFO:colcon.colcon_ros.task.ament_cmake.build:Building ROS package in '/home/inteli/Documentos/culling_games/src/cg_interfaces' with build type 'ament_cmake'
[0.152s] INFO:colcon.colcon_cmake.task.cmake.build:Building CMake package in '/home/inteli/Documentos/culling_games/src/cg_interfaces'
[0.154s] INFO:colcon.colcon_core.plugin_system:Skipping extension 'colcon_core.shell.bat': Not used on non-Windows systems
[0.154s] DEBUG:colcon.colcon_core.shell:Skip shell extension 'dsv' for command environment
[0.163s] DEBUG:colcon.colcon_core.event_handler.log_command:Invoking command in '/home/inteli/Documentos/culling_games/build/cg_interfaces': CMAKE_PREFIX_PATH=${CMAKE_PREFIX_PATH}:/opt/ros/jazzy DEBUGINFOD_URLS=https://debuginfod.ubuntu.com /usr/bin/cmake --build /home/inteli/Documentos/culling_games/build/cg_interfaces -- -j12 -l12
[0.527s] DEBUG:colcon.colcon_core.event_handler.log_command:Invoked command in '/home/inteli/Documentos/culling_games/build/cg_interfaces' returned '0': CMAKE_PREFIX_PATH=${CMAKE_PREFIX_PATH}:/opt/ros/jazzy DEBUGINFOD_URLS=https://debuginfod.ubuntu.com /usr/bin/cmake --build /home/inteli/Documentos/culling_games/build/cg_interfaces -- -j12 -l12
[0.540s] DEBUG:colcon.colcon_core.event_handler.log_command:Invoking command in '/home/inteli/Documentos/culling_games/build/cg_interfaces': CMAKE_PREFIX_PATH=${CMAKE_PREFIX_PATH}:/opt/ros/jazzy DEBUGINFOD_URLS=https://debuginfod.ubuntu.com /usr/bin/cmake --install /home/inteli/Documentos/culling_games/build/cg_interfaces
[0.609s] Level 1:colcon.colcon_core.environment:create_environment_scripts_only(cg_interfaces)
[0.610s] DEBUG:colcon.colcon_core.event_handler.log_command:Invoked command in '/home/inteli/Documentos/culling_games/build/cg_interfaces' returned '0': CMAKE_PREFIX_PATH=${CMAKE_PREFIX_PATH}:/opt/ros/jazzy DEBUGINFOD_URLS=https://debuginfod.ubuntu.com /usr/bin/cmake --install /home/inteli/Documentos/culling_games/build/cg_interfaces
[0.613s] Level 1:colcon.colcon_core.environment:checking '/home/inteli/Documentos/culling_games/install/cg_interfaces' for CMake module files
[0.614s] Level 1:colcon.colcon_core.environment:checking '/home/inteli/Documentos/culling_games/install/cg_interfaces' for CMake config files
[0.615s] Level 1:colcon.colcon_core.shell:create_environment_hook('cg_interfaces', 'cmake_prefix_path')
[0.615s] INFO:colcon.colcon_core.shell:Creating environment descriptor '/home/inteli/Documentos/culling_games/install/cg_interfaces/share/cg_interfaces/hook/cmake_prefix_path.dsv'
[0.616s] INFO:colcon.colcon_core.shell:Creating environment hook '/home/inteli/Documentos/culling_games/install/cg_interfaces/share/cg_interfaces/hook/cmake_prefix_path.sh'
[0.617s] Level 1:colcon.colcon_core.environment:checking '/home/inteli/Documentos/culling_games/install/cg_interfaces/lib'
[0.618s] Level 1:colcon.colcon_core.shell:create_environment_hook('cg_interfaces', 'ld_library_path_lib')
[0.618s] INFO:colcon.colcon_core.shell:Creating environment descriptor '/home/inteli/Documentos/culling_games/install/cg_interfaces/share/cg_interfaces/hook/ld_library_path_lib.dsv'
[0.618s] INFO:colcon.colcon_core.shell:Creating environment hook '/home/inteli/Documentos/culling_games/install/cg_interfaces/share/cg_interfaces/hook/ld_library_path_lib.sh'
[0.619s] Level 1:colcon.colcon_core.environment:checking '/home/inteli/Documentos/culling_games/install/cg_interfaces/bin'
[0.619s] Level 1:colcon.colcon_core.environment:checking '/home/inteli/Documentos/culling_games/install/cg_interfaces/lib/pkgconfig/cg_interfaces.pc'
[0.622s] Level 1:colcon.colcon_core.environment:checking '/home/inteli/Documentos/culling_games/install/cg_interfaces/lib/python3.12/site-packages'
[0.623s] Level 1:colcon.colcon_core.shell:create_environment_hook('cg_interfaces', 'pythonpath')
[0.623s] INFO:colcon.colcon_core.shell:Creating environment descriptor '/home/inteli/Documentos/culling_games/install/cg_interfaces/share/cg_interfaces/hook/pythonpath.dsv'
[0.624s] INFO:colcon.colcon_core.shell:Creating environment hook '/home/inteli/Documentos/culling_games/install/cg_interfaces/share/cg_interfaces/hook/pythonpath.sh'
[0.625s] Level 1:colcon.colcon_core.environment:checking '/home/inteli/Documentos/culling_games/install/cg_interfaces/bin'
[0.625s] INFO:colcon.colcon_core.shell:Creating package descriptor '/home/inteli/Documentos/culling_games/install/cg_interfaces/share/cg_interfaces/package.dsv'
[0.626s] INFO:colcon.colcon_core.shell:Creating package script '/home/inteli/Documentos/culling_games/install/cg_interfaces/share/cg_interfaces/package.sh'
[0.627s] INFO:colcon.colcon_core.shell:Creating package script '/home/inteli/Documentos/culling_games/install/cg_interfaces/share/cg_interfaces/package.bash'
[0.628s] INFO:colcon.colcon_core.shell:Creating package script '/home/inteli/Documentos/culling_games/install/cg_interfaces/share/cg_interfaces/package.zsh'
[0.628s] Level 1:colcon.colcon_core.environment:create_file_with_runtime_dependencies(/home/inteli/Documentos/culling_games/install/cg_interfaces/share/colcon-core/packages/cg_interfaces)
[0.629s] Level 1:colcon.colcon_core.environment:create_environment_scripts_only(cg_interfaces)
[0.629s] Level 1:colcon.colcon_core.environment:checking '/home/inteli/Documentos/culling_games/install/cg_interfaces' for CMake module files
[0.630s] Level 1:colcon.colcon_core.environment:checking '/home/inteli/Documentos/culling_games/install/cg_interfaces' for CMake config files
[0.631s] Level 1:colcon.colcon_core.shell:create_environment_hook('cg_interfaces', 'cmake_prefix_path')
[0.631s] INFO:colcon.colcon_core.shell:Creating environment descriptor '/home/inteli/Documentos/culling_games/install/cg_interfaces/share/cg_interfaces/hook/cmake_prefix_path.dsv'
[0.632s] INFO:colcon.colcon_core.shell:Creating environment hook '/home/inteli/Documentos/culling_games/install/cg_interfaces/share/cg_interfaces/hook/cmake_prefix_path.sh'
[0.633s] Level 1:colcon.colcon_core.environment:checking '/home/inteli/Documentos/culling_games/install/cg_interfaces/lib'
[0.633s] Level 1:colcon.colcon_core.shell:create_environment_hook('cg_interfaces', 'ld_library_path_lib')
[0.633s] INFO:colcon.colcon_core.shell:Creating environment descriptor '/home/inteli/Documentos/culling_games/install/cg_interfaces/share/cg_interfaces/hook/ld_library_path_lib.dsv'
[0.634s] INFO:colcon.colcon_core.shell:Creating environment hook '/home/inteli/Documentos/culling_games/install/cg_interfaces/share/cg_interfaces/hook/ld_library_path_lib.sh'
[0.634s] Level 1:colcon.colcon_core.environment:checking '/home/inteli/Documentos/culling_games/install/cg_interfaces/bin'
[0.634s] Level 1:colcon.colcon_core.environment:checking '/home/inteli/Documentos/culling_games/install/cg_interfaces/lib/pkgconfig/cg_interfaces.pc'
[0.635s] Level 1:colcon.colcon_core.environment:checking '/home/inteli/Documentos/culling_games/install/cg_interfaces/lib/python3.12/site-packages'
[0.635s] Level 1:colcon.colcon_core.shell:create_environment_hook('cg_interfaces', 'pythonpath')
[0.635s] INFO:colcon.colcon_core.shell:Creating environment descriptor '/home/inteli/Documentos/culling_games/install/cg_interfaces/share/cg_interfaces/hook/pythonpath.dsv'
[0.635s] INFO:colcon.colcon_core.shell:Creating environment hook '/home/inteli/Documentos/culling_games/install/cg_interfaces/share/cg_interfaces/hook/pythonpath.sh'
[0.636s] Level 1:colcon.colcon_core.environment:checking '/home/inteli/Documentos/culling_games/install/cg_interfaces/bin'
[0.637s] INFO:colcon.colcon_core.shell:Creating package descriptor '/home/inteli/Documentos/culling_games/install/cg_interfaces/share/cg_interfaces/package.dsv'
[0.637s] INFO:colcon.colcon_core.shell:Creating package script '/home/inteli/Documentos/culling_games/install/cg_interfaces/share/cg_interfaces/package.sh'
[0.638s] INFO:colcon.colcon_core.shell:Creating package script '/home/inteli/Documentos/culling_games/install/cg_interfaces/share/cg_interfaces/package.bash'
[0.639s] INFO:colcon.colcon_core.shell:Creating package script '/home/inteli/Documentos/culling_games/install/cg_interfaces/share/cg_interfaces/package.zsh'
[0.639s] Level 1:colcon.colcon_core.environment:create_file_with_runtime_dependencies(/home/inteli/Documentos/culling_games/install/cg_interfaces/share/colcon-core/packages/cg_interfaces)
[0.640s] INFO:colcon.colcon_ros.task.ament_python.build:Building ROS package in '/home/inteli/Documentos/culling_games/src/cg' with build type 'ament_python'
[0.640s] Level 1:colcon.colcon_core.shell:create_environment_hook('cg', 'ament_prefix_path')
[0.640s] INFO:colcon.colcon_core.shell:Creating environment descriptor '/home/inteli/Documentos/culling_games/install/cg/share/cg/hook/ament_prefix_path.dsv'
[0.643s] INFO:colcon.colcon_core.shell:Creating environment hook '/home/inteli/Documentos/culling_games/install/cg/share/cg/hook/ament_prefix_path.sh'
[0.646s] DEBUG:colcon.colcon_core.shell:Skip shell extension 'dsv' for command environment
[0.651s] INFO:colcon.colcon_cmake.task.cmake.build:Building CMake package in '/home/inteli/Documentos/culling_games/src/cg_solver'
[0.651s] DEBUG:colcon.colcon_core.shell:Skip shell extension 'dsv' for command environment
[0.654s] INFO:colcon.colcon_ros.task.ament_python.build:Building ROS package in '/home/inteli/Documentos/culling_games/src/cg_teleop' with build type 'ament_python'
[0.654s] Level 1:colcon.colcon_core.shell:create_environment_hook('cg_teleop', 'ament_prefix_path')
[0.654s] INFO:colcon.colcon_core.shell:Creating environment descriptor '/home/inteli/Documentos/culling_games/install/cg_teleop/share/cg_teleop/hook/ament_prefix_path.dsv'
[0.655s] INFO:colcon.colcon_core.shell:Creating environment hook '/home/inteli/Documentos/culling_games/install/cg_teleop/share/cg_teleop/hook/ament_prefix_path.sh'
[0.655s] DEBUG:colcon.colcon_core.shell:Skip shell extension 'dsv' for command environment
[0.842s] INFO:colcon.colcon_core.task.python.build:Building Python package in '/home/inteli/Documentos/culling_games/src/cg'
[0.842s] DEBUG:colcon.colcon_core.shell:Skip shell extension 'dsv' for command environment
[0.847s] DEBUG:colcon.colcon_core.event_handler.log_command:Invoking command in '/home/inteli/Documentos/culling_games/build/cg_solver': AMENT_PREFIX_PATH=/home/inteli/Documentos/culling_games/install/cg_interfaces:${AMENT_PREFIX_PATH} CMAKE_PREFIX_PATH=/home/inteli/Documentos/culling_games/install/cg_interfaces:${CMAKE_PREFIX_PATH} DEBUGINFOD_URLS=https://debuginfod.ubuntu.com LD_LIBRARY_PATH=/home/inteli/Documentos/culling_games/install/cg_interfaces/lib:${LD_LIBRARY_PATH} PYTHONPATH=/home/inteli/Documentos/culling_games/install/cg_interfaces/lib/python3.12/site-packages:${PYTHONPATH} /usr/bin/cmake /home/inteli/Documentos/culling_games/src/cg_solver -DCMAKE_INSTALL_PREFIX=/home/inteli/Documentos/culling_games/install/cg_solver
[1.143s] INFO:colcon.colcon_core.task.python.build:Building Python package in '/home/inteli/Documentos/culling_games/src/cg_teleop'
[1.144s] DEBUG:colcon.colcon_core.shell:Skip shell extension 'dsv' for command environment
[1.722s] DEBUG:colcon.colcon_core.event_handler.log_command:Invoking command in '/home/inteli/Documentos/culling_games/src/cg': AMENT_PREFIX_PATH=/home/inteli/Documentos/culling_games/install/cg_interfaces:${AMENT_PREFIX_PATH} CMAKE_PREFIX_PATH=/home/inteli/Documentos/culling_games/install/cg_interfaces:${CMAKE_PREFIX_PATH} DEBUGINFOD_URLS=https://debuginfod.ubuntu.com LD_LIBRARY_PATH=/home/inteli/Documentos/culling_games/install/cg_interfaces/lib:${LD_LIBRARY_PATH} PYTHONPATH=/home/inteli/Documentos/culling_games/build/cg/prefix_override:/usr/lib/python3/dist-packages/colcon_core/task/python/colcon_distutils_commands:/home/inteli/Documentos/culling_games/install/cg/lib/python3.12/site-packages:/home/inteli/Documentos/culling_games/install/cg_interfaces/lib/python3.12/site-packages:${PYTHONPATH} /usr/bin/python3 -W ignore:setup.py install is deprecated -W ignore:easy_install command is deprecated setup.py egg_info --egg-base ../../build/cg build --build-base /home/inteli/Documentos/culling_games/build/cg/build install --record /home/inteli/Documentos/culling_games/build/cg/install.log --single-version-externally-managed install_data
[2.130s] DEBUG:colcon.colcon_core.event_handler.log_command:Invoking command in '/home/inteli/Documentos/culling_games/src/cg_teleop': AMENT_PREFIX_PATH=/home/inteli/Documentos/culling_games/install/cg_interfaces:${AMENT_PREFIX_PATH} CMAKE_PREFIX_PATH=/home/inteli/Documentos/culling_games/install/cg_interfaces:${CMAKE_PREFIX_PATH} DEBUGINFOD_URLS=https://debuginfod.ubuntu.com LD_LIBRARY_PATH=/home/inteli/Documentos/culling_games/install/cg_interfaces/lib:${LD_LIBRARY_PATH} PYTHONPATH=/home/inteli/Documentos/culling_games/build/cg_teleop/prefix_override:/usr/lib/python3/dist-packages/colcon_core/task/python/colcon_distutils_commands:/home/inteli/Documentos/culling_games/install/cg_teleop/lib/python3.12/site-packages:/home/inteli/Documentos/culling_games/install/cg_interfaces/lib/python3.12/site-packages:${PYTHONPATH} /usr/bin/python3 -W ignore:setup.py install is deprecated -W ignore:easy_install command is deprecated setup.py egg_info --egg-base ../../build/cg_teleop build --build-base /home/inteli/Documentos/culling_games/build/cg_teleop/build install --record /home/inteli/Documentos/culling_games/build/cg_teleop/install.log --single-version-externally-managed install_data
[2.379s] Level 1:colcon.colcon_core.environment:checking '/home/inteli/Documentos/culling_games/install/cg' for CMake module files
[2.380s] DEBUG:colcon.colcon_core.event_handler.log_command:Invoked command in '/home/inteli/Documentos/culling_games/src/cg' returned '0': AMENT_PREFIX_PATH=/home/inteli/Documentos/culling_games/install/cg_interfaces:${AMENT_PREFIX_PATH} CMAKE_PREFIX_PATH=/home/inteli/Documentos/culling_games/install/cg_interfaces:${CMAKE_PREFIX_PATH} DEBUGINFOD_URLS=https://debuginfod.ubuntu.com LD_LIBRARY_PATH=/home/inteli/Documentos/culling_games/install/cg_interfaces/lib:${LD_LIBRARY_PATH} PYTHONPATH=/home/inteli/Documentos/culling_games/build/cg/prefix_override:/usr/lib/python3/dist-packages/colcon_core/task/python/colcon_distutils_commands:/home/inteli/Documentos/culling_games/install/cg/lib/python3.12/site-packages:/home/inteli/Documentos/culling_games/install/cg_interfaces/lib/python3.12/site-packages:${PYTHONPATH} /usr/bin/python3 -W ignore:setup.py install is deprecated -W ignore:easy_install command is deprecated setup.py egg_info --egg-base ../../build/cg build --build-base /home/inteli/Documentos/culling_games/build/cg/build install --record /home/inteli/Documentos/culling_games/build/cg/install.log --single-version-externally-managed install_data
[2.381s] Level 1:colcon.colcon_core.environment:checking '/home/inteli/Documentos/culling_games/install/cg' for CMake config files
[2.382s] Level 1:colcon.colcon_core.environment:checking '/home/inteli/Documentos/culling_games/install/cg/lib'
[2.382s] Level 1:colcon.colcon_core.environment:checking '/home/inteli/Documentos/culling_games/install/cg/bin'
[2.382s] Level 1:colcon.colcon_core.environment:checking '/home/inteli/Documentos/culling_games/install/cg/lib/pkgconfig/cg.pc'
[2.382s] Level 1:colcon.colcon_core.environment:checking '/home/inteli/Documentos/culling_games/install/cg/lib/python3.12/site-packages'
[2.383s] Level 1:colcon.colcon_core.shell:create_environment_hook('cg', 'pythonpath')
[2.383s] INFO:colcon.colcon_core.shell:Creating environment descriptor '/home/inteli/Documentos/culling_games/install/cg/share/cg/hook/pythonpath.dsv'
[2.384s] INFO:colcon.colcon_core.shell:Creating environment hook '/home/inteli/Documentos/culling_games/install/cg/share/cg/hook/pythonpath.sh'
[2.384s] Level 1:colcon.colcon_core.environment:checking '/home/inteli/Documentos/culling_games/install/cg/bin'
[2.384s] Level 1:colcon.colcon_core.environment:create_environment_scripts_only(cg)
[2.385s] INFO:colcon.colcon_core.shell:Creating package descriptor '/home/inteli/Documentos/culling_games/install/cg/share/cg/package.dsv'
[2.385s] INFO:colcon.colcon_core.shell:Creating package script '/home/inteli/Documentos/culling_games/install/cg/share/cg/package.sh'
[2.386s] INFO:colcon.colcon_core.shell:Creating package script '/home/inteli/Documentos/culling_games/install/cg/share/cg/package.bash'
[2.386s] INFO:colcon.colcon_core.shell:Creating package script '/home/inteli/Documentos/culling_games/install/cg/share/cg/package.zsh'
[2.386s] Level 1:colcon.colcon_core.environment:create_file_with_runtime_dependencies(/home/inteli/Documentos/culling_games/install/cg/share/colcon-core/packages/cg)
[2.616s] Level 1:colcon.colcon_core.environment:checking '/home/inteli/Documentos/culling_games/install/cg_teleop' for CMake module files
[2.616s] DEBUG:colcon.colcon_core.event_handler.log_command:Invoked command in '/home/inteli/Documentos/culling_games/src/cg_teleop' returned '0': AMENT_PREFIX_PATH=/home/inteli/Documentos/culling_games/install/cg_interfaces:${AMENT_PREFIX_PATH} CMAKE_PREFIX_PATH=/home/inteli/Documentos/culling_games/install/cg_interfaces:${CMAKE_PREFIX_PATH} DEBUGINFOD_URLS=https://debuginfod.ubuntu.com LD_LIBRARY_PATH=/home/inteli/Documentos/culling_games/install/cg_interfaces/lib:${LD_LIBRARY_PATH} PYTHONPATH=/home/inteli/Documentos/culling_games/build/cg_teleop/prefix_override:/usr/lib/python3/dist-packages/colcon_core/task/python/colcon_distutils_commands:/home/inteli/Documentos/culling_games/install/cg_teleop/lib/python3.12/site-packages:/home/inteli/Documentos/culling_games/install/cg_interfaces/lib/python3.12/site-packages:${PYTHONPATH} /usr/bin/python3 -W ignore:setup.py install is deprecated -W ignore:easy_install command is deprecated setup.py egg_info --egg-base ../../build/cg_teleop build --build-base /home/inteli/Documentos/culling_games/build/cg_teleop/build install --record /home/inteli/Documentos/culling_games/build/cg_teleop/install.log --single-version-externally-managed install_data
[2.617s] Level 1:colcon.colcon_core.environment:checking '/home/inteli/Documentos/culling_games/install/cg_teleop' for CMake config files
[2.618s] Level 1:colcon.colcon_core.environment:checking '/home/inteli/Documentos/culling_games/install/cg_teleop/lib'
[2.618s] Level 1:colcon.colcon_core.environment:checking '/home/inteli/Documentos/culling_games/install/cg_teleop/bin'
[2.618s] Level 1:colcon.colcon_core.environment:checking '/home/inteli/Documentos/culling_games/install/cg_teleop/lib/pkgconfig/cg_teleop.pc'
[2.618s] Level 1:colcon.colcon_core.environment:checking '/home/inteli/Documentos/culling_games/install/cg_teleop/lib/python3.12/site-packages'
[2.618s] Level 1:colcon.colcon_core.shell:create_environment_hook('cg_teleop', 'pythonpath')
[2.619s] INFO:colcon.colcon_core.shell:Creating environment descriptor '/home/inteli/Documentos/culling_games/install/cg_teleop/share/cg_teleop/hook/pythonpath.dsv'
[2.619s] INFO:colcon.colcon_core.shell:Creating environment hook '/home/inteli/Documentos/culling_games/install/cg_teleop/share/cg_teleop/hook/pythonpath.sh'
[2.620s] Level 1:colcon.colcon_core.environment:checking '/home/inteli/Documentos/culling_games/install/cg_teleop/bin'
[2.620s] Level 1:colcon.colcon_core.environment:create_environment_scripts_only(cg_teleop)
[2.620s] INFO:colcon.colcon_core.shell:Creating package descriptor '/home/inteli/Documentos/culling_games/install/cg_teleop/share/cg_teleop/package.dsv'
[2.620s] INFO:colcon.colcon_core.shell:Creating package script '/home/inteli/Documentos/culling_games/install/cg_teleop/share/cg_teleop/package.sh'
[2.621s] INFO:colcon.colcon_core.shell:Creating package script '/home/inteli/Documentos/culling_games/install/cg_teleop/share/cg_teleop/package.bash'
[2.621s] INFO:colcon.colcon_core.shell:Creating package script '/home/inteli/Documentos/culling_games/install/cg_teleop/share/cg_teleop/package.zsh'
[2.621s] Level 1:colcon.colcon_core.environment:create_file_with_runtime_dependencies(/home/inteli/Documentos/culling_games/install/cg_teleop/share/colcon-core/packages/cg_teleop)
[3.954s] DEBUG:colcon.colcon_core.event_handler.log_command:Invoked command in '/home/inteli/Documentos/culling_games/build/cg_solver' returned '1': AMENT_PREFIX_PATH=/home/inteli/Documentos/culling_games/install/cg_interfaces:${AMENT_PREFIX_PATH} CMAKE_PREFIX_PATH=/home/inteli/Documentos/culling_games/install/cg_interfaces:${CMAKE_PREFIX_PATH} DEBUGINFOD_URLS=https://debuginfod.ubuntu.com LD_LIBRARY_PATH=/home/inteli/Documentos/culling_games/install/cg_interfaces/lib:${LD_LIBRARY_PATH} PYTHONPATH=/home/inteli/Documentos/culling_games/install/cg_interfaces/lib/python3.12/site-packages:${PYTHONPATH} /usr/bin/cmake /home/inteli/Documentos/culling_games/src/cg_solver -DCMAKE_INSTALL_PREFIX=/home/inteli/Documentos/culling_games/install/cg_solver
[3.965s] DEBUG:colcon.colcon_parallel_executor.executor.parallel:closing loop
[3.965s] DEBUG:colcon.colcon_parallel_executor.executor.parallel:loop closed
[3.965s] DEBUG:colcon.colcon_parallel_executor.executor.parallel:run_until_complete finished with '1'
[3.965s] DEBUG:colcon.colcon_core.event_reactor:joining thread
[3.973s] INFO:colcon.colcon_core.plugin_system:Skipping extension 'colcon_notification.desktop_notification.terminal_notifier': Not used on non-Darwin systems
[3.973s] INFO:colcon.colcon_core.plugin_system:Skipping extension 'colcon_notification.desktop_notification.win32': Not used on non-Windows systems
[3.973s] INFO:colcon.colcon_notification.desktop_notification:Sending desktop notification using 'notify2'
[3.995s] DEBUG:colcon.colcon_core.event_reactor:joined thread
[3.996s] INFO:colcon.colcon_core.shell:Creating prefix script '/home/inteli/Documentos/culling_games/install/local_setup.sh'
[3.997s] INFO:colcon.colcon_core.shell:Creating prefix util module '/home/inteli/Documentos/culling_games/install/_local_setup_util_sh.py'
[3.998s] INFO:colcon.colcon_core.shell:Creating prefix chain script '/home/inteli/Documentos/culling_games/install/setup.sh'
[4.000s] INFO:colcon.colcon_core.shell:Creating prefix script '/home/inteli/Documentos/culling_games/install/local_setup.bash'
[4.000s] INFO:colcon.colcon_core.shell:Creating prefix chain script '/home/inteli/Documentos/culling_games/install/setup.bash'
[4.001s] INFO:colcon.colcon_core.shell:Creating prefix script '/home/inteli/Documentos/culling_games/install/local_setup.zsh'
[4.002s] INFO:colcon.colcon_core.shell:Creating prefix chain script '/home/inteli/Documentos/culling_games/install/setup.zsh'
