[2.131s] Invoking command in '/home/inteli/Documentos/culling_games/src/cg_teleop': AMENT_PREFIX_PATH=/home/inteli/Documentos/culling_games/install/cg_interfaces:${AMENT_PREFIX_PATH} CMAKE_PREFIX_PATH=/home/inteli/Documentos/culling_games/install/cg_interfaces:${CMAKE_PREFIX_PATH} DEBUGINFOD_URLS=https://debuginfod.ubuntu.com LD_LIBRARY_PATH=/home/inteli/Documentos/culling_games/install/cg_interfaces/lib:${LD_LIBRARY_PATH} PYTHONPATH=/home/inteli/Documentos/culling_games/build/cg_teleop/prefix_override:/usr/lib/python3/dist-packages/colcon_core/task/python/colcon_distutils_commands:/home/inteli/Documentos/culling_games/install/cg_teleop/lib/python3.12/site-packages:/home/inteli/Documentos/culling_games/install/cg_interfaces/lib/python3.12/site-packages:${PYTHONPATH} /usr/bin/python3 -W ignore:setup.py install is deprecated -W ignore:easy_install command is deprecated setup.py egg_info --egg-base ../../build/cg_teleop build --build-base /home/inteli/Documentos/culling_games/build/cg_teleop/build install --record /home/inteli/Documentos/culling_games/build/cg_teleop/install.log --single-version-externally-managed install_data
[2.497s] running egg_info
[2.516s] writing ../../build/cg_teleop/cg_teleop.egg-info/PKG-INFO
[2.516s] writing dependency_links to ../../build/cg_teleop/cg_teleop.egg-info/dependency_links.txt
[2.516s] writing entry points to ../../build/cg_teleop/cg_teleop.egg-info/entry_points.txt
[2.516s] writing requirements to ../../build/cg_teleop/cg_teleop.egg-info/requires.txt
[2.517s] writing top-level names to ../../build/cg_teleop/cg_teleop.egg-info/top_level.txt
[2.554s] reading manifest file '../../build/cg_teleop/cg_teleop.egg-info/SOURCES.txt'
[2.555s] writing manifest file '../../build/cg_teleop/cg_teleop.egg-info/SOURCES.txt'
[2.555s] running build
[2.555s] running build_py
[2.555s] running install
[2.563s] running install_lib
[2.582s] running install_data
[2.582s] running install_egg_info
[2.603s] removing '/home/inteli/Documentos/culling_games/install/cg_teleop/lib/python3.12/site-packages/cg_teleop-0.0.0-py3.12.egg-info' (and everything under it)
[2.603s] Copying ../../build/cg_teleop/cg_teleop.egg-info to /home/inteli/Documentos/culling_games/install/cg_teleop/lib/python3.12/site-packages/cg_teleop-0.0.0-py3.12.egg-info
[2.604s] running install_scripts
[2.739s] Installing teleop_keyboard script to /home/inteli/Documentos/culling_games/install/cg_teleop/lib/cg_teleop
[2.739s] writing list of installed files to '/home/inteli/Documentos/culling_games/build/cg_teleop/install.log'
[2.789s] Invoked command in '/home/inteli/Documentos/culling_games/src/cg_teleop' returned '0': AMENT_PREFIX_PATH=/home/inteli/Documentos/culling_games/install/cg_interfaces:${AMENT_PREFIX_PATH} CMAKE_PREFIX_PATH=/home/inteli/Documentos/culling_games/install/cg_interfaces:${CMAKE_PREFIX_PATH} DEBUGINFOD_URLS=https://debuginfod.ubuntu.com LD_LIBRARY_PATH=/home/inteli/Documentos/culling_games/install/cg_interfaces/lib:${LD_LIBRARY_PATH} PYTHONPATH=/home/inteli/Documentos/culling_games/build/cg_teleop/prefix_override:/usr/lib/python3/dist-packages/colcon_core/task/python/colcon_distutils_commands:/home/inteli/Documentos/culling_games/install/cg_teleop/lib/python3.12/site-packages:/home/inteli/Documentos/culling_games/install/cg_interfaces/lib/python3.12/site-packages:${PYTHONPATH} /usr/bin/python3 -W ignore:setup.py install is deprecated -W ignore:easy_install command is deprecated setup.py egg_info --egg-base ../../build/cg_teleop build --build-base /home/inteli/Documentos/culling_games/build/cg_teleop/build install --record /home/inteli/Documentos/culling_games/build/cg_teleop/install.log --single-version-externally-managed install_data
