[0.015s] Invoking command in '/home/inteli/Documentos/culling_games/build/cg_interfaces': CMAKE_PREFIX_PATH=${CMAKE_PREFIX_PATH}:/opt/ros/jazzy DEBUGINFOD_URLS=https://debuginfod.ubuntu.com /usr/bin/cmake --build /home/inteli/Documentos/culling_games/build/cg_interfaces -- -j12 -l12
[0.081s] [  1%] Built target cg_interfaces__rosidl_generator_type_description
[0.095s] [  1%] Built target ament_cmake_python_copy_cg_interfaces
[0.105s] [  3%] Built target cg_interfaces__cpp
[0.111s] [ 25%] Built target cg_interfaces__rosidl_generator_c
[0.136s] [ 34%] Built target cg_interfaces__rosidl_typesupport_c
[0.146s] [ 43%] Built target cg_interfaces__rosidl_typesupport_fastrtps_c
[0.148s] [ 53%] Built target cg_interfaces__rosidl_typesupport_introspection_c
[0.149s] [ 64%] Built target cg_interfaces__rosidl_typesupport_introspection_cpp
[0.149s] [ 71%] Built target cg_interfaces__rosidl_typesupport_cpp
[0.153s] [ 81%] Built target cg_interfaces__rosidl_typesupport_fastrtps_cpp
[0.184s] [ 81%] Built target cg_interfaces
[0.219s] [ 82%] Built target cg_interfaces__py
[0.258s] [ 90%] Built target cg_interfaces__rosidl_generator_py
[0.296s] [100%] Built target cg_interfaces_s__rosidl_typesupport_fastrtps_c
[0.297s] [100%] Built target cg_interfaces_s__rosidl_typesupport_c
[0.297s] [100%] Built target cg_interfaces_s__rosidl_typesupport_introspection_c
[0.319s] running egg_info
[0.336s] writing cg_interfaces.egg-info/PKG-INFO
[0.336s] writing dependency_links to cg_interfaces.egg-info/dependency_links.txt
[0.336s] writing top-level names to cg_interfaces.egg-info/top_level.txt
[0.386s] reading manifest file 'cg_interfaces.egg-info/SOURCES.txt'
[0.386s] writing manifest file 'cg_interfaces.egg-info/SOURCES.txt'
[0.420s] [100%] Built target ament_cmake_python_build_cg_interfaces_egg
[0.435s] Invoked command in '/home/inteli/Documentos/culling_games/build/cg_interfaces' returned '0': CMAKE_PREFIX_PATH=${CMAKE_PREFIX_PATH}:/opt/ros/jazzy DEBUGINFOD_URLS=https://debuginfod.ubuntu.com /usr/bin/cmake --build /home/inteli/Documentos/culling_games/build/cg_interfaces -- -j12 -l12
[0.449s] Invoking command in '/home/inteli/Documentos/culling_games/build/cg_interfaces': CMAKE_PREFIX_PATH=${CMAKE_PREFIX_PATH}:/opt/ros/jazzy DEBUGINFOD_URLS=https://debuginfod.ubuntu.com /usr/bin/cmake --install /home/inteli/Documentos/culling_games/build/cg_interfaces
[0.458s] -- Install configuration: ""
[0.459s] -- Up-to-date: /home/inteli/Documentos/culling_games/install/cg_interfaces/share/ament_index/resource_index/rosidl_interfaces/cg_interfaces
[0.459s] -- Up-to-date: /home/inteli/Documentos/culling_games/install/cg_interfaces/share/cg_interfaces/srv/MoveCmd.json
[0.459s] -- Up-to-date: /home/inteli/Documentos/culling_games/install/cg_interfaces/share/cg_interfaces/srv/GetMap.json
[0.459s] -- Up-to-date: /home/inteli/Documentos/culling_games/install/cg_interfaces/share/cg_interfaces/msg/RobotSensors.json
[0.459s] -- Up-to-date: /home/inteli/Documentos/culling_games/install/cg_interfaces/share/cg_interfaces/srv/Reset.json
[0.459s] -- Up-to-date: /home/inteli/Documentos/culling_games/install/cg_interfaces/include/cg_interfaces/cg_interfaces
[0.460s] -- Up-to-date: /home/inteli/Documentos/culling_games/install/cg_interfaces/include/cg_interfaces/cg_interfaces/srv
[0.460s] -- Up-to-date: /home/inteli/Documentos/culling_games/install/cg_interfaces/include/cg_interfaces/cg_interfaces/srv/move_cmd.h
[0.460s] -- Up-to-date: /home/inteli/Documentos/culling_games/install/cg_interfaces/include/cg_interfaces/cg_interfaces/srv/get_map.h
[0.460s] -- Up-to-date: /home/inteli/Documentos/culling_games/install/cg_interfaces/include/cg_interfaces/cg_interfaces/srv/reset.h
[0.460s] -- Up-to-date: /home/inteli/Documentos/culling_games/install/cg_interfaces/include/cg_interfaces/cg_interfaces/srv/detail
[0.460s] -- Up-to-date: /home/inteli/Documentos/culling_games/install/cg_interfaces/include/cg_interfaces/cg_interfaces/srv/detail/get_map__functions.h
[0.460s] -- Up-to-date: /home/inteli/Documentos/culling_games/install/cg_interfaces/include/cg_interfaces/cg_interfaces/srv/detail/move_cmd__functions.c
[0.461s] -- Up-to-date: /home/inteli/Documentos/culling_games/install/cg_interfaces/include/cg_interfaces/cg_interfaces/srv/detail/move_cmd__type_support.c
[0.461s] -- Up-to-date: /home/inteli/Documentos/culling_games/install/cg_interfaces/include/cg_interfaces/cg_interfaces/srv/detail/reset__functions.c
[0.461s] -- Up-to-date: /home/inteli/Documentos/culling_games/install/cg_interfaces/include/cg_interfaces/cg_interfaces/srv/detail/get_map__description.c
[0.461s] -- Up-to-date: /home/inteli/Documentos/culling_games/install/cg_interfaces/include/cg_interfaces/cg_interfaces/srv/detail/move_cmd__description.c
[0.461s] -- Up-to-date: /home/inteli/Documentos/culling_games/install/cg_interfaces/include/cg_interfaces/cg_interfaces/srv/detail/move_cmd__type_support.h
[0.461s] -- Up-to-date: /home/inteli/Documentos/culling_games/install/cg_interfaces/include/cg_interfaces/cg_interfaces/srv/detail/get_map__type_support.c
[0.461s] -- Up-to-date: /home/inteli/Documentos/culling_games/install/cg_interfaces/include/cg_interfaces/cg_interfaces/srv/detail/get_map__type_support.h
[0.462s] -- Up-to-date: /home/inteli/Documentos/culling_games/install/cg_interfaces/include/cg_interfaces/cg_interfaces/srv/detail/reset__struct.h
[0.462s] -- Up-to-date: /home/inteli/Documentos/culling_games/install/cg_interfaces/include/cg_interfaces/cg_interfaces/srv/detail/reset__type_support.c
[0.462s] -- Up-to-date: /home/inteli/Documentos/culling_games/install/cg_interfaces/include/cg_interfaces/cg_interfaces/srv/detail/move_cmd__functions.h
[0.462s] -- Up-to-date: /home/inteli/Documentos/culling_games/install/cg_interfaces/include/cg_interfaces/cg_interfaces/srv/detail/get_map__functions.c
[0.462s] -- Up-to-date: /home/inteli/Documentos/culling_games/install/cg_interfaces/include/cg_interfaces/cg_interfaces/srv/detail/reset__functions.h
[0.462s] -- Up-to-date: /home/inteli/Documentos/culling_games/install/cg_interfaces/include/cg_interfaces/cg_interfaces/srv/detail/move_cmd__struct.h
[0.462s] -- Up-to-date: /home/inteli/Documentos/culling_games/install/cg_interfaces/include/cg_interfaces/cg_interfaces/srv/detail/get_map__struct.h
[0.463s] -- Up-to-date: /home/inteli/Documentos/culling_games/install/cg_interfaces/include/cg_interfaces/cg_interfaces/srv/detail/reset__type_support.h
[0.463s] -- Up-to-date: /home/inteli/Documentos/culling_games/install/cg_interfaces/include/cg_interfaces/cg_interfaces/srv/detail/reset__description.c
[0.463s] -- Up-to-date: /home/inteli/Documentos/culling_games/install/cg_interfaces/include/cg_interfaces/cg_interfaces/msg
[0.463s] -- Up-to-date: /home/inteli/Documentos/culling_games/install/cg_interfaces/include/cg_interfaces/cg_interfaces/msg/rosidl_generator_c__visibility_control.h
[0.463s] -- Up-to-date: /home/inteli/Documentos/culling_games/install/cg_interfaces/include/cg_interfaces/cg_interfaces/msg/detail
[0.463s] -- Up-to-date: /home/inteli/Documentos/culling_games/install/cg_interfaces/include/cg_interfaces/cg_interfaces/msg/detail/robot_sensors__description.c
[0.463s] -- Up-to-date: /home/inteli/Documentos/culling_games/install/cg_interfaces/include/cg_interfaces/cg_interfaces/msg/detail/robot_sensors__functions.h
[0.463s] -- Up-to-date: /home/inteli/Documentos/culling_games/install/cg_interfaces/include/cg_interfaces/cg_interfaces/msg/detail/robot_sensors__struct.h
[0.464s] -- Up-to-date: /home/inteli/Documentos/culling_games/install/cg_interfaces/include/cg_interfaces/cg_interfaces/msg/detail/robot_sensors__functions.c
[0.464s] -- Up-to-date: /home/inteli/Documentos/culling_games/install/cg_interfaces/include/cg_interfaces/cg_interfaces/msg/detail/robot_sensors__type_support.h
[0.464s] -- Up-to-date: /home/inteli/Documentos/culling_games/install/cg_interfaces/include/cg_interfaces/cg_interfaces/msg/detail/robot_sensors__type_support.c
[0.464s] -- Up-to-date: /home/inteli/Documentos/culling_games/install/cg_interfaces/include/cg_interfaces/cg_interfaces/msg/robot_sensors.h
[0.464s] -- Up-to-date: /home/inteli/Documentos/culling_games/install/cg_interfaces/share/cg_interfaces/environment/library_path.sh
[0.464s] -- Up-to-date: /home/inteli/Documentos/culling_games/install/cg_interfaces/share/cg_interfaces/environment/library_path.dsv
[0.465s] -- Up-to-date: /home/inteli/Documentos/culling_games/install/cg_interfaces/lib/libcg_interfaces__rosidl_generator_c.so
[0.465s] -- Up-to-date: /home/inteli/Documentos/culling_games/install/cg_interfaces/include/cg_interfaces/cg_interfaces
[0.465s] -- Up-to-date: /home/inteli/Documentos/culling_games/install/cg_interfaces/include/cg_interfaces/cg_interfaces/srv
[0.465s] -- Up-to-date: /home/inteli/Documentos/culling_games/install/cg_interfaces/include/cg_interfaces/cg_interfaces/srv/detail
[0.465s] -- Up-to-date: /home/inteli/Documentos/culling_games/install/cg_interfaces/include/cg_interfaces/cg_interfaces/srv/detail/move_cmd__rosidl_typesupport_fastrtps_c.h
[0.465s] -- Up-to-date: /home/inteli/Documentos/culling_games/install/cg_interfaces/include/cg_interfaces/cg_interfaces/srv/detail/reset__rosidl_typesupport_fastrtps_c.h
[0.465s] -- Up-to-date: /home/inteli/Documentos/culling_games/install/cg_interfaces/include/cg_interfaces/cg_interfaces/srv/detail/get_map__rosidl_typesupport_fastrtps_c.h
[0.465s] -- Up-to-date: /home/inteli/Documentos/culling_games/install/cg_interfaces/include/cg_interfaces/cg_interfaces/msg
[0.466s] -- Up-to-date: /home/inteli/Documentos/culling_games/install/cg_interfaces/include/cg_interfaces/cg_interfaces/msg/rosidl_typesupport_fastrtps_c__visibility_control.h
[0.466s] -- Up-to-date: /home/inteli/Documentos/culling_games/install/cg_interfaces/include/cg_interfaces/cg_interfaces/msg/detail
[0.466s] -- Up-to-date: /home/inteli/Documentos/culling_games/install/cg_interfaces/include/cg_interfaces/cg_interfaces/msg/detail/robot_sensors__rosidl_typesupport_fastrtps_c.h
[0.466s] -- Up-to-date: /home/inteli/Documentos/culling_games/install/cg_interfaces/lib/libcg_interfaces__rosidl_typesupport_fastrtps_c.so
[0.466s] -- Up-to-date: /home/inteli/Documentos/culling_games/install/cg_interfaces/include/cg_interfaces/cg_interfaces
[0.466s] -- Up-to-date: /home/inteli/Documentos/culling_games/install/cg_interfaces/include/cg_interfaces/cg_interfaces/srv
[0.466s] -- Up-to-date: /home/inteli/Documentos/culling_games/install/cg_interfaces/include/cg_interfaces/cg_interfaces/srv/detail
[0.466s] -- Up-to-date: /home/inteli/Documentos/culling_games/install/cg_interfaces/include/cg_interfaces/cg_interfaces/srv/detail/move_cmd__type_support.c
[0.467s] -- Up-to-date: /home/inteli/Documentos/culling_games/install/cg_interfaces/include/cg_interfaces/cg_interfaces/srv/detail/get_map__rosidl_typesupport_introspection_c.h
[0.467s] -- Up-to-date: /home/inteli/Documentos/culling_games/install/cg_interfaces/include/cg_interfaces/cg_interfaces/srv/detail/move_cmd__rosidl_typesupport_introspection_c.h
[0.467s] -- Up-to-date: /home/inteli/Documentos/culling_games/install/cg_interfaces/include/cg_interfaces/cg_interfaces/srv/detail/reset__rosidl_typesupport_introspection_c.h
[0.467s] -- Up-to-date: /home/inteli/Documentos/culling_games/install/cg_interfaces/include/cg_interfaces/cg_interfaces/srv/detail/get_map__type_support.c
[0.467s] -- Up-to-date: /home/inteli/Documentos/culling_games/install/cg_interfaces/include/cg_interfaces/cg_interfaces/srv/detail/reset__type_support.c
[0.467s] -- Up-to-date: /home/inteli/Documentos/culling_games/install/cg_interfaces/include/cg_interfaces/cg_interfaces/msg
[0.467s] -- Up-to-date: /home/inteli/Documentos/culling_games/install/cg_interfaces/include/cg_interfaces/cg_interfaces/msg/detail
[0.467s] -- Up-to-date: /home/inteli/Documentos/culling_games/install/cg_interfaces/include/cg_interfaces/cg_interfaces/msg/detail/robot_sensors__rosidl_typesupport_introspection_c.h
[0.468s] -- Up-to-date: /home/inteli/Documentos/culling_games/install/cg_interfaces/include/cg_interfaces/cg_interfaces/msg/detail/robot_sensors__type_support.c
[0.468s] -- Up-to-date: /home/inteli/Documentos/culling_games/install/cg_interfaces/include/cg_interfaces/cg_interfaces/msg/rosidl_typesupport_introspection_c__visibility_control.h
[0.468s] -- Up-to-date: /home/inteli/Documentos/culling_games/install/cg_interfaces/lib/libcg_interfaces__rosidl_typesupport_introspection_c.so
[0.468s] -- Up-to-date: /home/inteli/Documentos/culling_games/install/cg_interfaces/lib/libcg_interfaces__rosidl_typesupport_c.so
[0.468s] -- Up-to-date: /home/inteli/Documentos/culling_games/install/cg_interfaces/include/cg_interfaces/cg_interfaces
[0.468s] -- Up-to-date: /home/inteli/Documentos/culling_games/install/cg_interfaces/include/cg_interfaces/cg_interfaces/srv
[0.468s] -- Up-to-date: /home/inteli/Documentos/culling_games/install/cg_interfaces/include/cg_interfaces/cg_interfaces/srv/reset.hpp
[0.469s] -- Up-to-date: /home/inteli/Documentos/culling_games/install/cg_interfaces/include/cg_interfaces/cg_interfaces/srv/get_map.hpp
[0.469s] -- Up-to-date: /home/inteli/Documentos/culling_games/install/cg_interfaces/include/cg_interfaces/cg_interfaces/srv/detail
[0.469s] -- Up-to-date: /home/inteli/Documentos/culling_games/install/cg_interfaces/include/cg_interfaces/cg_interfaces/srv/detail/move_cmd__type_support.hpp
[0.469s] -- Up-to-date: /home/inteli/Documentos/culling_games/install/cg_interfaces/include/cg_interfaces/cg_interfaces/srv/detail/move_cmd__builder.hpp
[0.469s] -- Up-to-date: /home/inteli/Documentos/culling_games/install/cg_interfaces/include/cg_interfaces/cg_interfaces/srv/detail/get_map__builder.hpp
[0.469s] -- Up-to-date: /home/inteli/Documentos/culling_games/install/cg_interfaces/include/cg_interfaces/cg_interfaces/srv/detail/get_map__struct.hpp
[0.469s] -- Up-to-date: /home/inteli/Documentos/culling_games/install/cg_interfaces/include/cg_interfaces/cg_interfaces/srv/detail/reset__struct.hpp
[0.469s] -- Up-to-date: /home/inteli/Documentos/culling_games/install/cg_interfaces/include/cg_interfaces/cg_interfaces/srv/detail/move_cmd__struct.hpp
[0.470s] -- Up-to-date: /home/inteli/Documentos/culling_games/install/cg_interfaces/include/cg_interfaces/cg_interfaces/srv/detail/reset__builder.hpp
[0.470s] -- Up-to-date: /home/inteli/Documentos/culling_games/install/cg_interfaces/include/cg_interfaces/cg_interfaces/srv/detail/move_cmd__traits.hpp
[0.470s] -- Up-to-date: /home/inteli/Documentos/culling_games/install/cg_interfaces/include/cg_interfaces/cg_interfaces/srv/detail/get_map__traits.hpp
[0.470s] -- Up-to-date: /home/inteli/Documentos/culling_games/install/cg_interfaces/include/cg_interfaces/cg_interfaces/srv/detail/reset__traits.hpp
[0.470s] -- Up-to-date: /home/inteli/Documentos/culling_games/install/cg_interfaces/include/cg_interfaces/cg_interfaces/srv/detail/reset__type_support.hpp
[0.470s] -- Up-to-date: /home/inteli/Documentos/culling_games/install/cg_interfaces/include/cg_interfaces/cg_interfaces/srv/detail/get_map__type_support.hpp
[0.470s] -- Up-to-date: /home/inteli/Documentos/culling_games/install/cg_interfaces/include/cg_interfaces/cg_interfaces/srv/move_cmd.hpp
[0.470s] -- Up-to-date: /home/inteli/Documentos/culling_games/install/cg_interfaces/include/cg_interfaces/cg_interfaces/msg
[0.471s] -- Up-to-date: /home/inteli/Documentos/culling_games/install/cg_interfaces/include/cg_interfaces/cg_interfaces/msg/rosidl_generator_cpp__visibility_control.hpp
[0.471s] -- Up-to-date: /home/inteli/Documentos/culling_games/install/cg_interfaces/include/cg_interfaces/cg_interfaces/msg/robot_sensors.hpp
[0.471s] -- Up-to-date: /home/inteli/Documentos/culling_games/install/cg_interfaces/include/cg_interfaces/cg_interfaces/msg/detail
[0.471s] -- Up-to-date: /home/inteli/Documentos/culling_games/install/cg_interfaces/include/cg_interfaces/cg_interfaces/msg/detail/robot_sensors__traits.hpp
[0.471s] -- Up-to-date: /home/inteli/Documentos/culling_games/install/cg_interfaces/include/cg_interfaces/cg_interfaces/msg/detail/robot_sensors__builder.hpp
[0.471s] -- Up-to-date: /home/inteli/Documentos/culling_games/install/cg_interfaces/include/cg_interfaces/cg_interfaces/msg/detail/robot_sensors__type_support.hpp
[0.471s] -- Up-to-date: /home/inteli/Documentos/culling_games/install/cg_interfaces/include/cg_interfaces/cg_interfaces/msg/detail/robot_sensors__struct.hpp
[0.471s] -- Up-to-date: /home/inteli/Documentos/culling_games/install/cg_interfaces/include/cg_interfaces/cg_interfaces
[0.472s] -- Up-to-date: /home/inteli/Documentos/culling_games/install/cg_interfaces/include/cg_interfaces/cg_interfaces/srv
[0.472s] -- Up-to-date: /home/inteli/Documentos/culling_games/install/cg_interfaces/include/cg_interfaces/cg_interfaces/srv/detail
[0.472s] -- Up-to-date: /home/inteli/Documentos/culling_games/install/cg_interfaces/include/cg_interfaces/cg_interfaces/srv/detail/move_cmd__rosidl_typesupport_fastrtps_cpp.hpp
[0.472s] -- Up-to-date: /home/inteli/Documentos/culling_games/install/cg_interfaces/include/cg_interfaces/cg_interfaces/srv/detail/dds_fastrtps
[0.472s] -- Up-to-date: /home/inteli/Documentos/culling_games/install/cg_interfaces/include/cg_interfaces/cg_interfaces/srv/detail/get_map__rosidl_typesupport_fastrtps_cpp.hpp
[0.472s] -- Up-to-date: /home/inteli/Documentos/culling_games/install/cg_interfaces/include/cg_interfaces/cg_interfaces/srv/detail/reset__rosidl_typesupport_fastrtps_cpp.hpp
[0.472s] -- Up-to-date: /home/inteli/Documentos/culling_games/install/cg_interfaces/include/cg_interfaces/cg_interfaces/msg
[0.472s] -- Up-to-date: /home/inteli/Documentos/culling_games/install/cg_interfaces/include/cg_interfaces/cg_interfaces/msg/detail
[0.473s] -- Up-to-date: /home/inteli/Documentos/culling_games/install/cg_interfaces/include/cg_interfaces/cg_interfaces/msg/detail/dds_fastrtps
[0.473s] -- Up-to-date: /home/inteli/Documentos/culling_games/install/cg_interfaces/include/cg_interfaces/cg_interfaces/msg/detail/robot_sensors__rosidl_typesupport_fastrtps_cpp.hpp
[0.473s] -- Up-to-date: /home/inteli/Documentos/culling_games/install/cg_interfaces/include/cg_interfaces/cg_interfaces/msg/rosidl_typesupport_fastrtps_cpp__visibility_control.h
[0.473s] -- Up-to-date: /home/inteli/Documentos/culling_games/install/cg_interfaces/lib/libcg_interfaces__rosidl_typesupport_fastrtps_cpp.so
[0.473s] -- Up-to-date: /home/inteli/Documentos/culling_games/install/cg_interfaces/include/cg_interfaces/cg_interfaces
[0.473s] -- Up-to-date: /home/inteli/Documentos/culling_games/install/cg_interfaces/include/cg_interfaces/cg_interfaces/srv
[0.473s] -- Up-to-date: /home/inteli/Documentos/culling_games/install/cg_interfaces/include/cg_interfaces/cg_interfaces/srv/detail
[0.473s] -- Up-to-date: /home/inteli/Documentos/culling_games/install/cg_interfaces/include/cg_interfaces/cg_interfaces/srv/detail/move_cmd__rosidl_typesupport_introspection_cpp.hpp
[0.474s] -- Up-to-date: /home/inteli/Documentos/culling_games/install/cg_interfaces/include/cg_interfaces/cg_interfaces/srv/detail/move_cmd__type_support.cpp
[0.474s] -- Up-to-date: /home/inteli/Documentos/culling_games/install/cg_interfaces/include/cg_interfaces/cg_interfaces/srv/detail/get_map__rosidl_typesupport_introspection_cpp.hpp
[0.474s] -- Up-to-date: /home/inteli/Documentos/culling_games/install/cg_interfaces/include/cg_interfaces/cg_interfaces/srv/detail/get_map__type_support.cpp
[0.474s] -- Up-to-date: /home/inteli/Documentos/culling_games/install/cg_interfaces/include/cg_interfaces/cg_interfaces/srv/detail/reset__rosidl_typesupport_introspection_cpp.hpp
[0.474s] -- Up-to-date: /home/inteli/Documentos/culling_games/install/cg_interfaces/include/cg_interfaces/cg_interfaces/srv/detail/reset__type_support.cpp
[0.474s] -- Up-to-date: /home/inteli/Documentos/culling_games/install/cg_interfaces/include/cg_interfaces/cg_interfaces/msg
[0.474s] -- Up-to-date: /home/inteli/Documentos/culling_games/install/cg_interfaces/include/cg_interfaces/cg_interfaces/msg/detail
[0.475s] -- Up-to-date: /home/inteli/Documentos/culling_games/install/cg_interfaces/include/cg_interfaces/cg_interfaces/msg/detail/robot_sensors__rosidl_typesupport_introspection_cpp.hpp
[0.475s] -- Up-to-date: /home/inteli/Documentos/culling_games/install/cg_interfaces/include/cg_interfaces/cg_interfaces/msg/detail/robot_sensors__type_support.cpp
[0.475s] -- Up-to-date: /home/inteli/Documentos/culling_games/install/cg_interfaces/lib/libcg_interfaces__rosidl_typesupport_introspection_cpp.so
[0.475s] -- Up-to-date: /home/inteli/Documentos/culling_games/install/cg_interfaces/lib/libcg_interfaces__rosidl_typesupport_cpp.so
[0.475s] -- Up-to-date: /home/inteli/Documentos/culling_games/install/cg_interfaces/share/cg_interfaces/environment/pythonpath.sh
[0.475s] -- Up-to-date: /home/inteli/Documentos/culling_games/install/cg_interfaces/share/cg_interfaces/environment/pythonpath.dsv
[0.475s] -- Up-to-date: /home/inteli/Documentos/culling_games/install/cg_interfaces/lib/python3.12/site-packages/cg_interfaces-0.0.0-py3.12.egg-info
[0.475s] -- Installing: /home/inteli/Documentos/culling_games/install/cg_interfaces/lib/python3.12/site-packages/cg_interfaces-0.0.0-py3.12.egg-info/top_level.txt
[0.476s] -- Installing: /home/inteli/Documentos/culling_games/install/cg_interfaces/lib/python3.12/site-packages/cg_interfaces-0.0.0-py3.12.egg-info/SOURCES.txt
[0.476s] -- Installing: /home/inteli/Documentos/culling_games/install/cg_interfaces/lib/python3.12/site-packages/cg_interfaces-0.0.0-py3.12.egg-info/PKG-INFO
[0.476s] -- Installing: /home/inteli/Documentos/culling_games/install/cg_interfaces/lib/python3.12/site-packages/cg_interfaces-0.0.0-py3.12.egg-info/dependency_links.txt
[0.476s] -- Up-to-date: /home/inteli/Documentos/culling_games/install/cg_interfaces/lib/python3.12/site-packages/cg_interfaces
[0.476s] -- Up-to-date: /home/inteli/Documentos/culling_games/install/cg_interfaces/lib/python3.12/site-packages/cg_interfaces/cg_interfaces_s__rosidl_typesupport_c.so
[0.476s] -- Up-to-date: /home/inteli/Documentos/culling_games/install/cg_interfaces/lib/python3.12/site-packages/cg_interfaces/cg_interfaces_s__rosidl_typesupport_fastrtps_c.so
[0.476s] -- Up-to-date: /home/inteli/Documentos/culling_games/install/cg_interfaces/lib/python3.12/site-packages/cg_interfaces/__init__.py
[0.476s] -- Up-to-date: /home/inteli/Documentos/culling_games/install/cg_interfaces/lib/python3.12/site-packages/cg_interfaces/cg_interfaces_s__rosidl_typesupport_introspection_c.so
[0.477s] -- Up-to-date: /home/inteli/Documentos/culling_games/install/cg_interfaces/lib/python3.12/site-packages/cg_interfaces/_cg_interfaces_s.ep.rosidl_typesupport_introspection_c.c
[0.477s] -- Up-to-date: /home/inteli/Documentos/culling_games/install/cg_interfaces/lib/python3.12/site-packages/cg_interfaces/_cg_interfaces_s.ep.rosidl_typesupport_c.c
[0.477s] -- Up-to-date: /home/inteli/Documentos/culling_games/install/cg_interfaces/lib/python3.12/site-packages/cg_interfaces/_cg_interfaces_s.ep.rosidl_typesupport_fastrtps_c.c
[0.477s] -- Up-to-date: /home/inteli/Documentos/culling_games/install/cg_interfaces/lib/python3.12/site-packages/cg_interfaces/srv
[0.477s] -- Up-to-date: /home/inteli/Documentos/culling_games/install/cg_interfaces/lib/python3.12/site-packages/cg_interfaces/srv/_get_map.py
[0.477s] -- Up-to-date: /home/inteli/Documentos/culling_games/install/cg_interfaces/lib/python3.12/site-packages/cg_interfaces/srv/__init__.py
[0.477s] -- Up-to-date: /home/inteli/Documentos/culling_games/install/cg_interfaces/lib/python3.12/site-packages/cg_interfaces/srv/_move_cmd.py
[0.477s] -- Up-to-date: /home/inteli/Documentos/culling_games/install/cg_interfaces/lib/python3.12/site-packages/cg_interfaces/srv/_get_map_s.c
[0.478s] -- Up-to-date: /home/inteli/Documentos/culling_games/install/cg_interfaces/lib/python3.12/site-packages/cg_interfaces/srv/_reset_s.c
[0.478s] -- Up-to-date: /home/inteli/Documentos/culling_games/install/cg_interfaces/lib/python3.12/site-packages/cg_interfaces/srv/_reset.py
[0.478s] -- Up-to-date: /home/inteli/Documentos/culling_games/install/cg_interfaces/lib/python3.12/site-packages/cg_interfaces/srv/_move_cmd_s.c
[0.478s] -- Up-to-date: /home/inteli/Documentos/culling_games/install/cg_interfaces/lib/python3.12/site-packages/cg_interfaces/msg
[0.478s] -- Up-to-date: /home/inteli/Documentos/culling_games/install/cg_interfaces/lib/python3.12/site-packages/cg_interfaces/msg/__init__.py
[0.478s] -- Up-to-date: /home/inteli/Documentos/culling_games/install/cg_interfaces/lib/python3.12/site-packages/cg_interfaces/msg/_robot_sensors_s.c
[0.478s] -- Up-to-date: /home/inteli/Documentos/culling_games/install/cg_interfaces/lib/python3.12/site-packages/cg_interfaces/msg/_robot_sensors.py
[0.501s] Listing '/home/inteli/Documentos/culling_games/install/cg_interfaces/lib/python3.12/site-packages/cg_interfaces'...
[0.501s] Listing '/home/inteli/Documentos/culling_games/install/cg_interfaces/lib/python3.12/site-packages/cg_interfaces/msg'...
[0.501s] Listing '/home/inteli/Documentos/culling_games/install/cg_interfaces/lib/python3.12/site-packages/cg_interfaces/srv'...
[0.509s] -- Up-to-date: /home/inteli/Documentos/culling_games/install/cg_interfaces/lib/python3.12/site-packages/cg_interfaces/cg_interfaces_s__rosidl_typesupport_fastrtps_c.so
[0.509s] -- Up-to-date: /home/inteli/Documentos/culling_games/install/cg_interfaces/lib/python3.12/site-packages/cg_interfaces/cg_interfaces_s__rosidl_typesupport_introspection_c.so
[0.510s] -- Up-to-date: /home/inteli/Documentos/culling_games/install/cg_interfaces/lib/python3.12/site-packages/cg_interfaces/cg_interfaces_s__rosidl_typesupport_c.so
[0.510s] -- Up-to-date: /home/inteli/Documentos/culling_games/install/cg_interfaces/lib/libcg_interfaces__rosidl_generator_py.so
[0.510s] -- Up-to-date: /home/inteli/Documentos/culling_games/install/cg_interfaces/share/cg_interfaces/srv/MoveCmd.idl
[0.510s] -- Up-to-date: /home/inteli/Documentos/culling_games/install/cg_interfaces/share/cg_interfaces/srv/GetMap.idl
[0.510s] -- Up-to-date: /home/inteli/Documentos/culling_games/install/cg_interfaces/share/cg_interfaces/msg/RobotSensors.idl
[0.510s] -- Up-to-date: /home/inteli/Documentos/culling_games/install/cg_interfaces/share/cg_interfaces/srv/Reset.idl
[0.511s] -- Up-to-date: /home/inteli/Documentos/culling_games/install/cg_interfaces/share/cg_interfaces/srv/MoveCmd.srv
[0.511s] -- Up-to-date: /home/inteli/Documentos/culling_games/install/cg_interfaces/share/cg_interfaces/srv/GetMap.srv
[0.511s] -- Up-to-date: /home/inteli/Documentos/culling_games/install/cg_interfaces/share/cg_interfaces/msg/RobotSensors.msg
[0.511s] -- Up-to-date: /home/inteli/Documentos/culling_games/install/cg_interfaces/share/cg_interfaces/srv/Reset.srv
[0.512s] -- Up-to-date: /home/inteli/Documentos/culling_games/install/cg_interfaces/share/ament_index/resource_index/package_run_dependencies/cg_interfaces
[0.512s] -- Up-to-date: /home/inteli/Documentos/culling_games/install/cg_interfaces/share/ament_index/resource_index/parent_prefix_path/cg_interfaces
[0.512s] -- Up-to-date: /home/inteli/Documentos/culling_games/install/cg_interfaces/share/cg_interfaces/environment/ament_prefix_path.sh
[0.512s] -- Up-to-date: /home/inteli/Documentos/culling_games/install/cg_interfaces/share/cg_interfaces/environment/ament_prefix_path.dsv
[0.512s] -- Up-to-date: /home/inteli/Documentos/culling_games/install/cg_interfaces/share/cg_interfaces/environment/path.sh
[0.512s] -- Up-to-date: /home/inteli/Documentos/culling_games/install/cg_interfaces/share/cg_interfaces/environment/path.dsv
[0.512s] -- Up-to-date: /home/inteli/Documentos/culling_games/install/cg_interfaces/share/cg_interfaces/local_setup.bash
[0.513s] -- Up-to-date: /home/inteli/Documentos/culling_games/install/cg_interfaces/share/cg_interfaces/local_setup.sh
[0.513s] -- Up-to-date: /home/inteli/Documentos/culling_games/install/cg_interfaces/share/cg_interfaces/local_setup.zsh
[0.513s] -- Up-to-date: /home/inteli/Documentos/culling_games/install/cg_interfaces/share/cg_interfaces/local_setup.dsv
[0.513s] -- Installing: /home/inteli/Documentos/culling_games/install/cg_interfaces/share/cg_interfaces/package.dsv
[0.513s] -- Up-to-date: /home/inteli/Documentos/culling_games/install/cg_interfaces/share/ament_index/resource_index/packages/cg_interfaces
[0.513s] -- Up-to-date: /home/inteli/Documentos/culling_games/install/cg_interfaces/share/cg_interfaces/cmake/export_cg_interfaces__rosidl_generator_cExport.cmake
[0.514s] -- Up-to-date: /home/inteli/Documentos/culling_games/install/cg_interfaces/share/cg_interfaces/cmake/export_cg_interfaces__rosidl_generator_cExport-noconfig.cmake
[0.514s] -- Up-to-date: /home/inteli/Documentos/culling_games/install/cg_interfaces/share/cg_interfaces/cmake/export_cg_interfaces__rosidl_typesupport_fastrtps_cExport.cmake
[0.514s] -- Up-to-date: /home/inteli/Documentos/culling_games/install/cg_interfaces/share/cg_interfaces/cmake/export_cg_interfaces__rosidl_typesupport_fastrtps_cExport-noconfig.cmake
[0.514s] -- Up-to-date: /home/inteli/Documentos/culling_games/install/cg_interfaces/share/cg_interfaces/cmake/cg_interfaces__rosidl_typesupport_introspection_cExport.cmake
[0.514s] -- Up-to-date: /home/inteli/Documentos/culling_games/install/cg_interfaces/share/cg_interfaces/cmake/cg_interfaces__rosidl_typesupport_introspection_cExport-noconfig.cmake
[0.514s] -- Up-to-date: /home/inteli/Documentos/culling_games/install/cg_interfaces/share/cg_interfaces/cmake/cg_interfaces__rosidl_typesupport_cExport.cmake
[0.514s] -- Up-to-date: /home/inteli/Documentos/culling_games/install/cg_interfaces/share/cg_interfaces/cmake/cg_interfaces__rosidl_typesupport_cExport-noconfig.cmake
[0.514s] -- Up-to-date: /home/inteli/Documentos/culling_games/install/cg_interfaces/share/cg_interfaces/cmake/export_cg_interfaces__rosidl_generator_cppExport.cmake
[0.514s] -- Up-to-date: /home/inteli/Documentos/culling_games/install/cg_interfaces/share/cg_interfaces/cmake/export_cg_interfaces__rosidl_typesupport_fastrtps_cppExport.cmake
[0.514s] -- Up-to-date: /home/inteli/Documentos/culling_games/install/cg_interfaces/share/cg_interfaces/cmake/export_cg_interfaces__rosidl_typesupport_fastrtps_cppExport-noconfig.cmake
[0.514s] -- Up-to-date: /home/inteli/Documentos/culling_games/install/cg_interfaces/share/cg_interfaces/cmake/cg_interfaces__rosidl_typesupport_introspection_cppExport.cmake
[0.514s] -- Up-to-date: /home/inteli/Documentos/culling_games/install/cg_interfaces/share/cg_interfaces/cmake/cg_interfaces__rosidl_typesupport_introspection_cppExport-noconfig.cmake
[0.515s] -- Up-to-date: /home/inteli/Documentos/culling_games/install/cg_interfaces/share/cg_interfaces/cmake/cg_interfaces__rosidl_typesupport_cppExport.cmake
[0.515s] -- Up-to-date: /home/inteli/Documentos/culling_games/install/cg_interfaces/share/cg_interfaces/cmake/cg_interfaces__rosidl_typesupport_cppExport-noconfig.cmake
[0.515s] -- Up-to-date: /home/inteli/Documentos/culling_games/install/cg_interfaces/share/cg_interfaces/cmake/export_cg_interfaces__rosidl_generator_pyExport.cmake
[0.515s] -- Up-to-date: /home/inteli/Documentos/culling_games/install/cg_interfaces/share/cg_interfaces/cmake/export_cg_interfaces__rosidl_generator_pyExport-noconfig.cmake
[0.515s] -- Up-to-date: /home/inteli/Documentos/culling_games/install/cg_interfaces/share/cg_interfaces/cmake/rosidl_cmake-extras.cmake
[0.515s] -- Up-to-date: /home/inteli/Documentos/culling_games/install/cg_interfaces/share/cg_interfaces/cmake/ament_cmake_export_dependencies-extras.cmake
[0.515s] -- Up-to-date: /home/inteli/Documentos/culling_games/install/cg_interfaces/share/cg_interfaces/cmake/ament_cmake_export_include_directories-extras.cmake
[0.516s] -- Up-to-date: /home/inteli/Documentos/culling_games/install/cg_interfaces/share/cg_interfaces/cmake/ament_cmake_export_libraries-extras.cmake
[0.516s] -- Up-to-date: /home/inteli/Documentos/culling_games/install/cg_interfaces/share/cg_interfaces/cmake/ament_cmake_export_targets-extras.cmake
[0.517s] -- Up-to-date: /home/inteli/Documentos/culling_games/install/cg_interfaces/share/cg_interfaces/cmake/rosidl_cmake_export_typesupport_targets-extras.cmake
[0.518s] -- Up-to-date: /home/inteli/Documentos/culling_games/install/cg_interfaces/share/cg_interfaces/cmake/rosidl_cmake_export_typesupport_libraries-extras.cmake
[0.518s] -- Up-to-date: /home/inteli/Documentos/culling_games/install/cg_interfaces/share/cg_interfaces/cmake/cg_interfacesConfig.cmake
[0.518s] -- Up-to-date: /home/inteli/Documentos/culling_games/install/cg_interfaces/share/cg_interfaces/cmake/cg_interfacesConfig-version.cmake
[0.518s] -- Up-to-date: /home/inteli/Documentos/culling_games/install/cg_interfaces/share/cg_interfaces/package.xml
[0.518s] Invoked command in '/home/inteli/Documentos/culling_games/build/cg_interfaces' returned '0': CMAKE_PREFIX_PATH=${CMAKE_PREFIX_PATH}:/opt/ros/jazzy DEBUGINFOD_URLS=https://debuginfod.ubuntu.com /usr/bin/cmake --install /home/inteli/Documentos/culling_games/build/cg_interfaces
