[1.189s] Invoking command in '/home/inteli/Documentos/culling_games/src/cg_teleop': AMENT_PREFIX_PATH=/home/inteli/Documentos/culling_games/install/cg_interfaces:${AMENT_PREFIX_PATH} CMAKE_PREFIX_PATH=/home/inteli/Documentos/culling_games/install/cg_interfaces:${CMAKE_PREFIX_PATH} DEBUGINFOD_URLS=https://debuginfod.ubuntu.com LD_LIBRARY_PATH=/home/inteli/Documentos/culling_games/install/cg_interfaces/lib:${LD_LIBRARY_PATH} PYTHONPATH=/home/inteli/Documentos/culling_games/build/cg_teleop/prefix_override:/usr/lib/python3/dist-packages/colcon_core/task/python/colcon_distutils_commands:/home/inteli/Documentos/culling_games/install/cg_teleop/lib/python3.12/site-packages:/home/inteli/Documentos/culling_games/install/cg_interfaces/lib/python3.12/site-packages:${PYTHONPATH} /usr/bin/python3 -W ignore:setup.py install is deprecated -W ignore:easy_install command is deprecated setup.py egg_info --egg-base ../../build/cg_teleop build --build-base /home/inteli/Documentos/culling_games/build/cg_teleop/build install --record /home/inteli/Documentos/culling_games/build/cg_teleop/install.log --single-version-externally-managed install_data
[1.351s] running egg_info
[1.351s] creating ../../build/cg_teleop/cg_teleop.egg-info
[1.361s] writing ../../build/cg_teleop/cg_teleop.egg-info/PKG-INFO
[1.361s] writing dependency_links to ../../build/cg_teleop/cg_teleop.egg-info/dependency_links.txt
[1.361s] writing entry points to ../../build/cg_teleop/cg_teleop.egg-info/entry_points.txt
[1.362s] writing requirements to ../../build/cg_teleop/cg_teleop.egg-info/requires.txt
[1.362s] writing top-level names to ../../build/cg_teleop/cg_teleop.egg-info/top_level.txt
[1.362s] writing manifest file '../../build/cg_teleop/cg_teleop.egg-info/SOURCES.txt'
[1.382s] reading manifest file '../../build/cg_teleop/cg_teleop.egg-info/SOURCES.txt'
[1.383s] writing manifest file '../../build/cg_teleop/cg_teleop.egg-info/SOURCES.txt'
[1.383s] running build
[1.383s] running build_py
[1.383s] creating /home/inteli/Documentos/culling_games/build/cg_teleop/build
[1.383s] creating /home/inteli/Documentos/culling_games/build/cg_teleop/build/lib
[1.383s] creating /home/inteli/Documentos/culling_games/build/cg_teleop/build/lib/cg_teleop
[1.383s] copying cg_teleop/teleop_node.py -> /home/inteli/Documentos/culling_games/build/cg_teleop/build/lib/cg_teleop
[1.383s] copying cg_teleop/__init__.py -> /home/inteli/Documentos/culling_games/build/cg_teleop/build/lib/cg_teleop
[1.384s] running install
[1.386s] running install_lib
[1.397s] creating /home/inteli/Documentos/culling_games/install/cg_teleop/lib/python3.12/site-packages/cg_teleop
[1.397s] copying /home/inteli/Documentos/culling_games/build/cg_teleop/build/lib/cg_teleop/teleop_node.py -> /home/inteli/Documentos/culling_games/install/cg_teleop/lib/python3.12/site-packages/cg_teleop
[1.397s] copying /home/inteli/Documentos/culling_games/build/cg_teleop/build/lib/cg_teleop/__init__.py -> /home/inteli/Documentos/culling_games/install/cg_teleop/lib/python3.12/site-packages/cg_teleop
[1.398s] byte-compiling /home/inteli/Documentos/culling_games/install/cg_teleop/lib/python3.12/site-packages/cg_teleop/teleop_node.py to teleop_node.cpython-312.pyc
[1.399s] byte-compiling /home/inteli/Documentos/culling_games/install/cg_teleop/lib/python3.12/site-packages/cg_teleop/__init__.py to __init__.cpython-312.pyc
[1.400s] running install_data
[1.400s] creating /home/inteli/Documentos/culling_games/install/cg_teleop/share/ament_index
[1.400s] creating /home/inteli/Documentos/culling_games/install/cg_teleop/share/ament_index/resource_index
[1.400s] creating /home/inteli/Documentos/culling_games/install/cg_teleop/share/ament_index/resource_index/packages
[1.400s] copying resource/cg_teleop -> /home/inteli/Documentos/culling_games/install/cg_teleop/share/ament_index/resource_index/packages
[1.400s] copying package.xml -> /home/inteli/Documentos/culling_games/install/cg_teleop/share/cg_teleop
[1.400s] running install_egg_info
[1.409s] Copying ../../build/cg_teleop/cg_teleop.egg-info to /home/inteli/Documentos/culling_games/install/cg_teleop/lib/python3.12/site-packages/cg_teleop-0.0.0-py3.12.egg-info
[1.410s] running install_scripts
[1.484s] Installing teleop_keyboard script to /home/inteli/Documentos/culling_games/install/cg_teleop/lib/cg_teleop
[1.484s] writing list of installed files to '/home/inteli/Documentos/culling_games/build/cg_teleop/install.log'
[1.506s] Invoked command in '/home/inteli/Documentos/culling_games/src/cg_teleop' returned '0': AMENT_PREFIX_PATH=/home/inteli/Documentos/culling_games/install/cg_interfaces:${AMENT_PREFIX_PATH} CMAKE_PREFIX_PATH=/home/inteli/Documentos/culling_games/install/cg_interfaces:${CMAKE_PREFIX_PATH} DEBUGINFOD_URLS=https://debuginfod.ubuntu.com LD_LIBRARY_PATH=/home/inteli/Documentos/culling_games/install/cg_interfaces/lib:${LD_LIBRARY_PATH} PYTHONPATH=/home/inteli/Documentos/culling_games/build/cg_teleop/prefix_override:/usr/lib/python3/dist-packages/colcon_core/task/python/colcon_distutils_commands:/home/inteli/Documentos/culling_games/install/cg_teleop/lib/python3.12/site-packages:/home/inteli/Documentos/culling_games/install/cg_interfaces/lib/python3.12/site-packages:${PYTHONPATH} /usr/bin/python3 -W ignore:setup.py install is deprecated -W ignore:easy_install command is deprecated setup.py egg_info --egg-base ../../build/cg_teleop build --build-base /home/inteli/Documentos/culling_games/build/cg_teleop/build install --record /home/inteli/Documentos/culling_games/build/cg_teleop/install.log --single-version-externally-managed install_data
