[0.092s] DEBUG:colcon:Command line arguments: ['/usr/bin/colcon', 'build']
[0.092s] DEBUG:colcon:Parsed command line arguments: Namespace(log_base=None, log_level=None, verb_name='build', build_base='build', install_base='install', merge_install=False, symlink_install=False, test_result_base=None, continue_on_error=False, executor='parallel', parallel_workers=12, event_handlers=None, ignore_user_meta=False, metas=['./colcon.meta'], base_paths=['.'], packages_ignore=None, packages_ignore_regex=None, paths=None, packages_up_to=None, packages_up_to_regex=None, packages_above=None, packages_above_and_dependencies=None, packages_above_depth=None, packages_select_by_dep=None, packages_skip_by_dep=None, packages_skip_up_to=None, packages_select_build_failed=False, packages_skip_build_finished=False, packages_select_test_failures=False, packages_skip_test_passed=False, packages_select=None, packages_skip=None, packages_select_regex=None, packages_skip_regex=None, packages_start=None, packages_end=None, cmake_args=None, cmake_target=None, cmake_target_skip_unavailable=False, cmake_clean_cache=False, cmake_clean_first=False, cmake_force_configure=False, ament_cmake_args=None, catkin_cmake_args=None, catkin_skip_building_tests=False, verb_parser=<colcon_defaults.argument_parser.defaults.DefaultArgumentsDecorator object at 0x7d80bef082c0>, verb_extension=<colcon_core.verb.build.BuildVerb object at 0x7d80bf082060>, main=<bound method BuildVerb.main of <colcon_core.verb.build.BuildVerb object at 0x7d80bf082060>>)
[0.130s] Level 1:colcon.colcon_core.package_discovery:discover_packages(colcon_meta) check parameters
[0.130s] Level 1:colcon.colcon_core.package_discovery:discover_packages(recursive) check parameters
[0.130s] Level 1:colcon.colcon_core.package_discovery:discover_packages(ignore) check parameters
[0.130s] Level 1:colcon.colcon_core.package_discovery:discover_packages(path) check parameters
[0.130s] Level 1:colcon.colcon_core.package_discovery:discover_packages(colcon_meta) discover
[0.130s] Level 1:colcon.colcon_core.package_discovery:discover_packages(recursive) discover
[0.130s] INFO:colcon.colcon_core.package_discovery:Crawling recursively for packages in '/home/inteli/Documentos/culling_games'
[0.131s] Level 1:colcon.colcon_core.package_identification:_identify(.) by extensions ['ignore', 'ignore_ament_install']
[0.131s] Level 1:colcon.colcon_core.package_identification:_identify(.) by extension 'ignore'
[0.131s] Level 1:colcon.colcon_core.package_identification:_identify(.) by extension 'ignore_ament_install'
[0.131s] Level 1:colcon.colcon_core.package_identification:_identify(.) by extensions ['colcon_pkg']
[0.131s] Level 1:colcon.colcon_core.package_identification:_identify(.) by extension 'colcon_pkg'
[0.131s] Level 1:colcon.colcon_core.package_identification:_identify(.) by extensions ['colcon_meta']
[0.131s] Level 1:colcon.colcon_core.package_identification:_identify(.) by extension 'colcon_meta'
[0.131s] Level 1:colcon.colcon_core.package_identification:_identify(.) by extensions ['ros']
[0.131s] Level 1:colcon.colcon_core.package_identification:_identify(.) by extension 'ros'
[0.156s] Level 1:colcon.colcon_core.package_identification:_identify(.) by extensions ['cmake', 'python']
[0.156s] Level 1:colcon.colcon_core.package_identification:_identify(.) by extension 'cmake'
[0.156s] Level 1:colcon.colcon_core.package_identification:_identify(.) by extension 'python'
[0.156s] Level 1:colcon.colcon_core.package_identification:_identify(.) by extensions ['python_setup_py']
[0.156s] Level 1:colcon.colcon_core.package_identification:_identify(.) by extension 'python_setup_py'
[0.156s] Level 1:colcon.colcon_core.package_identification:_identify(build) by extensions ['ignore', 'ignore_ament_install']
[0.156s] Level 1:colcon.colcon_core.package_identification:_identify(build) by extension 'ignore'
[0.156s] Level 1:colcon.colcon_core.package_identification:_identify(build) ignored
[0.156s] Level 1:colcon.colcon_core.package_identification:_identify(install) by extensions ['ignore', 'ignore_ament_install']
[0.156s] Level 1:colcon.colcon_core.package_identification:_identify(install) by extension 'ignore'
[0.156s] Level 1:colcon.colcon_core.package_identification:_identify(install) ignored
[0.157s] Level 1:colcon.colcon_core.package_identification:_identify(lobotomy_kaisen) by extensions ['ignore', 'ignore_ament_install']
[0.157s] Level 1:colcon.colcon_core.package_identification:_identify(lobotomy_kaisen) by extension 'ignore'
[0.157s] Level 1:colcon.colcon_core.package_identification:_identify(lobotomy_kaisen) by extension 'ignore_ament_install'
[0.157s] Level 1:colcon.colcon_core.package_identification:_identify(lobotomy_kaisen) by extensions ['colcon_pkg']
[0.157s] Level 1:colcon.colcon_core.package_identification:_identify(lobotomy_kaisen) by extension 'colcon_pkg'
[0.157s] Level 1:colcon.colcon_core.package_identification:_identify(lobotomy_kaisen) by extensions ['colcon_meta']
[0.157s] Level 1:colcon.colcon_core.package_identification:_identify(lobotomy_kaisen) by extension 'colcon_meta'
[0.157s] Level 1:colcon.colcon_core.package_identification:_identify(lobotomy_kaisen) by extensions ['ros']
[0.157s] Level 1:colcon.colcon_core.package_identification:_identify(lobotomy_kaisen) by extension 'ros'
[0.157s] Level 1:colcon.colcon_core.package_identification:_identify(lobotomy_kaisen) by extensions ['cmake', 'python']
[0.157s] Level 1:colcon.colcon_core.package_identification:_identify(lobotomy_kaisen) by extension 'cmake'
[0.157s] Level 1:colcon.colcon_core.package_identification:_identify(lobotomy_kaisen) by extension 'python'
[0.157s] Level 1:colcon.colcon_core.package_identification:_identify(lobotomy_kaisen) by extensions ['python_setup_py']
[0.157s] Level 1:colcon.colcon_core.package_identification:_identify(lobotomy_kaisen) by extension 'python_setup_py'
[0.157s] Level 1:colcon.colcon_core.package_identification:_identify(log) by extensions ['ignore', 'ignore_ament_install']
[0.157s] Level 1:colcon.colcon_core.package_identification:_identify(log) by extension 'ignore'
[0.157s] Level 1:colcon.colcon_core.package_identification:_identify(log) ignored
[0.157s] Level 1:colcon.colcon_core.package_identification:_identify(src) by extensions ['ignore', 'ignore_ament_install']
[0.157s] Level 1:colcon.colcon_core.package_identification:_identify(src) by extension 'ignore'
[0.157s] Level 1:colcon.colcon_core.package_identification:_identify(src) by extension 'ignore_ament_install'
[0.157s] Level 1:colcon.colcon_core.package_identification:_identify(src) by extensions ['colcon_pkg']
[0.157s] Level 1:colcon.colcon_core.package_identification:_identify(src) by extension 'colcon_pkg'
[0.157s] Level 1:colcon.colcon_core.package_identification:_identify(src) by extensions ['colcon_meta']
[0.157s] Level 1:colcon.colcon_core.package_identification:_identify(src) by extension 'colcon_meta'
[0.157s] Level 1:colcon.colcon_core.package_identification:_identify(src) by extensions ['ros']
[0.157s] Level 1:colcon.colcon_core.package_identification:_identify(src) by extension 'ros'
[0.158s] Level 1:colcon.colcon_core.package_identification:_identify(src) by extensions ['cmake', 'python']
[0.158s] Level 1:colcon.colcon_core.package_identification:_identify(src) by extension 'cmake'
[0.158s] Level 1:colcon.colcon_core.package_identification:_identify(src) by extension 'python'
[0.158s] Level 1:colcon.colcon_core.package_identification:_identify(src) by extensions ['python_setup_py']
[0.158s] Level 1:colcon.colcon_core.package_identification:_identify(src) by extension 'python_setup_py'
[0.158s] Level 1:colcon.colcon_core.package_identification:_identify(src/cg) by extensions ['ignore', 'ignore_ament_install']
[0.158s] Level 1:colcon.colcon_core.package_identification:_identify(src/cg) by extension 'ignore'
[0.158s] Level 1:colcon.colcon_core.package_identification:_identify(src/cg) by extension 'ignore_ament_install'
[0.158s] Level 1:colcon.colcon_core.package_identification:_identify(src/cg) by extensions ['colcon_pkg']
[0.158s] Level 1:colcon.colcon_core.package_identification:_identify(src/cg) by extension 'colcon_pkg'
[0.158s] Level 1:colcon.colcon_core.package_identification:_identify(src/cg) by extensions ['colcon_meta']
[0.158s] Level 1:colcon.colcon_core.package_identification:_identify(src/cg) by extension 'colcon_meta'
[0.158s] Level 1:colcon.colcon_core.package_identification:_identify(src/cg) by extensions ['ros']
[0.158s] Level 1:colcon.colcon_core.package_identification:_identify(src/cg) by extension 'ros'
[0.160s] DEBUG:colcon.colcon_core.package_identification:Package 'src/cg' with type 'ros.ament_python' and name 'cg'
[0.160s] Level 1:colcon.colcon_core.package_identification:_identify(src/cg_interfaces) by extensions ['ignore', 'ignore_ament_install']
[0.161s] Level 1:colcon.colcon_core.package_identification:_identify(src/cg_interfaces) by extension 'ignore'
[0.161s] Level 1:colcon.colcon_core.package_identification:_identify(src/cg_interfaces) by extension 'ignore_ament_install'
[0.161s] Level 1:colcon.colcon_core.package_identification:_identify(src/cg_interfaces) by extensions ['colcon_pkg']
[0.161s] Level 1:colcon.colcon_core.package_identification:_identify(src/cg_interfaces) by extension 'colcon_pkg'
[0.161s] Level 1:colcon.colcon_core.package_identification:_identify(src/cg_interfaces) by extensions ['colcon_meta']
[0.161s] Level 1:colcon.colcon_core.package_identification:_identify(src/cg_interfaces) by extension 'colcon_meta'
[0.161s] Level 1:colcon.colcon_core.package_identification:_identify(src/cg_interfaces) by extensions ['ros']
[0.161s] Level 1:colcon.colcon_core.package_identification:_identify(src/cg_interfaces) by extension 'ros'
[0.161s] DEBUG:colcon.colcon_core.package_identification:Package 'src/cg_interfaces' with type 'ros.ament_cmake' and name 'cg_interfaces'
[0.161s] Level 1:colcon.colcon_core.package_identification:_identify(src/cg_solver) by extensions ['ignore', 'ignore_ament_install']
[0.161s] Level 1:colcon.colcon_core.package_identification:_identify(src/cg_solver) by extension 'ignore'
[0.161s] Level 1:colcon.colcon_core.package_identification:_identify(src/cg_solver) by extension 'ignore_ament_install'
[0.161s] Level 1:colcon.colcon_core.package_identification:_identify(src/cg_solver) by extensions ['colcon_pkg']
[0.161s] Level 1:colcon.colcon_core.package_identification:_identify(src/cg_solver) by extension 'colcon_pkg'
[0.162s] Level 1:colcon.colcon_core.package_identification:_identify(src/cg_solver) by extensions ['colcon_meta']
[0.162s] Level 1:colcon.colcon_core.package_identification:_identify(src/cg_solver) by extension 'colcon_meta'
[0.162s] Level 1:colcon.colcon_core.package_identification:_identify(src/cg_solver) by extensions ['ros']
[0.162s] Level 1:colcon.colcon_core.package_identification:_identify(src/cg_solver) by extension 'ros'
[0.162s] DEBUG:colcon.colcon_core.package_identification:Found ROS schema reference in package manifest in 'src/cg_solver'
[0.162s] WARNING:colcon.colcon_core.package_identification:Failed to parse ROS package manifest in 'src/cg_solver': Error(s) in package 'src/cg_solver/package.xml':
The package "cg_solver" must not "build_depend" on a package with the same name as this package
The package "cg_solver" must not "build_export_depend" on a package with the same name as this package
The package "cg_solver" must not "exec_depend" on a package with the same name as this package
[0.162s] Level 1:colcon.colcon_core.package_identification:_identify(src/cg_solver) by extensions ['cmake', 'python']
[0.162s] Level 1:colcon.colcon_core.package_identification:_identify(src/cg_solver) by extension 'cmake'
[0.165s] Level 1:colcon.colcon_core.package_identification:_identify(src/cg_solver) by extension 'python'
[0.165s] DEBUG:colcon.colcon_core.package_identification:Package 'src/cg_solver' with type 'cmake' and name 'cg_solver'
[0.165s] Level 1:colcon.colcon_core.package_identification:_identify(src/cg_teleop) by extensions ['ignore', 'ignore_ament_install']
[0.165s] Level 1:colcon.colcon_core.package_identification:_identify(src/cg_teleop) by extension 'ignore'
[0.165s] Level 1:colcon.colcon_core.package_identification:_identify(src/cg_teleop) by extension 'ignore_ament_install'
[0.165s] Level 1:colcon.colcon_core.package_identification:_identify(src/cg_teleop) by extensions ['colcon_pkg']
[0.165s] Level 1:colcon.colcon_core.package_identification:_identify(src/cg_teleop) by extension 'colcon_pkg'
[0.165s] Level 1:colcon.colcon_core.package_identification:_identify(src/cg_teleop) by extensions ['colcon_meta']
[0.165s] Level 1:colcon.colcon_core.package_identification:_identify(src/cg_teleop) by extension 'colcon_meta'
[0.165s] Level 1:colcon.colcon_core.package_identification:_identify(src/cg_teleop) by extensions ['ros']
[0.165s] Level 1:colcon.colcon_core.package_identification:_identify(src/cg_teleop) by extension 'ros'
[0.166s] DEBUG:colcon.colcon_core.package_identification:Package 'src/cg_teleop' with type 'ros.ament_python' and name 'cg_teleop'
[0.166s] Level 1:colcon.colcon_core.package_discovery:discover_packages(recursive) using defaults
[0.166s] Level 1:colcon.colcon_core.package_discovery:discover_packages(ignore) discover
[0.166s] Level 1:colcon.colcon_core.package_discovery:discover_packages(ignore) using defaults
[0.166s] Level 1:colcon.colcon_core.package_discovery:discover_packages(path) discover
[0.166s] Level 1:colcon.colcon_core.package_discovery:discover_packages(path) using defaults
[0.184s] Level 5:colcon.colcon_core.verb:set package 'cg_interfaces' build argument 'cmake_args' from command line to 'None'
[0.184s] Level 5:colcon.colcon_core.verb:set package 'cg_interfaces' build argument 'cmake_target' from command line to 'None'
[0.184s] Level 5:colcon.colcon_core.verb:set package 'cg_interfaces' build argument 'cmake_target_skip_unavailable' from command line to 'False'
[0.184s] Level 5:colcon.colcon_core.verb:set package 'cg_interfaces' build argument 'cmake_clean_cache' from command line to 'False'
[0.184s] Level 5:colcon.colcon_core.verb:set package 'cg_interfaces' build argument 'cmake_clean_first' from command line to 'False'
[0.184s] Level 5:colcon.colcon_core.verb:set package 'cg_interfaces' build argument 'cmake_force_configure' from command line to 'False'
[0.184s] Level 5:colcon.colcon_core.verb:set package 'cg_interfaces' build argument 'ament_cmake_args' from command line to 'None'
[0.184s] Level 5:colcon.colcon_core.verb:set package 'cg_interfaces' build argument 'catkin_cmake_args' from command line to 'None'
[0.184s] Level 5:colcon.colcon_core.verb:set package 'cg_interfaces' build argument 'catkin_skip_building_tests' from command line to 'False'
[0.184s] DEBUG:colcon.colcon_core.verb:Building package 'cg_interfaces' with the following arguments: {'ament_cmake_args': None, 'build_base': '/home/inteli/Documentos/culling_games/build/cg_interfaces', 'catkin_cmake_args': None, 'catkin_skip_building_tests': False, 'cmake_args': None, 'cmake_clean_cache': False, 'cmake_clean_first': False, 'cmake_force_configure': False, 'cmake_target': None, 'cmake_target_skip_unavailable': False, 'install_base': '/home/inteli/Documentos/culling_games/install/cg_interfaces', 'merge_install': False, 'path': '/home/inteli/Documentos/culling_games/src/cg_interfaces', 'symlink_install': False, 'test_result_base': None}
[0.184s] Level 5:colcon.colcon_core.verb:set package 'cg' build argument 'cmake_args' from command line to 'None'
[0.184s] Level 5:colcon.colcon_core.verb:set package 'cg' build argument 'cmake_target' from command line to 'None'
[0.184s] Level 5:colcon.colcon_core.verb:set package 'cg' build argument 'cmake_target_skip_unavailable' from command line to 'False'
[0.184s] Level 5:colcon.colcon_core.verb:set package 'cg' build argument 'cmake_clean_cache' from command line to 'False'
[0.185s] Level 5:colcon.colcon_core.verb:set package 'cg' build argument 'cmake_clean_first' from command line to 'False'
[0.185s] Level 5:colcon.colcon_core.verb:set package 'cg' build argument 'cmake_force_configure' from command line to 'False'
[0.185s] Level 5:colcon.colcon_core.verb:set package 'cg' build argument 'ament_cmake_args' from command line to 'None'
[0.185s] Level 5:colcon.colcon_core.verb:set package 'cg' build argument 'catkin_cmake_args' from command line to 'None'
[0.185s] Level 5:colcon.colcon_core.verb:set package 'cg' build argument 'catkin_skip_building_tests' from command line to 'False'
[0.185s] DEBUG:colcon.colcon_core.verb:Building package 'cg' with the following arguments: {'ament_cmake_args': None, 'build_base': '/home/inteli/Documentos/culling_games/build/cg', 'catkin_cmake_args': None, 'catkin_skip_building_tests': False, 'cmake_args': None, 'cmake_clean_cache': False, 'cmake_clean_first': False, 'cmake_force_configure': False, 'cmake_target': None, 'cmake_target_skip_unavailable': False, 'install_base': '/home/inteli/Documentos/culling_games/install/cg', 'merge_install': False, 'path': '/home/inteli/Documentos/culling_games/src/cg', 'symlink_install': False, 'test_result_base': None}
[0.185s] Level 5:colcon.colcon_core.verb:set package 'cg_solver' build argument 'cmake_args' from command line to 'None'
[0.185s] Level 5:colcon.colcon_core.verb:set package 'cg_solver' build argument 'cmake_target' from command line to 'None'
[0.185s] Level 5:colcon.colcon_core.verb:set package 'cg_solver' build argument 'cmake_target_skip_unavailable' from command line to 'False'
[0.185s] Level 5:colcon.colcon_core.verb:set package 'cg_solver' build argument 'cmake_clean_cache' from command line to 'False'
[0.185s] Level 5:colcon.colcon_core.verb:set package 'cg_solver' build argument 'cmake_clean_first' from command line to 'False'
[0.185s] Level 5:colcon.colcon_core.verb:set package 'cg_solver' build argument 'cmake_force_configure' from command line to 'False'
[0.185s] Level 5:colcon.colcon_core.verb:set package 'cg_solver' build argument 'ament_cmake_args' from command line to 'None'
[0.185s] Level 5:colcon.colcon_core.verb:set package 'cg_solver' build argument 'catkin_cmake_args' from command line to 'None'
[0.185s] Level 5:colcon.colcon_core.verb:set package 'cg_solver' build argument 'catkin_skip_building_tests' from command line to 'False'
[0.185s] DEBUG:colcon.colcon_core.verb:Building package 'cg_solver' with the following arguments: {'ament_cmake_args': None, 'build_base': '/home/inteli/Documentos/culling_games/build/cg_solver', 'catkin_cmake_args': None, 'catkin_skip_building_tests': False, 'cmake_args': None, 'cmake_clean_cache': False, 'cmake_clean_first': False, 'cmake_force_configure': False, 'cmake_target': None, 'cmake_target_skip_unavailable': False, 'install_base': '/home/inteli/Documentos/culling_games/install/cg_solver', 'merge_install': False, 'path': '/home/inteli/Documentos/culling_games/src/cg_solver', 'symlink_install': False, 'test_result_base': None}
[0.185s] Level 5:colcon.colcon_core.verb:set package 'cg_teleop' build argument 'cmake_args' from command line to 'None'
[0.185s] Level 5:colcon.colcon_core.verb:set package 'cg_teleop' build argument 'cmake_target' from command line to 'None'
[0.185s] Level 5:colcon.colcon_core.verb:set package 'cg_teleop' build argument 'cmake_target_skip_unavailable' from command line to 'False'
[0.185s] Level 5:colcon.colcon_core.verb:set package 'cg_teleop' build argument 'cmake_clean_cache' from command line to 'False'
[0.185s] Level 5:colcon.colcon_core.verb:set package 'cg_teleop' build argument 'cmake_clean_first' from command line to 'False'
[0.185s] Level 5:colcon.colcon_core.verb:set package 'cg_teleop' build argument 'cmake_force_configure' from command line to 'False'
[0.185s] Level 5:colcon.colcon_core.verb:set package 'cg_teleop' build argument 'ament_cmake_args' from command line to 'None'
[0.185s] Level 5:colcon.colcon_core.verb:set package 'cg_teleop' build argument 'catkin_cmake_args' from command line to 'None'
[0.185s] Level 5:colcon.colcon_core.verb:set package 'cg_teleop' build argument 'catkin_skip_building_tests' from command line to 'False'
[0.185s] DEBUG:colcon.colcon_core.verb:Building package 'cg_teleop' with the following arguments: {'ament_cmake_args': None, 'build_base': '/home/inteli/Documentos/culling_games/build/cg_teleop', 'catkin_cmake_args': None, 'catkin_skip_building_tests': False, 'cmake_args': None, 'cmake_clean_cache': False, 'cmake_clean_first': False, 'cmake_force_configure': False, 'cmake_target': None, 'cmake_target_skip_unavailable': False, 'install_base': '/home/inteli/Documentos/culling_games/install/cg_teleop', 'merge_install': False, 'path': '/home/inteli/Documentos/culling_games/src/cg_teleop', 'symlink_install': False, 'test_result_base': None}
[0.185s] INFO:colcon.colcon_core.executor:Executing jobs using 'parallel' executor
[0.187s] DEBUG:colcon.colcon_parallel_executor.executor.parallel:run_until_complete
[0.187s] INFO:colcon.colcon_ros.task.ament_cmake.build:Building ROS package in '/home/inteli/Documentos/culling_games/src/cg_interfaces' with build type 'ament_cmake'
[0.187s] INFO:colcon.colcon_cmake.task.cmake.build:Building CMake package in '/home/inteli/Documentos/culling_games/src/cg_interfaces'
[0.191s] INFO:colcon.colcon_core.plugin_system:Skipping extension 'colcon_core.shell.bat': Not used on non-Windows systems
[0.191s] DEBUG:colcon.colcon_core.shell:Skip shell extension 'dsv' for command environment
[0.203s] DEBUG:colcon.colcon_core.event_handler.log_command:Invoking command in '/home/inteli/Documentos/culling_games/build/cg_interfaces': CMAKE_PREFIX_PATH=${CMAKE_PREFIX_PATH}:/opt/ros/jazzy DEBUGINFOD_URLS=https://debuginfod.ubuntu.com /usr/bin/cmake --build /home/inteli/Documentos/culling_games/build/cg_interfaces -- -j12 -l12
[0.639s] DEBUG:colcon.colcon_core.event_handler.log_command:Invoked command in '/home/inteli/Documentos/culling_games/build/cg_interfaces' returned '0': CMAKE_PREFIX_PATH=${CMAKE_PREFIX_PATH}:/opt/ros/jazzy DEBUGINFOD_URLS=https://debuginfod.ubuntu.com /usr/bin/cmake --build /home/inteli/Documentos/culling_games/build/cg_interfaces -- -j12 -l12
[0.654s] DEBUG:colcon.colcon_core.event_handler.log_command:Invoking command in '/home/inteli/Documentos/culling_games/build/cg_interfaces': CMAKE_PREFIX_PATH=${CMAKE_PREFIX_PATH}:/opt/ros/jazzy DEBUGINFOD_URLS=https://debuginfod.ubuntu.com /usr/bin/cmake --install /home/inteli/Documentos/culling_games/build/cg_interfaces
[0.744s] Level 1:colcon.colcon_core.environment:create_environment_scripts_only(cg_interfaces)
[0.745s] DEBUG:colcon.colcon_core.event_handler.log_command:Invoked command in '/home/inteli/Documentos/culling_games/build/cg_interfaces' returned '0': CMAKE_PREFIX_PATH=${CMAKE_PREFIX_PATH}:/opt/ros/jazzy DEBUGINFOD_URLS=https://debuginfod.ubuntu.com /usr/bin/cmake --install /home/inteli/Documentos/culling_games/build/cg_interfaces
[0.748s] Level 1:colcon.colcon_core.environment:checking '/home/inteli/Documentos/culling_games/install/cg_interfaces' for CMake module files
[0.749s] Level 1:colcon.colcon_core.environment:checking '/home/inteli/Documentos/culling_games/install/cg_interfaces' for CMake config files
[0.750s] Level 1:colcon.colcon_core.shell:create_environment_hook('cg_interfaces', 'cmake_prefix_path')
[0.751s] INFO:colcon.colcon_core.shell:Creating environment descriptor '/home/inteli/Documentos/culling_games/install/cg_interfaces/share/cg_interfaces/hook/cmake_prefix_path.dsv'
[0.751s] INFO:colcon.colcon_core.shell:Creating environment hook '/home/inteli/Documentos/culling_games/install/cg_interfaces/share/cg_interfaces/hook/cmake_prefix_path.sh'
[0.753s] Level 1:colcon.colcon_core.environment:checking '/home/inteli/Documentos/culling_games/install/cg_interfaces/lib'
[0.753s] Level 1:colcon.colcon_core.shell:create_environment_hook('cg_interfaces', 'ld_library_path_lib')
[0.753s] INFO:colcon.colcon_core.shell:Creating environment descriptor '/home/inteli/Documentos/culling_games/install/cg_interfaces/share/cg_interfaces/hook/ld_library_path_lib.dsv'
[0.754s] INFO:colcon.colcon_core.shell:Creating environment hook '/home/inteli/Documentos/culling_games/install/cg_interfaces/share/cg_interfaces/hook/ld_library_path_lib.sh'
[0.755s] Level 1:colcon.colcon_core.environment:checking '/home/inteli/Documentos/culling_games/install/cg_interfaces/bin'
[0.755s] Level 1:colcon.colcon_core.environment:checking '/home/inteli/Documentos/culling_games/install/cg_interfaces/lib/pkgconfig/cg_interfaces.pc'
[0.758s] Level 1:colcon.colcon_core.environment:checking '/home/inteli/Documentos/culling_games/install/cg_interfaces/lib/python3.12/site-packages'
[0.758s] Level 1:colcon.colcon_core.shell:create_environment_hook('cg_interfaces', 'pythonpath')
[0.758s] INFO:colcon.colcon_core.shell:Creating environment descriptor '/home/inteli/Documentos/culling_games/install/cg_interfaces/share/cg_interfaces/hook/pythonpath.dsv'
[0.759s] INFO:colcon.colcon_core.shell:Creating environment hook '/home/inteli/Documentos/culling_games/install/cg_interfaces/share/cg_interfaces/hook/pythonpath.sh'
[0.760s] Level 1:colcon.colcon_core.environment:checking '/home/inteli/Documentos/culling_games/install/cg_interfaces/bin'
[0.761s] INFO:colcon.colcon_core.shell:Creating package descriptor '/home/inteli/Documentos/culling_games/install/cg_interfaces/share/cg_interfaces/package.dsv'
[0.762s] INFO:colcon.colcon_core.shell:Creating package script '/home/inteli/Documentos/culling_games/install/cg_interfaces/share/cg_interfaces/package.sh'
[0.763s] INFO:colcon.colcon_core.shell:Creating package script '/home/inteli/Documentos/culling_games/install/cg_interfaces/share/cg_interfaces/package.bash'
[0.764s] INFO:colcon.colcon_core.shell:Creating package script '/home/inteli/Documentos/culling_games/install/cg_interfaces/share/cg_interfaces/package.zsh'
[0.764s] Level 1:colcon.colcon_core.environment:create_file_with_runtime_dependencies(/home/inteli/Documentos/culling_games/install/cg_interfaces/share/colcon-core/packages/cg_interfaces)
[0.765s] Level 1:colcon.colcon_core.environment:create_environment_scripts_only(cg_interfaces)
[0.766s] Level 1:colcon.colcon_core.environment:checking '/home/inteli/Documentos/culling_games/install/cg_interfaces' for CMake module files
[0.766s] Level 1:colcon.colcon_core.environment:checking '/home/inteli/Documentos/culling_games/install/cg_interfaces' for CMake config files
[0.767s] Level 1:colcon.colcon_core.shell:create_environment_hook('cg_interfaces', 'cmake_prefix_path')
[0.767s] INFO:colcon.colcon_core.shell:Creating environment descriptor '/home/inteli/Documentos/culling_games/install/cg_interfaces/share/cg_interfaces/hook/cmake_prefix_path.dsv'
[0.767s] INFO:colcon.colcon_core.shell:Creating environment hook '/home/inteli/Documentos/culling_games/install/cg_interfaces/share/cg_interfaces/hook/cmake_prefix_path.sh'
[0.768s] Level 1:colcon.colcon_core.environment:checking '/home/inteli/Documentos/culling_games/install/cg_interfaces/lib'
[0.768s] Level 1:colcon.colcon_core.shell:create_environment_hook('cg_interfaces', 'ld_library_path_lib')
[0.768s] INFO:colcon.colcon_core.shell:Creating environment descriptor '/home/inteli/Documentos/culling_games/install/cg_interfaces/share/cg_interfaces/hook/ld_library_path_lib.dsv'
[0.769s] INFO:colcon.colcon_core.shell:Creating environment hook '/home/inteli/Documentos/culling_games/install/cg_interfaces/share/cg_interfaces/hook/ld_library_path_lib.sh'
[0.769s] Level 1:colcon.colcon_core.environment:checking '/home/inteli/Documentos/culling_games/install/cg_interfaces/bin'
[0.769s] Level 1:colcon.colcon_core.environment:checking '/home/inteli/Documentos/culling_games/install/cg_interfaces/lib/pkgconfig/cg_interfaces.pc'
[0.769s] Level 1:colcon.colcon_core.environment:checking '/home/inteli/Documentos/culling_games/install/cg_interfaces/lib/python3.12/site-packages'
[0.769s] Level 1:colcon.colcon_core.shell:create_environment_hook('cg_interfaces', 'pythonpath')
[0.769s] INFO:colcon.colcon_core.shell:Creating environment descriptor '/home/inteli/Documentos/culling_games/install/cg_interfaces/share/cg_interfaces/hook/pythonpath.dsv'
[0.770s] INFO:colcon.colcon_core.shell:Creating environment hook '/home/inteli/Documentos/culling_games/install/cg_interfaces/share/cg_interfaces/hook/pythonpath.sh'
[0.770s] Level 1:colcon.colcon_core.environment:checking '/home/inteli/Documentos/culling_games/install/cg_interfaces/bin'
[0.771s] INFO:colcon.colcon_core.shell:Creating package descriptor '/home/inteli/Documentos/culling_games/install/cg_interfaces/share/cg_interfaces/package.dsv'
[0.771s] INFO:colcon.colcon_core.shell:Creating package script '/home/inteli/Documentos/culling_games/install/cg_interfaces/share/cg_interfaces/package.sh'
[0.772s] INFO:colcon.colcon_core.shell:Creating package script '/home/inteli/Documentos/culling_games/install/cg_interfaces/share/cg_interfaces/package.bash'
[0.772s] INFO:colcon.colcon_core.shell:Creating package script '/home/inteli/Documentos/culling_games/install/cg_interfaces/share/cg_interfaces/package.zsh'
[0.772s] Level 1:colcon.colcon_core.environment:create_file_with_runtime_dependencies(/home/inteli/Documentos/culling_games/install/cg_interfaces/share/colcon-core/packages/cg_interfaces)
[0.772s] INFO:colcon.colcon_ros.task.ament_python.build:Building ROS package in '/home/inteli/Documentos/culling_games/src/cg' with build type 'ament_python'
[0.773s] Level 1:colcon.colcon_core.shell:create_environment_hook('cg', 'ament_prefix_path')
[0.773s] INFO:colcon.colcon_core.shell:Creating environment descriptor '/home/inteli/Documentos/culling_games/install/cg/share/cg/hook/ament_prefix_path.dsv'
[0.774s] INFO:colcon.colcon_core.shell:Creating environment hook '/home/inteli/Documentos/culling_games/install/cg/share/cg/hook/ament_prefix_path.sh'
[0.775s] DEBUG:colcon.colcon_core.shell:Skip shell extension 'dsv' for command environment
[0.778s] INFO:colcon.colcon_cmake.task.cmake.build:Building CMake package in '/home/inteli/Documentos/culling_games/src/cg_solver'
[0.779s] DEBUG:colcon.colcon_core.shell:Skip shell extension 'dsv' for command environment
[0.783s] INFO:colcon.colcon_ros.task.ament_python.build:Building ROS package in '/home/inteli/Documentos/culling_games/src/cg_teleop' with build type 'ament_python'
[0.783s] Level 1:colcon.colcon_core.shell:create_environment_hook('cg_teleop', 'ament_prefix_path')
[0.783s] INFO:colcon.colcon_core.shell:Creating environment descriptor '/home/inteli/Documentos/culling_games/install/cg_teleop/share/cg_teleop/hook/ament_prefix_path.dsv'
[0.784s] INFO:colcon.colcon_core.shell:Creating environment hook '/home/inteli/Documentos/culling_games/install/cg_teleop/share/cg_teleop/hook/ament_prefix_path.sh'
[0.785s] DEBUG:colcon.colcon_core.shell:Skip shell extension 'dsv' for command environment
[1.146s] INFO:colcon.colcon_core.task.python.build:Building Python package in '/home/inteli/Documentos/culling_games/src/cg'
[1.147s] DEBUG:colcon.colcon_core.shell:Skip shell extension 'dsv' for command environment
[1.155s] DEBUG:colcon.colcon_core.event_handler.log_command:Invoking command in '/home/inteli/Documentos/culling_games/build/cg_solver': AMENT_PREFIX_PATH=/home/inteli/Documentos/culling_games/install/cg_interfaces:${AMENT_PREFIX_PATH} CMAKE_PREFIX_PATH=/home/inteli/Documentos/culling_games/install/cg_interfaces:${CMAKE_PREFIX_PATH} DEBUGINFOD_URLS=https://debuginfod.ubuntu.com LD_LIBRARY_PATH=/home/inteli/Documentos/culling_games/install/cg_interfaces/lib:${LD_LIBRARY_PATH} PYTHONPATH=/home/inteli/Documentos/culling_games/install/cg_interfaces/lib/python3.12/site-packages:${PYTHONPATH} /usr/bin/cmake /home/inteli/Documentos/culling_games/src/cg_solver -DCMAKE_INSTALL_PREFIX=/home/inteli/Documentos/culling_games/install/cg_solver
[1.535s] INFO:colcon.colcon_core.task.python.build:Building Python package in '/home/inteli/Documentos/culling_games/src/cg_teleop'
[1.536s] DEBUG:colcon.colcon_core.shell:Skip shell extension 'dsv' for command environment
[2.277s] DEBUG:colcon.colcon_core.event_handler.log_command:Invoking command in '/home/inteli/Documentos/culling_games/src/cg_teleop': AMENT_PREFIX_PATH=/home/inteli/Documentos/culling_games/install/cg_interfaces:${AMENT_PREFIX_PATH} CMAKE_PREFIX_PATH=/home/inteli/Documentos/culling_games/install/cg_interfaces:${CMAKE_PREFIX_PATH} DEBUGINFOD_URLS=https://debuginfod.ubuntu.com LD_LIBRARY_PATH=/home/inteli/Documentos/culling_games/install/cg_interfaces/lib:${LD_LIBRARY_PATH} PYTHONPATH=/home/inteli/Documentos/culling_games/build/cg_teleop/prefix_override:/usr/lib/python3/dist-packages/colcon_core/task/python/colcon_distutils_commands:/home/inteli/Documentos/culling_games/install/cg_teleop/lib/python3.12/site-packages:/home/inteli/Documentos/culling_games/install/cg_interfaces/lib/python3.12/site-packages:${PYTHONPATH} /usr/bin/python3 -W ignore:setup.py install is deprecated -W ignore:easy_install command is deprecated setup.py egg_info --egg-base ../../build/cg_teleop build --build-base /home/inteli/Documentos/culling_games/build/cg_teleop/build install --record /home/inteli/Documentos/culling_games/build/cg_teleop/install.log --single-version-externally-managed install_data
[2.521s] DEBUG:colcon.colcon_core.event_handler.log_command:Invoking command in '/home/inteli/Documentos/culling_games/src/cg': AMENT_PREFIX_PATH=/home/inteli/Documentos/culling_games/install/cg_interfaces:${AMENT_PREFIX_PATH} CMAKE_PREFIX_PATH=/home/inteli/Documentos/culling_games/install/cg_interfaces:${CMAKE_PREFIX_PATH} DEBUGINFOD_URLS=https://debuginfod.ubuntu.com LD_LIBRARY_PATH=/home/inteli/Documentos/culling_games/install/cg_interfaces/lib:${LD_LIBRARY_PATH} PYTHONPATH=/home/inteli/Documentos/culling_games/build/cg/prefix_override:/usr/lib/python3/dist-packages/colcon_core/task/python/colcon_distutils_commands:/home/inteli/Documentos/culling_games/install/cg/lib/python3.12/site-packages:/home/inteli/Documentos/culling_games/install/cg_interfaces/lib/python3.12/site-packages:${PYTHONPATH} /usr/bin/python3 -W ignore:setup.py install is deprecated -W ignore:easy_install command is deprecated setup.py egg_info --egg-base ../../build/cg build --build-base /home/inteli/Documentos/culling_games/build/cg/build install --record /home/inteli/Documentos/culling_games/build/cg/install.log --single-version-externally-managed install_data
[2.873s] Level 1:colcon.colcon_core.environment:checking '/home/inteli/Documentos/culling_games/install/cg_teleop' for CMake module files
[2.874s] DEBUG:colcon.colcon_core.event_handler.log_command:Invoked command in '/home/inteli/Documentos/culling_games/src/cg_teleop' returned '0': AMENT_PREFIX_PATH=/home/inteli/Documentos/culling_games/install/cg_interfaces:${AMENT_PREFIX_PATH} CMAKE_PREFIX_PATH=/home/inteli/Documentos/culling_games/install/cg_interfaces:${CMAKE_PREFIX_PATH} DEBUGINFOD_URLS=https://debuginfod.ubuntu.com LD_LIBRARY_PATH=/home/inteli/Documentos/culling_games/install/cg_interfaces/lib:${LD_LIBRARY_PATH} PYTHONPATH=/home/inteli/Documentos/culling_games/build/cg_teleop/prefix_override:/usr/lib/python3/dist-packages/colcon_core/task/python/colcon_distutils_commands:/home/inteli/Documentos/culling_games/install/cg_teleop/lib/python3.12/site-packages:/home/inteli/Documentos/culling_games/install/cg_interfaces/lib/python3.12/site-packages:${PYTHONPATH} /usr/bin/python3 -W ignore:setup.py install is deprecated -W ignore:easy_install command is deprecated setup.py egg_info --egg-base ../../build/cg_teleop build --build-base /home/inteli/Documentos/culling_games/build/cg_teleop/build install --record /home/inteli/Documentos/culling_games/build/cg_teleop/install.log --single-version-externally-managed install_data
[2.875s] Level 1:colcon.colcon_core.environment:checking '/home/inteli/Documentos/culling_games/install/cg_teleop' for CMake config files
[2.876s] Level 1:colcon.colcon_core.environment:checking '/home/inteli/Documentos/culling_games/install/cg_teleop/lib'
[2.876s] Level 1:colcon.colcon_core.environment:checking '/home/inteli/Documentos/culling_games/install/cg_teleop/bin'
[2.876s] Level 1:colcon.colcon_core.environment:checking '/home/inteli/Documentos/culling_games/install/cg_teleop/lib/pkgconfig/cg_teleop.pc'
[2.876s] Level 1:colcon.colcon_core.environment:checking '/home/inteli/Documentos/culling_games/install/cg_teleop/lib/python3.12/site-packages'
[2.877s] Level 1:colcon.colcon_core.shell:create_environment_hook('cg_teleop', 'pythonpath')
[2.877s] INFO:colcon.colcon_core.shell:Creating environment descriptor '/home/inteli/Documentos/culling_games/install/cg_teleop/share/cg_teleop/hook/pythonpath.dsv'
[2.878s] INFO:colcon.colcon_core.shell:Creating environment hook '/home/inteli/Documentos/culling_games/install/cg_teleop/share/cg_teleop/hook/pythonpath.sh'
[2.879s] Level 1:colcon.colcon_core.environment:checking '/home/inteli/Documentos/culling_games/install/cg_teleop/bin'
[2.879s] Level 1:colcon.colcon_core.environment:create_environment_scripts_only(cg_teleop)
[2.879s] INFO:colcon.colcon_core.shell:Creating package descriptor '/home/inteli/Documentos/culling_games/install/cg_teleop/share/cg_teleop/package.dsv'
[2.880s] INFO:colcon.colcon_core.shell:Creating package script '/home/inteli/Documentos/culling_games/install/cg_teleop/share/cg_teleop/package.sh'
[2.881s] INFO:colcon.colcon_core.shell:Creating package script '/home/inteli/Documentos/culling_games/install/cg_teleop/share/cg_teleop/package.bash'
[2.882s] INFO:colcon.colcon_core.shell:Creating package script '/home/inteli/Documentos/culling_games/install/cg_teleop/share/cg_teleop/package.zsh'
[2.882s] Level 1:colcon.colcon_core.environment:create_file_with_runtime_dependencies(/home/inteli/Documentos/culling_games/install/cg_teleop/share/colcon-core/packages/cg_teleop)
[3.281s] Level 1:colcon.colcon_core.environment:checking '/home/inteli/Documentos/culling_games/install/cg' for CMake module files
[3.282s] DEBUG:colcon.colcon_core.event_handler.log_command:Invoked command in '/home/inteli/Documentos/culling_games/src/cg' returned '0': AMENT_PREFIX_PATH=/home/inteli/Documentos/culling_games/install/cg_interfaces:${AMENT_PREFIX_PATH} CMAKE_PREFIX_PATH=/home/inteli/Documentos/culling_games/install/cg_interfaces:${CMAKE_PREFIX_PATH} DEBUGINFOD_URLS=https://debuginfod.ubuntu.com LD_LIBRARY_PATH=/home/inteli/Documentos/culling_games/install/cg_interfaces/lib:${LD_LIBRARY_PATH} PYTHONPATH=/home/inteli/Documentos/culling_games/build/cg/prefix_override:/usr/lib/python3/dist-packages/colcon_core/task/python/colcon_distutils_commands:/home/inteli/Documentos/culling_games/install/cg/lib/python3.12/site-packages:/home/inteli/Documentos/culling_games/install/cg_interfaces/lib/python3.12/site-packages:${PYTHONPATH} /usr/bin/python3 -W ignore:setup.py install is deprecated -W ignore:easy_install command is deprecated setup.py egg_info --egg-base ../../build/cg build --build-base /home/inteli/Documentos/culling_games/build/cg/build install --record /home/inteli/Documentos/culling_games/build/cg/install.log --single-version-externally-managed install_data
[3.283s] Level 1:colcon.colcon_core.environment:checking '/home/inteli/Documentos/culling_games/install/cg' for CMake config files
[3.284s] Level 1:colcon.colcon_core.environment:checking '/home/inteli/Documentos/culling_games/install/cg/lib'
[3.284s] Level 1:colcon.colcon_core.environment:checking '/home/inteli/Documentos/culling_games/install/cg/bin'
[3.285s] Level 1:colcon.colcon_core.environment:checking '/home/inteli/Documentos/culling_games/install/cg/lib/pkgconfig/cg.pc'
[3.285s] Level 1:colcon.colcon_core.environment:checking '/home/inteli/Documentos/culling_games/install/cg/lib/python3.12/site-packages'
[3.285s] Level 1:colcon.colcon_core.shell:create_environment_hook('cg', 'pythonpath')
[3.285s] INFO:colcon.colcon_core.shell:Creating environment descriptor '/home/inteli/Documentos/culling_games/install/cg/share/cg/hook/pythonpath.dsv'
[3.286s] INFO:colcon.colcon_core.shell:Creating environment hook '/home/inteli/Documentos/culling_games/install/cg/share/cg/hook/pythonpath.sh'
[3.287s] Level 1:colcon.colcon_core.environment:checking '/home/inteli/Documentos/culling_games/install/cg/bin'
[3.287s] Level 1:colcon.colcon_core.environment:create_environment_scripts_only(cg)
[3.288s] INFO:colcon.colcon_core.shell:Creating package descriptor '/home/inteli/Documentos/culling_games/install/cg/share/cg/package.dsv'
[3.288s] INFO:colcon.colcon_core.shell:Creating package script '/home/inteli/Documentos/culling_games/install/cg/share/cg/package.sh'
[3.289s] INFO:colcon.colcon_core.shell:Creating package script '/home/inteli/Documentos/culling_games/install/cg/share/cg/package.bash'
[3.290s] INFO:colcon.colcon_core.shell:Creating package script '/home/inteli/Documentos/culling_games/install/cg/share/cg/package.zsh'
[3.290s] Level 1:colcon.colcon_core.environment:create_file_with_runtime_dependencies(/home/inteli/Documentos/culling_games/install/cg/share/colcon-core/packages/cg)
[4.267s] DEBUG:colcon.colcon_core.event_handler.log_command:Invoked command in '/home/inteli/Documentos/culling_games/build/cg_solver' returned '1': AMENT_PREFIX_PATH=/home/inteli/Documentos/culling_games/install/cg_interfaces:${AMENT_PREFIX_PATH} CMAKE_PREFIX_PATH=/home/inteli/Documentos/culling_games/install/cg_interfaces:${CMAKE_PREFIX_PATH} DEBUGINFOD_URLS=https://debuginfod.ubuntu.com LD_LIBRARY_PATH=/home/inteli/Documentos/culling_games/install/cg_interfaces/lib:${LD_LIBRARY_PATH} PYTHONPATH=/home/inteli/Documentos/culling_games/install/cg_interfaces/lib/python3.12/site-packages:${PYTHONPATH} /usr/bin/cmake /home/inteli/Documentos/culling_games/src/cg_solver -DCMAKE_INSTALL_PREFIX=/home/inteli/Documentos/culling_games/install/cg_solver
[4.277s] DEBUG:colcon.colcon_parallel_executor.executor.parallel:closing loop
[4.277s] DEBUG:colcon.colcon_parallel_executor.executor.parallel:loop closed
[4.277s] DEBUG:colcon.colcon_parallel_executor.executor.parallel:run_until_complete finished with '1'
[4.278s] DEBUG:colcon.colcon_core.event_reactor:joining thread
[4.286s] INFO:colcon.colcon_core.plugin_system:Skipping extension 'colcon_notification.desktop_notification.terminal_notifier': Not used on non-Darwin systems
[4.286s] INFO:colcon.colcon_core.plugin_system:Skipping extension 'colcon_notification.desktop_notification.win32': Not used on non-Windows systems
[4.287s] INFO:colcon.colcon_notification.desktop_notification:Sending desktop notification using 'notify2'
[4.307s] DEBUG:colcon.colcon_core.event_reactor:joined thread
[4.308s] INFO:colcon.colcon_core.shell:Creating prefix script '/home/inteli/Documentos/culling_games/install/local_setup.sh'
[4.309s] INFO:colcon.colcon_core.shell:Creating prefix util module '/home/inteli/Documentos/culling_games/install/_local_setup_util_sh.py'
[4.311s] INFO:colcon.colcon_core.shell:Creating prefix chain script '/home/inteli/Documentos/culling_games/install/setup.sh'
[4.312s] INFO:colcon.colcon_core.shell:Creating prefix script '/home/inteli/Documentos/culling_games/install/local_setup.bash'
[4.313s] INFO:colcon.colcon_core.shell:Creating prefix chain script '/home/inteli/Documentos/culling_games/install/setup.bash'
[4.314s] INFO:colcon.colcon_core.shell:Creating prefix script '/home/inteli/Documentos/culling_games/install/local_setup.zsh'
[4.317s] INFO:colcon.colcon_core.shell:Creating prefix chain script '/home/inteli/Documentos/culling_games/install/setup.zsh'
