[2.418s] Invoking command in '/home/inteli/Documentos/culling_games/src/cg': AMENT_PREFIX_PATH=/home/inteli/Documentos/culling_games/install/cg_interfaces:${AMENT_PREFIX_PATH} CMAKE_PREFIX_PATH=/home/inteli/Documentos/culling_games/install/cg_interfaces:${CMAKE_PREFIX_PATH} DEBUGINFOD_URLS=https://debuginfod.ubuntu.com LD_LIBRARY_PATH=/home/inteli/Documentos/culling_games/install/cg_interfaces/lib:${LD_LIBRARY_PATH} PYTHONPATH=/home/inteli/Documentos/culling_games/build/cg/prefix_override:/usr/lib/python3/dist-packages/colcon_core/task/python/colcon_distutils_commands:/home/inteli/Documentos/culling_games/install/cg/lib/python3.12/site-packages:/home/inteli/Documentos/culling_games/install/cg_interfaces/lib/python3.12/site-packages:${PYTHONPATH} /usr/bin/python3 -W ignore:setup.py install is deprecated -W ignore:easy_install command is deprecated setup.py egg_info --egg-base ../../build/cg build --build-base /home/inteli/Documentos/culling_games/build/cg/build install --record /home/inteli/Documentos/culling_games/build/cg/install.log --single-version-externally-managed install_data
[3.005s] running egg_info
[3.046s] writing ../../build/cg/cg.egg-info/PKG-INFO
[3.050s] writing dependency_links to ../../build/cg/cg.egg-info/dependency_links.txt
[3.056s] writing entry points to ../../build/cg/cg.egg-info/entry_points.txt
[3.058s] writing requirements to ../../build/cg/cg.egg-info/requires.txt
[3.061s] writing top-level names to ../../build/cg/cg.egg-info/top_level.txt
[3.150s] reading manifest file '../../build/cg/cg.egg-info/SOURCES.txt'
[3.152s] adding license file 'LICENSE'
[3.153s] writing manifest file '../../build/cg/cg.egg-info/SOURCES.txt'
[3.154s] running build
[3.154s] running build_py
[3.155s] running install
[3.167s] running install_lib
[3.212s] running install_data
[3.214s] running install_egg_info
[3.259s] removing '/home/inteli/Documentos/culling_games/install/cg/lib/python3.12/site-packages/cg-0.0.0-py3.12.egg-info' (and everything under it)
[3.259s] Copying ../../build/cg/cg.egg-info to /home/inteli/Documentos/culling_games/install/cg/lib/python3.12/site-packages/cg-0.0.0-py3.12.egg-info
[3.262s] running install_scripts
[3.589s] Installing edit script to /home/inteli/Documentos/culling_games/install/cg/lib/cg
[3.590s] Installing maze script to /home/inteli/Documentos/culling_games/install/cg/lib/cg
[3.631s] Installing test script to /home/inteli/Documentos/culling_games/install/cg/lib/cg
[3.632s] writing list of installed files to '/home/inteli/Documentos/culling_games/build/cg/install.log'
[3.721s] Invoked command in '/home/inteli/Documentos/culling_games/src/cg' returned '0': AMENT_PREFIX_PATH=/home/inteli/Documentos/culling_games/install/cg_interfaces:${AMENT_PREFIX_PATH} CMAKE_PREFIX_PATH=/home/inteli/Documentos/culling_games/install/cg_interfaces:${CMAKE_PREFIX_PATH} DEBUGINFOD_URLS=https://debuginfod.ubuntu.com LD_LIBRARY_PATH=/home/inteli/Documentos/culling_games/install/cg_interfaces/lib:${LD_LIBRARY_PATH} PYTHONPATH=/home/inteli/Documentos/culling_games/build/cg/prefix_override:/usr/lib/python3/dist-packages/colcon_core/task/python/colcon_distutils_commands:/home/inteli/Documentos/culling_games/install/cg/lib/python3.12/site-packages:/home/inteli/Documentos/culling_games/install/cg_interfaces/lib/python3.12/site-packages:${PYTHONPATH} /usr/bin/python3 -W ignore:setup.py install is deprecated -W ignore:easy_install command is deprecated setup.py egg_info --egg-base ../../build/cg build --build-base /home/inteli/Documentos/culling_games/build/cg/build install --record /home/inteli/Documentos/culling_games/build/cg/install.log --single-version-externally-managed install_data
