[0.024s] Invoking command in '/home/inteli/Documentos/culling_games/build/cg_solver': CMAKE_PREFIX_PATH=${CMAKE_PREFIX_PATH}:/home/inteli/Documentos/culling_games/install/cg_teleop:/home/inteli/Documentos/culling_games/install/cg:/opt/ros/jazzy DEBUGINFOD_URLS=https://debuginfod.ubuntu.com PYTHONPATH=/home/inteli/Documentos/culling_games/install/cg_interfaces/lib/python3.12/site-packages:/home/inteli/Documentos/culling_games/install/cg_teleop/lib/python3.12/site-packages:/home/inteli/Documentos/culling_games/install/cg/lib/python3.12/site-packages:/opt/ros/jazzy/lib/python3.12/site-packages /usr/bin/cmake --build /home/inteli/Documentos/culling_games/build/cg_solver -- -j12 -l12
[0.116s] [100%] Built target maze_solver
[0.137s] Invoked command in '/home/inteli/Documentos/culling_games/build/cg_solver' returned '0': CMAKE_PREFIX_PATH=${CMAKE_PREFIX_PATH}:/home/inteli/Documentos/culling_games/install/cg_teleop:/home/inteli/Documentos/culling_games/install/cg:/opt/ros/jazzy DEBUGINFOD_URLS=https://debuginfod.ubuntu.com PYTHONPATH=/home/inteli/Documentos/culling_games/install/cg_interfaces/lib/python3.12/site-packages:/home/inteli/Documentos/culling_games/install/cg_teleop/lib/python3.12/site-packages:/home/inteli/Documentos/culling_games/install/cg/lib/python3.12/site-packages:/opt/ros/jazzy/lib/python3.12/site-packages /usr/bin/cmake --build /home/inteli/Documentos/culling_games/build/cg_solver -- -j12 -l12
[0.151s] Invoking command in '/home/inteli/Documentos/culling_games/build/cg_solver': CMAKE_PREFIX_PATH=${CMAKE_PREFIX_PATH}:/home/inteli/Documentos/culling_games/install/cg_teleop:/home/inteli/Documentos/culling_games/install/cg:/opt/ros/jazzy DEBUGINFOD_URLS=https://debuginfod.ubuntu.com PYTHONPATH=/home/inteli/Documentos/culling_games/install/cg_interfaces/lib/python3.12/site-packages:/home/inteli/Documentos/culling_games/install/cg_teleop/lib/python3.12/site-packages:/home/inteli/Documentos/culling_games/install/cg/lib/python3.12/site-packages:/opt/ros/jazzy/lib/python3.12/site-packages /usr/bin/cmake --install /home/inteli/Documentos/culling_games/build/cg_solver
[0.163s] -- Install configuration: ""
[0.163s] -- Up-to-date: /home/inteli/Documentos/culling_games/install/cg_solver/lib/cg_solver/maze_solver
[0.163s] -- Up-to-date: /home/inteli/Documentos/culling_games/install/cg_solver/share/ament_index/resource_index/package_run_dependencies/cg_solver
[0.164s] -- Up-to-date: /home/inteli/Documentos/culling_games/install/cg_solver/share/ament_index/resource_index/parent_prefix_path/cg_solver
[0.164s] -- Up-to-date: /home/inteli/Documentos/culling_games/install/cg_solver/share/cg_solver/environment/ament_prefix_path.sh
[0.164s] -- Up-to-date: /home/inteli/Documentos/culling_games/install/cg_solver/share/cg_solver/environment/ament_prefix_path.dsv
[0.164s] -- Up-to-date: /home/inteli/Documentos/culling_games/install/cg_solver/share/cg_solver/environment/path.sh
[0.164s] -- Up-to-date: /home/inteli/Documentos/culling_games/install/cg_solver/share/cg_solver/environment/path.dsv
[0.164s] -- Up-to-date: /home/inteli/Documentos/culling_games/install/cg_solver/share/cg_solver/local_setup.bash
[0.165s] -- Up-to-date: /home/inteli/Documentos/culling_games/install/cg_solver/share/cg_solver/local_setup.sh
[0.165s] -- Up-to-date: /home/inteli/Documentos/culling_games/install/cg_solver/share/cg_solver/local_setup.zsh
[0.165s] -- Up-to-date: /home/inteli/Documentos/culling_games/install/cg_solver/share/cg_solver/local_setup.dsv
[0.166s] -- Installing: /home/inteli/Documentos/culling_games/install/cg_solver/share/cg_solver/package.dsv
[0.167s] -- Up-to-date: /home/inteli/Documentos/culling_games/install/cg_solver/share/ament_index/resource_index/packages/cg_solver
[0.167s] -- Up-to-date: /home/inteli/Documentos/culling_games/install/cg_solver/share/cg_solver/cmake/cg_solverConfig.cmake
[0.168s] -- Up-to-date: /home/inteli/Documentos/culling_games/install/cg_solver/share/cg_solver/cmake/cg_solverConfig-version.cmake
[0.168s] -- Up-to-date: /home/inteli/Documentos/culling_games/install/cg_solver/share/cg_solver/package.xml
[0.169s] Invoked command in '/home/inteli/Documentos/culling_games/build/cg_solver' returned '0': CMAKE_PREFIX_PATH=${CMAKE_PREFIX_PATH}:/home/inteli/Documentos/culling_games/install/cg_teleop:/home/inteli/Documentos/culling_games/install/cg:/opt/ros/jazzy DEBUGINFOD_URLS=https://debuginfod.ubuntu.com PYTHONPATH=/home/inteli/Documentos/culling_games/install/cg_interfaces/lib/python3.12/site-packages:/home/inteli/Documentos/culling_games/install/cg_teleop/lib/python3.12/site-packages:/home/inteli/Documentos/culling_games/install/cg/lib/python3.12/site-packages:/opt/ros/jazzy/lib/python3.12/site-packages /usr/bin/cmake --install /home/inteli/Documentos/culling_games/build/cg_solver
