[ 50%] [32mBuilding CXX object CMakeFiles/maze_solver.dir/src/solver.cpp.o[0m
[100%] [32m[1mLinking CXX executable maze_solver[0m
[100%] Built target maze_solver
-- Install configuration: ""
-- Installing: /home/inteli/Documentos/culling_games/install/cg_solver/lib/cg_solver/maze_solver
-- Set non-toolchain portion of runtime path of "/home/inteli/Documentos/culling_games/install/cg_solver/lib/cg_solver/maze_solver" to ""
-- Up-to-date: /home/inteli/Documentos/culling_games/install/cg_solver/share/ament_index/resource_index/package_run_dependencies/cg_solver
-- Up-to-date: /home/inteli/Documentos/culling_games/install/cg_solver/share/ament_index/resource_index/parent_prefix_path/cg_solver
-- Up-to-date: /home/inteli/Documentos/culling_games/install/cg_solver/share/cg_solver/environment/ament_prefix_path.sh
-- Up-to-date: /home/inteli/Documentos/culling_games/install/cg_solver/share/cg_solver/environment/ament_prefix_path.dsv
-- Up-to-date: /home/inteli/Documentos/culling_games/install/cg_solver/share/cg_solver/environment/path.sh
-- Up-to-date: /home/inteli/Documentos/culling_games/install/cg_solver/share/cg_solver/environment/path.dsv
-- Up-to-date: /home/inteli/Documentos/culling_games/install/cg_solver/share/cg_solver/local_setup.bash
-- Up-to-date: /home/inteli/Documentos/culling_games/install/cg_solver/share/cg_solver/local_setup.sh
-- Up-to-date: /home/inteli/Documentos/culling_games/install/cg_solver/share/cg_solver/local_setup.zsh
-- Up-to-date: /home/inteli/Documentos/culling_games/install/cg_solver/share/cg_solver/local_setup.dsv
-- Installing: /home/inteli/Documentos/culling_games/install/cg_solver/share/cg_solver/package.dsv
-- Up-to-date: /home/inteli/Documentos/culling_games/install/cg_solver/share/ament_index/resource_index/packages/cg_solver
-- Up-to-date: /home/inteli/Documentos/culling_games/install/cg_solver/share/cg_solver/cmake/cg_solverConfig.cmake
-- Up-to-date: /home/inteli/Documentos/culling_games/install/cg_solver/share/cg_solver/cmake/cg_solverConfig-version.cmake
-- Up-to-date: /home/inteli/Documentos/culling_games/install/cg_solver/share/cg_solver/package.xml
