[0.150s] Invoking command in '/home/inteli/Documentos/culling_games/build/cg_solver': CMAKE_PREFIX_PATH=/home/inteli/Documentos/culling_games/install/cg_interfaces:/home/inteli/Documentos/culling_games/install/cg_teleop:/home/inteli/Documentos/culling_games/install/cg:/opt/ros/jazzy:/home/inteli/Documentos/culling_games/install/cg_solver:/opt/ros/jazzy/opt/gz_math_vendor:/opt/ros/jazzy/opt/gz_utils_vendor:/opt/ros/jazzy/opt/gz_cmake_vendor DEBUGINFOD_URLS=https://debuginfod.ubuntu.com PYTHONPATH=/home/inteli/Documentos/culling_games/install/cg_interfaces/lib/python3.12/site-packages:/home/inteli/Documentos/culling_games/install/cg_teleop/lib/python3.12/site-packages:/home/inteli/Documentos/culling_games/install/cg/lib/python3.12/site-packages:/opt/ros/jazzy/lib/python3.12/site-packages /usr/bin/cmake --build /home/inteli/Documentos/culling_games/build/cg_solver -- -j12 -l12
[0.260s] [ 50%] [32mBuilding CXX object CMakeFiles/maze_solver.dir/src/solver.cpp.o[0m
[6.773s] [100%] [32m[1mLinking CXX executable maze_solver[0m
[7.212s] [100%] Built target maze_solver
[7.253s] Invoked command in '/home/inteli/Documentos/culling_games/build/cg_solver' returned '0': CMAKE_PREFIX_PATH=/home/inteli/Documentos/culling_games/install/cg_interfaces:/home/inteli/Documentos/culling_games/install/cg_teleop:/home/inteli/Documentos/culling_games/install/cg:/opt/ros/jazzy:/home/inteli/Documentos/culling_games/install/cg_solver:/opt/ros/jazzy/opt/gz_math_vendor:/opt/ros/jazzy/opt/gz_utils_vendor:/opt/ros/jazzy/opt/gz_cmake_vendor DEBUGINFOD_URLS=https://debuginfod.ubuntu.com PYTHONPATH=/home/inteli/Documentos/culling_games/install/cg_interfaces/lib/python3.12/site-packages:/home/inteli/Documentos/culling_games/install/cg_teleop/lib/python3.12/site-packages:/home/inteli/Documentos/culling_games/install/cg/lib/python3.12/site-packages:/opt/ros/jazzy/lib/python3.12/site-packages /usr/bin/cmake --build /home/inteli/Documentos/culling_games/build/cg_solver -- -j12 -l12
[7.268s] Invoking command in '/home/inteli/Documentos/culling_games/build/cg_solver': CMAKE_PREFIX_PATH=/home/inteli/Documentos/culling_games/install/cg_interfaces:/home/inteli/Documentos/culling_games/install/cg_teleop:/home/inteli/Documentos/culling_games/install/cg:/opt/ros/jazzy:/home/inteli/Documentos/culling_games/install/cg_solver:/opt/ros/jazzy/opt/gz_math_vendor:/opt/ros/jazzy/opt/gz_utils_vendor:/opt/ros/jazzy/opt/gz_cmake_vendor DEBUGINFOD_URLS=https://debuginfod.ubuntu.com PYTHONPATH=/home/inteli/Documentos/culling_games/install/cg_interfaces/lib/python3.12/site-packages:/home/inteli/Documentos/culling_games/install/cg_teleop/lib/python3.12/site-packages:/home/inteli/Documentos/culling_games/install/cg/lib/python3.12/site-packages:/opt/ros/jazzy/lib/python3.12/site-packages /usr/bin/cmake --install /home/inteli/Documentos/culling_games/build/cg_solver
[7.283s] -- Install configuration: ""
[7.283s] -- Installing: /home/inteli/Documentos/culling_games/install/cg_solver/lib/cg_solver/maze_solver
[7.285s] -- Set non-toolchain portion of runtime path of "/home/inteli/Documentos/culling_games/install/cg_solver/lib/cg_solver/maze_solver" to ""
[7.285s] -- Up-to-date: /home/inteli/Documentos/culling_games/install/cg_solver/share/ament_index/resource_index/package_run_dependencies/cg_solver
[7.286s] -- Up-to-date: /home/inteli/Documentos/culling_games/install/cg_solver/share/ament_index/resource_index/parent_prefix_path/cg_solver
[7.286s] -- Up-to-date: /home/inteli/Documentos/culling_games/install/cg_solver/share/cg_solver/environment/ament_prefix_path.sh
[7.286s] -- Up-to-date: /home/inteli/Documentos/culling_games/install/cg_solver/share/cg_solver/environment/ament_prefix_path.dsv
[7.286s] -- Up-to-date: /home/inteli/Documentos/culling_games/install/cg_solver/share/cg_solver/environment/path.sh
[7.286s] -- Up-to-date: /home/inteli/Documentos/culling_games/install/cg_solver/share/cg_solver/environment/path.dsv
[7.286s] -- Up-to-date: /home/inteli/Documentos/culling_games/install/cg_solver/share/cg_solver/local_setup.bash
[7.287s] -- Up-to-date: /home/inteli/Documentos/culling_games/install/cg_solver/share/cg_solver/local_setup.sh
[7.287s] -- Up-to-date: /home/inteli/Documentos/culling_games/install/cg_solver/share/cg_solver/local_setup.zsh
[7.287s] -- Up-to-date: /home/inteli/Documentos/culling_games/install/cg_solver/share/cg_solver/local_setup.dsv
[7.287s] -- Installing: /home/inteli/Documentos/culling_games/install/cg_solver/share/cg_solver/package.dsv
[7.287s] -- Up-to-date: /home/inteli/Documentos/culling_games/install/cg_solver/share/ament_index/resource_index/packages/cg_solver
[7.287s] -- Up-to-date: /home/inteli/Documentos/culling_games/install/cg_solver/share/cg_solver/cmake/cg_solverConfig.cmake
[7.288s] -- Up-to-date: /home/inteli/Documentos/culling_games/install/cg_solver/share/cg_solver/cmake/cg_solverConfig-version.cmake
[7.288s] -- Up-to-date: /home/inteli/Documentos/culling_games/install/cg_solver/share/cg_solver/package.xml
[7.350s] Invoked command in '/home/inteli/Documentos/culling_games/build/cg_solver' returned '0': CMAKE_PREFIX_PATH=/home/inteli/Documentos/culling_games/install/cg_interfaces:/home/inteli/Documentos/culling_games/install/cg_teleop:/home/inteli/Documentos/culling_games/install/cg:/opt/ros/jazzy:/home/inteli/Documentos/culling_games/install/cg_solver:/opt/ros/jazzy/opt/gz_math_vendor:/opt/ros/jazzy/opt/gz_utils_vendor:/opt/ros/jazzy/opt/gz_cmake_vendor DEBUGINFOD_URLS=https://debuginfod.ubuntu.com PYTHONPATH=/home/inteli/Documentos/culling_games/install/cg_interfaces/lib/python3.12/site-packages:/home/inteli/Documentos/culling_games/install/cg_teleop/lib/python3.12/site-packages:/home/inteli/Documentos/culling_games/install/cg/lib/python3.12/site-packages:/opt/ros/jazzy/lib/python3.12/site-packages /usr/bin/cmake --install /home/inteli/Documentos/culling_games/build/cg_solver
