[0.011s] Invoking command in '/home/inteli/Documentos/culling_games/build/cg_interfaces': CMAKE_PREFIX_PATH=${CMAKE_PREFIX_PATH}:/opt/ros/jazzy DEBUGINFOD_URLS=https://debuginfod.ubuntu.com /usr/bin/cmake --build /home/inteli/Documentos/culling_games/build/cg_interfaces -- -j12 -l12
[0.073s] [  1%] Built target cg_interfaces__rosidl_generator_type_description
[0.083s] [  1%] Built target ament_cmake_python_copy_cg_interfaces
[0.100s] [  3%] Built target cg_interfaces__cpp
[0.103s] [ 25%] Built target cg_interfaces__rosidl_generator_c
[0.127s] [ 34%] Built target cg_interfaces__rosidl_typesupport_c
[0.135s] [ 43%] Built target cg_interfaces__rosidl_typesupport_cpp
[0.136s] [ 62%] Built target cg_interfaces__rosidl_typesupport_introspection_c
[0.136s] [ 62%] Built target cg_interfaces__rosidl_typesupport_introspection_cpp
[0.141s] [ 73%] Built target cg_interfaces__rosidl_typesupport_fastrtps_cpp
[0.141s] [ 81%] Built target cg_interfaces__rosidl_typesupport_fastrtps_c
[0.168s] [ 81%] Built target cg_interfaces
[0.197s] [ 82%] Built target cg_interfaces__py
[0.233s] [ 90%] Built target cg_interfaces__rosidl_generator_py
[0.264s] running egg_info
[0.264s] [100%] Built target cg_interfaces_s__rosidl_typesupport_c
[0.264s] [100%] Built target cg_interfaces_s__rosidl_typesupport_introspection_c
[0.265s] [100%] Built target cg_interfaces_s__rosidl_typesupport_fastrtps_c
[0.276s] writing cg_interfaces.egg-info/PKG-INFO
[0.276s] writing dependency_links to cg_interfaces.egg-info/dependency_links.txt
[0.276s] writing top-level names to cg_interfaces.egg-info/top_level.txt
[0.310s] reading manifest file 'cg_interfaces.egg-info/SOURCES.txt'
[0.310s] writing manifest file 'cg_interfaces.egg-info/SOURCES.txt'
[0.338s] [100%] Built target ament_cmake_python_build_cg_interfaces_egg
[0.348s] Invoked command in '/home/inteli/Documentos/culling_games/build/cg_interfaces' returned '0': CMAKE_PREFIX_PATH=${CMAKE_PREFIX_PATH}:/opt/ros/jazzy DEBUGINFOD_URLS=https://debuginfod.ubuntu.com /usr/bin/cmake --build /home/inteli/Documentos/culling_games/build/cg_interfaces -- -j12 -l12
[0.358s] Invoking command in '/home/inteli/Documentos/culling_games/build/cg_interfaces': CMAKE_PREFIX_PATH=${CMAKE_PREFIX_PATH}:/opt/ros/jazzy DEBUGINFOD_URLS=https://debuginfod.ubuntu.com /usr/bin/cmake --install /home/inteli/Documentos/culling_games/build/cg_interfaces
[0.365s] -- Install configuration: ""
[0.365s] -- Up-to-date: /home/inteli/Documentos/culling_games/install/cg_interfaces/share/ament_index/resource_index/rosidl_interfaces/cg_interfaces
[0.365s] -- Up-to-date: /home/inteli/Documentos/culling_games/install/cg_interfaces/share/cg_interfaces/srv/MoveCmd.json
[0.365s] -- Up-to-date: /home/inteli/Documentos/culling_games/install/cg_interfaces/share/cg_interfaces/srv/GetMap.json
[0.365s] -- Up-to-date: /home/inteli/Documentos/culling_games/install/cg_interfaces/share/cg_interfaces/msg/RobotSensors.json
[0.365s] -- Up-to-date: /home/inteli/Documentos/culling_games/install/cg_interfaces/share/cg_interfaces/srv/Reset.json
[0.365s] -- Up-to-date: /home/inteli/Documentos/culling_games/install/cg_interfaces/include/cg_interfaces/cg_interfaces
[0.365s] -- Up-to-date: /home/inteli/Documentos/culling_games/install/cg_interfaces/include/cg_interfaces/cg_interfaces/srv
[0.366s] -- Up-to-date: /home/inteli/Documentos/culling_games/install/cg_interfaces/include/cg_interfaces/cg_interfaces/srv/move_cmd.h
[0.366s] -- Up-to-date: /home/inteli/Documentos/culling_games/install/cg_interfaces/include/cg_interfaces/cg_interfaces/srv/get_map.h
[0.366s] -- Up-to-date: /home/inteli/Documentos/culling_games/install/cg_interfaces/include/cg_interfaces/cg_interfaces/srv/reset.h
[0.366s] -- Up-to-date: /home/inteli/Documentos/culling_games/install/cg_interfaces/include/cg_interfaces/cg_interfaces/srv/detail
[0.366s] -- Up-to-date: /home/inteli/Documentos/culling_games/install/cg_interfaces/include/cg_interfaces/cg_interfaces/srv/detail/get_map__functions.h
[0.366s] -- Up-to-date: /home/inteli/Documentos/culling_games/install/cg_interfaces/include/cg_interfaces/cg_interfaces/srv/detail/move_cmd__functions.c
[0.367s] -- Up-to-date: /home/inteli/Documentos/culling_games/install/cg_interfaces/include/cg_interfaces/cg_interfaces/srv/detail/move_cmd__type_support.c
[0.367s] -- Up-to-date: /home/inteli/Documentos/culling_games/install/cg_interfaces/include/cg_interfaces/cg_interfaces/srv/detail/reset__functions.c
[0.367s] -- Up-to-date: /home/inteli/Documentos/culling_games/install/cg_interfaces/include/cg_interfaces/cg_interfaces/srv/detail/get_map__description.c
[0.367s] -- Up-to-date: /home/inteli/Documentos/culling_games/install/cg_interfaces/include/cg_interfaces/cg_interfaces/srv/detail/move_cmd__description.c
[0.367s] -- Up-to-date: /home/inteli/Documentos/culling_games/install/cg_interfaces/include/cg_interfaces/cg_interfaces/srv/detail/move_cmd__type_support.h
[0.367s] -- Up-to-date: /home/inteli/Documentos/culling_games/install/cg_interfaces/include/cg_interfaces/cg_interfaces/srv/detail/get_map__type_support.c
[0.368s] -- Up-to-date: /home/inteli/Documentos/culling_games/install/cg_interfaces/include/cg_interfaces/cg_interfaces/srv/detail/get_map__type_support.h
[0.368s] -- Up-to-date: /home/inteli/Documentos/culling_games/install/cg_interfaces/include/cg_interfaces/cg_interfaces/srv/detail/reset__struct.h
[0.368s] -- Up-to-date: /home/inteli/Documentos/culling_games/install/cg_interfaces/include/cg_interfaces/cg_interfaces/srv/detail/reset__type_support.c
[0.368s] -- Up-to-date: /home/inteli/Documentos/culling_games/install/cg_interfaces/include/cg_interfaces/cg_interfaces/srv/detail/move_cmd__functions.h
[0.368s] -- Up-to-date: /home/inteli/Documentos/culling_games/install/cg_interfaces/include/cg_interfaces/cg_interfaces/srv/detail/get_map__functions.c
[0.368s] -- Up-to-date: /home/inteli/Documentos/culling_games/install/cg_interfaces/include/cg_interfaces/cg_interfaces/srv/detail/reset__functions.h
[0.368s] -- Up-to-date: /home/inteli/Documentos/culling_games/install/cg_interfaces/include/cg_interfaces/cg_interfaces/srv/detail/move_cmd__struct.h
[0.368s] -- Up-to-date: /home/inteli/Documentos/culling_games/install/cg_interfaces/include/cg_interfaces/cg_interfaces/srv/detail/get_map__struct.h
[0.368s] -- Up-to-date: /home/inteli/Documentos/culling_games/install/cg_interfaces/include/cg_interfaces/cg_interfaces/srv/detail/reset__type_support.h
[0.368s] -- Up-to-date: /home/inteli/Documentos/culling_games/install/cg_interfaces/include/cg_interfaces/cg_interfaces/srv/detail/reset__description.c
[0.369s] -- Up-to-date: /home/inteli/Documentos/culling_games/install/cg_interfaces/include/cg_interfaces/cg_interfaces/msg
[0.369s] -- Up-to-date: /home/inteli/Documentos/culling_games/install/cg_interfaces/include/cg_interfaces/cg_interfaces/msg/rosidl_generator_c__visibility_control.h
[0.369s] -- Up-to-date: /home/inteli/Documentos/culling_games/install/cg_interfaces/include/cg_interfaces/cg_interfaces/msg/detail
[0.369s] -- Up-to-date: /home/inteli/Documentos/culling_games/install/cg_interfaces/include/cg_interfaces/cg_interfaces/msg/detail/robot_sensors__description.c
[0.369s] -- Up-to-date: /home/inteli/Documentos/culling_games/install/cg_interfaces/include/cg_interfaces/cg_interfaces/msg/detail/robot_sensors__functions.h
[0.369s] -- Up-to-date: /home/inteli/Documentos/culling_games/install/cg_interfaces/include/cg_interfaces/cg_interfaces/msg/detail/robot_sensors__struct.h
[0.369s] -- Up-to-date: /home/inteli/Documentos/culling_games/install/cg_interfaces/include/cg_interfaces/cg_interfaces/msg/detail/robot_sensors__functions.c
[0.369s] -- Up-to-date: /home/inteli/Documentos/culling_games/install/cg_interfaces/include/cg_interfaces/cg_interfaces/msg/detail/robot_sensors__type_support.h
[0.369s] -- Up-to-date: /home/inteli/Documentos/culling_games/install/cg_interfaces/include/cg_interfaces/cg_interfaces/msg/detail/robot_sensors__type_support.c
[0.369s] -- Up-to-date: /home/inteli/Documentos/culling_games/install/cg_interfaces/include/cg_interfaces/cg_interfaces/msg/robot_sensors.h
[0.370s] -- Up-to-date: /home/inteli/Documentos/culling_games/install/cg_interfaces/share/cg_interfaces/environment/library_path.sh
[0.370s] -- Up-to-date: /home/inteli/Documentos/culling_games/install/cg_interfaces/share/cg_interfaces/environment/library_path.dsv
[0.370s] -- Up-to-date: /home/inteli/Documentos/culling_games/install/cg_interfaces/lib/libcg_interfaces__rosidl_generator_c.so
[0.370s] -- Up-to-date: /home/inteli/Documentos/culling_games/install/cg_interfaces/include/cg_interfaces/cg_interfaces
[0.370s] -- Up-to-date: /home/inteli/Documentos/culling_games/install/cg_interfaces/include/cg_interfaces/cg_interfaces/srv
[0.370s] -- Up-to-date: /home/inteli/Documentos/culling_games/install/cg_interfaces/include/cg_interfaces/cg_interfaces/srv/detail
[0.370s] -- Up-to-date: /home/inteli/Documentos/culling_games/install/cg_interfaces/include/cg_interfaces/cg_interfaces/srv/detail/move_cmd__rosidl_typesupport_fastrtps_c.h
[0.370s] -- Up-to-date: /home/inteli/Documentos/culling_games/install/cg_interfaces/include/cg_interfaces/cg_interfaces/srv/detail/reset__rosidl_typesupport_fastrtps_c.h
[0.370s] -- Up-to-date: /home/inteli/Documentos/culling_games/install/cg_interfaces/include/cg_interfaces/cg_interfaces/srv/detail/get_map__rosidl_typesupport_fastrtps_c.h
[0.370s] -- Up-to-date: /home/inteli/Documentos/culling_games/install/cg_interfaces/include/cg_interfaces/cg_interfaces/msg
[0.370s] -- Up-to-date: /home/inteli/Documentos/culling_games/install/cg_interfaces/include/cg_interfaces/cg_interfaces/msg/rosidl_typesupport_fastrtps_c__visibility_control.h
[0.371s] -- Up-to-date: /home/inteli/Documentos/culling_games/install/cg_interfaces/include/cg_interfaces/cg_interfaces/msg/detail
[0.371s] -- Up-to-date: /home/inteli/Documentos/culling_games/install/cg_interfaces/include/cg_interfaces/cg_interfaces/msg/detail/robot_sensors__rosidl_typesupport_fastrtps_c.h
[0.371s] -- Up-to-date: /home/inteli/Documentos/culling_games/install/cg_interfaces/lib/libcg_interfaces__rosidl_typesupport_fastrtps_c.so
[0.371s] -- Up-to-date: /home/inteli/Documentos/culling_games/install/cg_interfaces/include/cg_interfaces/cg_interfaces
[0.371s] -- Up-to-date: /home/inteli/Documentos/culling_games/install/cg_interfaces/include/cg_interfaces/cg_interfaces/srv
[0.371s] -- Up-to-date: /home/inteli/Documentos/culling_games/install/cg_interfaces/include/cg_interfaces/cg_interfaces/srv/detail
[0.371s] -- Up-to-date: /home/inteli/Documentos/culling_games/install/cg_interfaces/include/cg_interfaces/cg_interfaces/srv/detail/move_cmd__type_support.c
[0.371s] -- Up-to-date: /home/inteli/Documentos/culling_games/install/cg_interfaces/include/cg_interfaces/cg_interfaces/srv/detail/get_map__rosidl_typesupport_introspection_c.h
[0.371s] -- Up-to-date: /home/inteli/Documentos/culling_games/install/cg_interfaces/include/cg_interfaces/cg_interfaces/srv/detail/move_cmd__rosidl_typesupport_introspection_c.h
[0.371s] -- Up-to-date: /home/inteli/Documentos/culling_games/install/cg_interfaces/include/cg_interfaces/cg_interfaces/srv/detail/reset__rosidl_typesupport_introspection_c.h
[0.372s] -- Up-to-date: /home/inteli/Documentos/culling_games/install/cg_interfaces/include/cg_interfaces/cg_interfaces/srv/detail/get_map__type_support.c
[0.372s] -- Up-to-date: /home/inteli/Documentos/culling_games/install/cg_interfaces/include/cg_interfaces/cg_interfaces/srv/detail/reset__type_support.c
[0.372s] -- Up-to-date: /home/inteli/Documentos/culling_games/install/cg_interfaces/include/cg_interfaces/cg_interfaces/msg
[0.372s] -- Up-to-date: /home/inteli/Documentos/culling_games/install/cg_interfaces/include/cg_interfaces/cg_interfaces/msg/detail
[0.372s] -- Up-to-date: /home/inteli/Documentos/culling_games/install/cg_interfaces/include/cg_interfaces/cg_interfaces/msg/detail/robot_sensors__rosidl_typesupport_introspection_c.h
[0.372s] -- Up-to-date: /home/inteli/Documentos/culling_games/install/cg_interfaces/include/cg_interfaces/cg_interfaces/msg/detail/robot_sensors__type_support.c
[0.372s] -- Up-to-date: /home/inteli/Documentos/culling_games/install/cg_interfaces/include/cg_interfaces/cg_interfaces/msg/rosidl_typesupport_introspection_c__visibility_control.h
[0.372s] -- Up-to-date: /home/inteli/Documentos/culling_games/install/cg_interfaces/lib/libcg_interfaces__rosidl_typesupport_introspection_c.so
[0.372s] -- Up-to-date: /home/inteli/Documentos/culling_games/install/cg_interfaces/lib/libcg_interfaces__rosidl_typesupport_c.so
[0.372s] -- Up-to-date: /home/inteli/Documentos/culling_games/install/cg_interfaces/include/cg_interfaces/cg_interfaces
[0.372s] -- Up-to-date: /home/inteli/Documentos/culling_games/install/cg_interfaces/include/cg_interfaces/cg_interfaces/srv
[0.373s] -- Up-to-date: /home/inteli/Documentos/culling_games/install/cg_interfaces/include/cg_interfaces/cg_interfaces/srv/reset.hpp
[0.373s] -- Up-to-date: /home/inteli/Documentos/culling_games/install/cg_interfaces/include/cg_interfaces/cg_interfaces/srv/get_map.hpp
[0.373s] -- Up-to-date: /home/inteli/Documentos/culling_games/install/cg_interfaces/include/cg_interfaces/cg_interfaces/srv/detail
[0.373s] -- Up-to-date: /home/inteli/Documentos/culling_games/install/cg_interfaces/include/cg_interfaces/cg_interfaces/srv/detail/move_cmd__type_support.hpp
[0.373s] -- Up-to-date: /home/inteli/Documentos/culling_games/install/cg_interfaces/include/cg_interfaces/cg_interfaces/srv/detail/move_cmd__builder.hpp
[0.373s] -- Up-to-date: /home/inteli/Documentos/culling_games/install/cg_interfaces/include/cg_interfaces/cg_interfaces/srv/detail/get_map__builder.hpp
[0.373s] -- Up-to-date: /home/inteli/Documentos/culling_games/install/cg_interfaces/include/cg_interfaces/cg_interfaces/srv/detail/get_map__struct.hpp
[0.373s] -- Up-to-date: /home/inteli/Documentos/culling_games/install/cg_interfaces/include/cg_interfaces/cg_interfaces/srv/detail/reset__struct.hpp
[0.373s] -- Up-to-date: /home/inteli/Documentos/culling_games/install/cg_interfaces/include/cg_interfaces/cg_interfaces/srv/detail/move_cmd__struct.hpp
[0.373s] -- Up-to-date: /home/inteli/Documentos/culling_games/install/cg_interfaces/include/cg_interfaces/cg_interfaces/srv/detail/reset__builder.hpp
[0.373s] -- Up-to-date: /home/inteli/Documentos/culling_games/install/cg_interfaces/include/cg_interfaces/cg_interfaces/srv/detail/move_cmd__traits.hpp
[0.374s] -- Up-to-date: /home/inteli/Documentos/culling_games/install/cg_interfaces/include/cg_interfaces/cg_interfaces/srv/detail/get_map__traits.hpp
[0.374s] -- Up-to-date: /home/inteli/Documentos/culling_games/install/cg_interfaces/include/cg_interfaces/cg_interfaces/srv/detail/reset__traits.hpp
[0.374s] -- Up-to-date: /home/inteli/Documentos/culling_games/install/cg_interfaces/include/cg_interfaces/cg_interfaces/srv/detail/reset__type_support.hpp
[0.374s] -- Up-to-date: /home/inteli/Documentos/culling_games/install/cg_interfaces/include/cg_interfaces/cg_interfaces/srv/detail/get_map__type_support.hpp
[0.374s] -- Up-to-date: /home/inteli/Documentos/culling_games/install/cg_interfaces/include/cg_interfaces/cg_interfaces/srv/move_cmd.hpp
[0.374s] -- Up-to-date: /home/inteli/Documentos/culling_games/install/cg_interfaces/include/cg_interfaces/cg_interfaces/msg
[0.374s] -- Up-to-date: /home/inteli/Documentos/culling_games/install/cg_interfaces/include/cg_interfaces/cg_interfaces/msg/rosidl_generator_cpp__visibility_control.hpp
[0.374s] -- Up-to-date: /home/inteli/Documentos/culling_games/install/cg_interfaces/include/cg_interfaces/cg_interfaces/msg/robot_sensors.hpp
[0.374s] -- Up-to-date: /home/inteli/Documentos/culling_games/install/cg_interfaces/include/cg_interfaces/cg_interfaces/msg/detail
[0.374s] -- Up-to-date: /home/inteli/Documentos/culling_games/install/cg_interfaces/include/cg_interfaces/cg_interfaces/msg/detail/robot_sensors__traits.hpp
[0.374s] -- Up-to-date: /home/inteli/Documentos/culling_games/install/cg_interfaces/include/cg_interfaces/cg_interfaces/msg/detail/robot_sensors__builder.hpp
[0.375s] -- Up-to-date: /home/inteli/Documentos/culling_games/install/cg_interfaces/include/cg_interfaces/cg_interfaces/msg/detail/robot_sensors__type_support.hpp
[0.375s] -- Up-to-date: /home/inteli/Documentos/culling_games/install/cg_interfaces/include/cg_interfaces/cg_interfaces/msg/detail/robot_sensors__struct.hpp
[0.375s] -- Up-to-date: /home/inteli/Documentos/culling_games/install/cg_interfaces/include/cg_interfaces/cg_interfaces
[0.375s] -- Up-to-date: /home/inteli/Documentos/culling_games/install/cg_interfaces/include/cg_interfaces/cg_interfaces/srv
[0.375s] -- Up-to-date: /home/inteli/Documentos/culling_games/install/cg_interfaces/include/cg_interfaces/cg_interfaces/srv/detail
[0.375s] -- Up-to-date: /home/inteli/Documentos/culling_games/install/cg_interfaces/include/cg_interfaces/cg_interfaces/srv/detail/move_cmd__rosidl_typesupport_fastrtps_cpp.hpp
[0.375s] -- Up-to-date: /home/inteli/Documentos/culling_games/install/cg_interfaces/include/cg_interfaces/cg_interfaces/srv/detail/dds_fastrtps
[0.375s] -- Up-to-date: /home/inteli/Documentos/culling_games/install/cg_interfaces/include/cg_interfaces/cg_interfaces/srv/detail/get_map__rosidl_typesupport_fastrtps_cpp.hpp
[0.375s] -- Up-to-date: /home/inteli/Documentos/culling_games/install/cg_interfaces/include/cg_interfaces/cg_interfaces/srv/detail/reset__rosidl_typesupport_fastrtps_cpp.hpp
[0.375s] -- Up-to-date: /home/inteli/Documentos/culling_games/install/cg_interfaces/include/cg_interfaces/cg_interfaces/msg
[0.375s] -- Up-to-date: /home/inteli/Documentos/culling_games/install/cg_interfaces/include/cg_interfaces/cg_interfaces/msg/detail
[0.375s] -- Up-to-date: /home/inteli/Documentos/culling_games/install/cg_interfaces/include/cg_interfaces/cg_interfaces/msg/detail/dds_fastrtps
[0.376s] -- Up-to-date: /home/inteli/Documentos/culling_games/install/cg_interfaces/include/cg_interfaces/cg_interfaces/msg/detail/robot_sensors__rosidl_typesupport_fastrtps_cpp.hpp
[0.376s] -- Up-to-date: /home/inteli/Documentos/culling_games/install/cg_interfaces/include/cg_interfaces/cg_interfaces/msg/rosidl_typesupport_fastrtps_cpp__visibility_control.h
[0.376s] -- Up-to-date: /home/inteli/Documentos/culling_games/install/cg_interfaces/lib/libcg_interfaces__rosidl_typesupport_fastrtps_cpp.so
[0.376s] -- Up-to-date: /home/inteli/Documentos/culling_games/install/cg_interfaces/include/cg_interfaces/cg_interfaces
[0.376s] -- Up-to-date: /home/inteli/Documentos/culling_games/install/cg_interfaces/include/cg_interfaces/cg_interfaces/srv
[0.376s] -- Up-to-date: /home/inteli/Documentos/culling_games/install/cg_interfaces/include/cg_interfaces/cg_interfaces/srv/detail
[0.376s] -- Up-to-date: /home/inteli/Documentos/culling_games/install/cg_interfaces/include/cg_interfaces/cg_interfaces/srv/detail/move_cmd__rosidl_typesupport_introspection_cpp.hpp
[0.376s] -- Up-to-date: /home/inteli/Documentos/culling_games/install/cg_interfaces/include/cg_interfaces/cg_interfaces/srv/detail/move_cmd__type_support.cpp
[0.376s] -- Up-to-date: /home/inteli/Documentos/culling_games/install/cg_interfaces/include/cg_interfaces/cg_interfaces/srv/detail/get_map__rosidl_typesupport_introspection_cpp.hpp
[0.376s] -- Up-to-date: /home/inteli/Documentos/culling_games/install/cg_interfaces/include/cg_interfaces/cg_interfaces/srv/detail/get_map__type_support.cpp
[0.376s] -- Up-to-date: /home/inteli/Documentos/culling_games/install/cg_interfaces/include/cg_interfaces/cg_interfaces/srv/detail/reset__rosidl_typesupport_introspection_cpp.hpp
[0.377s] -- Up-to-date: /home/inteli/Documentos/culling_games/install/cg_interfaces/include/cg_interfaces/cg_interfaces/srv/detail/reset__type_support.cpp
[0.377s] -- Up-to-date: /home/inteli/Documentos/culling_games/install/cg_interfaces/include/cg_interfaces/cg_interfaces/msg
[0.377s] -- Up-to-date: /home/inteli/Documentos/culling_games/install/cg_interfaces/include/cg_interfaces/cg_interfaces/msg/detail
[0.377s] -- Up-to-date: /home/inteli/Documentos/culling_games/install/cg_interfaces/include/cg_interfaces/cg_interfaces/msg/detail/robot_sensors__rosidl_typesupport_introspection_cpp.hpp
[0.377s] -- Up-to-date: /home/inteli/Documentos/culling_games/install/cg_interfaces/include/cg_interfaces/cg_interfaces/msg/detail/robot_sensors__type_support.cpp
[0.377s] -- Up-to-date: /home/inteli/Documentos/culling_games/install/cg_interfaces/lib/libcg_interfaces__rosidl_typesupport_introspection_cpp.so
[0.377s] -- Up-to-date: /home/inteli/Documentos/culling_games/install/cg_interfaces/lib/libcg_interfaces__rosidl_typesupport_cpp.so
[0.377s] -- Up-to-date: /home/inteli/Documentos/culling_games/install/cg_interfaces/share/cg_interfaces/environment/pythonpath.sh
[0.377s] -- Up-to-date: /home/inteli/Documentos/culling_games/install/cg_interfaces/share/cg_interfaces/environment/pythonpath.dsv
[0.377s] -- Up-to-date: /home/inteli/Documentos/culling_games/install/cg_interfaces/lib/python3.12/site-packages/cg_interfaces-0.0.0-py3.12.egg-info
[0.377s] -- Installing: /home/inteli/Documentos/culling_games/install/cg_interfaces/lib/python3.12/site-packages/cg_interfaces-0.0.0-py3.12.egg-info/top_level.txt
[0.378s] -- Installing: /home/inteli/Documentos/culling_games/install/cg_interfaces/lib/python3.12/site-packages/cg_interfaces-0.0.0-py3.12.egg-info/SOURCES.txt
[0.378s] -- Installing: /home/inteli/Documentos/culling_games/install/cg_interfaces/lib/python3.12/site-packages/cg_interfaces-0.0.0-py3.12.egg-info/PKG-INFO
[0.378s] -- Installing: /home/inteli/Documentos/culling_games/install/cg_interfaces/lib/python3.12/site-packages/cg_interfaces-0.0.0-py3.12.egg-info/dependency_links.txt
[0.378s] -- Up-to-date: /home/inteli/Documentos/culling_games/install/cg_interfaces/lib/python3.12/site-packages/cg_interfaces
[0.378s] -- Up-to-date: /home/inteli/Documentos/culling_games/install/cg_interfaces/lib/python3.12/site-packages/cg_interfaces/cg_interfaces_s__rosidl_typesupport_c.so
[0.378s] -- Up-to-date: /home/inteli/Documentos/culling_games/install/cg_interfaces/lib/python3.12/site-packages/cg_interfaces/cg_interfaces_s__rosidl_typesupport_fastrtps_c.so
[0.378s] -- Up-to-date: /home/inteli/Documentos/culling_games/install/cg_interfaces/lib/python3.12/site-packages/cg_interfaces/__init__.py
[0.378s] -- Up-to-date: /home/inteli/Documentos/culling_games/install/cg_interfaces/lib/python3.12/site-packages/cg_interfaces/cg_interfaces_s__rosidl_typesupport_introspection_c.so
[0.378s] -- Up-to-date: /home/inteli/Documentos/culling_games/install/cg_interfaces/lib/python3.12/site-packages/cg_interfaces/_cg_interfaces_s.ep.rosidl_typesupport_introspection_c.c
[0.378s] -- Up-to-date: /home/inteli/Documentos/culling_games/install/cg_interfaces/lib/python3.12/site-packages/cg_interfaces/_cg_interfaces_s.ep.rosidl_typesupport_c.c
[0.378s] -- Up-to-date: /home/inteli/Documentos/culling_games/install/cg_interfaces/lib/python3.12/site-packages/cg_interfaces/_cg_interfaces_s.ep.rosidl_typesupport_fastrtps_c.c
[0.379s] -- Up-to-date: /home/inteli/Documentos/culling_games/install/cg_interfaces/lib/python3.12/site-packages/cg_interfaces/srv
[0.379s] -- Up-to-date: /home/inteli/Documentos/culling_games/install/cg_interfaces/lib/python3.12/site-packages/cg_interfaces/srv/_get_map.py
[0.379s] -- Up-to-date: /home/inteli/Documentos/culling_games/install/cg_interfaces/lib/python3.12/site-packages/cg_interfaces/srv/__init__.py
[0.379s] -- Up-to-date: /home/inteli/Documentos/culling_games/install/cg_interfaces/lib/python3.12/site-packages/cg_interfaces/srv/_move_cmd.py
[0.379s] -- Up-to-date: /home/inteli/Documentos/culling_games/install/cg_interfaces/lib/python3.12/site-packages/cg_interfaces/srv/_get_map_s.c
[0.379s] -- Up-to-date: /home/inteli/Documentos/culling_games/install/cg_interfaces/lib/python3.12/site-packages/cg_interfaces/srv/_reset_s.c
[0.379s] -- Up-to-date: /home/inteli/Documentos/culling_games/install/cg_interfaces/lib/python3.12/site-packages/cg_interfaces/srv/_reset.py
[0.379s] -- Up-to-date: /home/inteli/Documentos/culling_games/install/cg_interfaces/lib/python3.12/site-packages/cg_interfaces/srv/_move_cmd_s.c
[0.379s] -- Up-to-date: /home/inteli/Documentos/culling_games/install/cg_interfaces/lib/python3.12/site-packages/cg_interfaces/msg
[0.379s] -- Up-to-date: /home/inteli/Documentos/culling_games/install/cg_interfaces/lib/python3.12/site-packages/cg_interfaces/msg/__init__.py
[0.379s] -- Up-to-date: /home/inteli/Documentos/culling_games/install/cg_interfaces/lib/python3.12/site-packages/cg_interfaces/msg/_robot_sensors_s.c
[0.380s] -- Up-to-date: /home/inteli/Documentos/culling_games/install/cg_interfaces/lib/python3.12/site-packages/cg_interfaces/msg/_robot_sensors.py
[0.394s] Listing '/home/inteli/Documentos/culling_games/install/cg_interfaces/lib/python3.12/site-packages/cg_interfaces'...
[0.394s] Listing '/home/inteli/Documentos/culling_games/install/cg_interfaces/lib/python3.12/site-packages/cg_interfaces/msg'...
[0.394s] Listing '/home/inteli/Documentos/culling_games/install/cg_interfaces/lib/python3.12/site-packages/cg_interfaces/srv'...
[0.399s] -- Up-to-date: /home/inteli/Documentos/culling_games/install/cg_interfaces/lib/python3.12/site-packages/cg_interfaces/cg_interfaces_s__rosidl_typesupport_fastrtps_c.so
[0.399s] -- Up-to-date: /home/inteli/Documentos/culling_games/install/cg_interfaces/lib/python3.12/site-packages/cg_interfaces/cg_interfaces_s__rosidl_typesupport_introspection_c.so
[0.399s] -- Up-to-date: /home/inteli/Documentos/culling_games/install/cg_interfaces/lib/python3.12/site-packages/cg_interfaces/cg_interfaces_s__rosidl_typesupport_c.so
[0.400s] -- Up-to-date: /home/inteli/Documentos/culling_games/install/cg_interfaces/lib/libcg_interfaces__rosidl_generator_py.so
[0.400s] -- Up-to-date: /home/inteli/Documentos/culling_games/install/cg_interfaces/share/cg_interfaces/srv/MoveCmd.idl
[0.400s] -- Up-to-date: /home/inteli/Documentos/culling_games/install/cg_interfaces/share/cg_interfaces/srv/GetMap.idl
[0.400s] -- Up-to-date: /home/inteli/Documentos/culling_games/install/cg_interfaces/share/cg_interfaces/msg/RobotSensors.idl
[0.400s] -- Up-to-date: /home/inteli/Documentos/culling_games/install/cg_interfaces/share/cg_interfaces/srv/Reset.idl
[0.400s] -- Up-to-date: /home/inteli/Documentos/culling_games/install/cg_interfaces/share/cg_interfaces/srv/MoveCmd.srv
[0.400s] -- Up-to-date: /home/inteli/Documentos/culling_games/install/cg_interfaces/share/cg_interfaces/srv/GetMap.srv
[0.400s] -- Up-to-date: /home/inteli/Documentos/culling_games/install/cg_interfaces/share/cg_interfaces/msg/RobotSensors.msg
[0.401s] -- Up-to-date: /home/inteli/Documentos/culling_games/install/cg_interfaces/share/cg_interfaces/srv/Reset.srv
[0.401s] -- Up-to-date: /home/inteli/Documentos/culling_games/install/cg_interfaces/share/ament_index/resource_index/package_run_dependencies/cg_interfaces
[0.401s] -- Up-to-date: /home/inteli/Documentos/culling_games/install/cg_interfaces/share/ament_index/resource_index/parent_prefix_path/cg_interfaces
[0.401s] -- Up-to-date: /home/inteli/Documentos/culling_games/install/cg_interfaces/share/cg_interfaces/environment/ament_prefix_path.sh
[0.401s] -- Up-to-date: /home/inteli/Documentos/culling_games/install/cg_interfaces/share/cg_interfaces/environment/ament_prefix_path.dsv
[0.401s] -- Up-to-date: /home/inteli/Documentos/culling_games/install/cg_interfaces/share/cg_interfaces/environment/path.sh
[0.401s] -- Up-to-date: /home/inteli/Documentos/culling_games/install/cg_interfaces/share/cg_interfaces/environment/path.dsv
[0.401s] -- Up-to-date: /home/inteli/Documentos/culling_games/install/cg_interfaces/share/cg_interfaces/local_setup.bash
[0.401s] -- Up-to-date: /home/inteli/Documentos/culling_games/install/cg_interfaces/share/cg_interfaces/local_setup.sh
[0.401s] -- Up-to-date: /home/inteli/Documentos/culling_games/install/cg_interfaces/share/cg_interfaces/local_setup.zsh
[0.402s] -- Up-to-date: /home/inteli/Documentos/culling_games/install/cg_interfaces/share/cg_interfaces/local_setup.dsv
[0.402s] -- Installing: /home/inteli/Documentos/culling_games/install/cg_interfaces/share/cg_interfaces/package.dsv
[0.402s] -- Up-to-date: /home/inteli/Documentos/culling_games/install/cg_interfaces/share/ament_index/resource_index/packages/cg_interfaces
[0.402s] -- Up-to-date: /home/inteli/Documentos/culling_games/install/cg_interfaces/share/cg_interfaces/cmake/export_cg_interfaces__rosidl_generator_cExport.cmake
[0.402s] -- Up-to-date: /home/inteli/Documentos/culling_games/install/cg_interfaces/share/cg_interfaces/cmake/export_cg_interfaces__rosidl_generator_cExport-noconfig.cmake
[0.402s] -- Up-to-date: /home/inteli/Documentos/culling_games/install/cg_interfaces/share/cg_interfaces/cmake/export_cg_interfaces__rosidl_typesupport_fastrtps_cExport.cmake
[0.402s] -- Up-to-date: /home/inteli/Documentos/culling_games/install/cg_interfaces/share/cg_interfaces/cmake/export_cg_interfaces__rosidl_typesupport_fastrtps_cExport-noconfig.cmake
[0.402s] -- Up-to-date: /home/inteli/Documentos/culling_games/install/cg_interfaces/share/cg_interfaces/cmake/cg_interfaces__rosidl_typesupport_introspection_cExport.cmake
[0.402s] -- Up-to-date: /home/inteli/Documentos/culling_games/install/cg_interfaces/share/cg_interfaces/cmake/cg_interfaces__rosidl_typesupport_introspection_cExport-noconfig.cmake
[0.403s] -- Up-to-date: /home/inteli/Documentos/culling_games/install/cg_interfaces/share/cg_interfaces/cmake/cg_interfaces__rosidl_typesupport_cExport.cmake
[0.403s] -- Up-to-date: /home/inteli/Documentos/culling_games/install/cg_interfaces/share/cg_interfaces/cmake/cg_interfaces__rosidl_typesupport_cExport-noconfig.cmake
[0.403s] -- Up-to-date: /home/inteli/Documentos/culling_games/install/cg_interfaces/share/cg_interfaces/cmake/export_cg_interfaces__rosidl_generator_cppExport.cmake
[0.403s] -- Up-to-date: /home/inteli/Documentos/culling_games/install/cg_interfaces/share/cg_interfaces/cmake/export_cg_interfaces__rosidl_typesupport_fastrtps_cppExport.cmake
[0.403s] -- Up-to-date: /home/inteli/Documentos/culling_games/install/cg_interfaces/share/cg_interfaces/cmake/export_cg_interfaces__rosidl_typesupport_fastrtps_cppExport-noconfig.cmake
[0.403s] -- Up-to-date: /home/inteli/Documentos/culling_games/install/cg_interfaces/share/cg_interfaces/cmake/cg_interfaces__rosidl_typesupport_introspection_cppExport.cmake
[0.403s] -- Up-to-date: /home/inteli/Documentos/culling_games/install/cg_interfaces/share/cg_interfaces/cmake/cg_interfaces__rosidl_typesupport_introspection_cppExport-noconfig.cmake
[0.403s] -- Up-to-date: /home/inteli/Documentos/culling_games/install/cg_interfaces/share/cg_interfaces/cmake/cg_interfaces__rosidl_typesupport_cppExport.cmake
[0.403s] -- Up-to-date: /home/inteli/Documentos/culling_games/install/cg_interfaces/share/cg_interfaces/cmake/cg_interfaces__rosidl_typesupport_cppExport-noconfig.cmake
[0.403s] -- Up-to-date: /home/inteli/Documentos/culling_games/install/cg_interfaces/share/cg_interfaces/cmake/export_cg_interfaces__rosidl_generator_pyExport.cmake
[0.404s] -- Up-to-date: /home/inteli/Documentos/culling_games/install/cg_interfaces/share/cg_interfaces/cmake/export_cg_interfaces__rosidl_generator_pyExport-noconfig.cmake
[0.404s] -- Up-to-date: /home/inteli/Documentos/culling_games/install/cg_interfaces/share/cg_interfaces/cmake/rosidl_cmake-extras.cmake
[0.404s] -- Up-to-date: /home/inteli/Documentos/culling_games/install/cg_interfaces/share/cg_interfaces/cmake/ament_cmake_export_dependencies-extras.cmake
[0.404s] -- Up-to-date: /home/inteli/Documentos/culling_games/install/cg_interfaces/share/cg_interfaces/cmake/ament_cmake_export_include_directories-extras.cmake
[0.404s] -- Up-to-date: /home/inteli/Documentos/culling_games/install/cg_interfaces/share/cg_interfaces/cmake/ament_cmake_export_libraries-extras.cmake
[0.404s] -- Up-to-date: /home/inteli/Documentos/culling_games/install/cg_interfaces/share/cg_interfaces/cmake/ament_cmake_export_targets-extras.cmake
[0.404s] -- Up-to-date: /home/inteli/Documentos/culling_games/install/cg_interfaces/share/cg_interfaces/cmake/rosidl_cmake_export_typesupport_targets-extras.cmake
[0.405s] -- Up-to-date: /home/inteli/Documentos/culling_games/install/cg_interfaces/share/cg_interfaces/cmake/rosidl_cmake_export_typesupport_libraries-extras.cmake
[0.405s] -- Up-to-date: /home/inteli/Documentos/culling_games/install/cg_interfaces/share/cg_interfaces/cmake/cg_interfacesConfig.cmake
[0.405s] -- Up-to-date: /home/inteli/Documentos/culling_games/install/cg_interfaces/share/cg_interfaces/cmake/cg_interfacesConfig-version.cmake
[0.405s] -- Up-to-date: /home/inteli/Documentos/culling_games/install/cg_interfaces/share/cg_interfaces/package.xml
[0.406s] Invoked command in '/home/inteli/Documentos/culling_games/build/cg_interfaces' returned '0': CMAKE_PREFIX_PATH=${CMAKE_PREFIX_PATH}:/opt/ros/jazzy DEBUGINFOD_URLS=https://debuginfod.ubuntu.com /usr/bin/cmake --install /home/inteli/Documentos/culling_games/build/cg_interfaces
